{"/Users/geoffreyfernald/driftv2/packages/drift-napi-contracts/src/interface.ts": {"path":"/Users/geoffreyfernald/driftv2/packages/drift-napi-contracts/src/interface.ts","all":false,"statementMap":{"226":{"start":{"line":227,"column":0},"end":{"line":227,"column":42}},"229":{"start":{"line":230,"column":0},"end":{"line":230,"column":72}},"231":{"start":{"line":232,"column":0},"end":{"line":232,"column":20}},"232":{"start":{"line":233,"column":0},"end":{"line":233,"column":18}},"233":{"start":{"line":234,"column":0},"end":{"line":234,"column":23}},"235":{"start":{"line":236,"column":0},"end":{"line":236,"column":14}},"236":{"start":{"line":237,"column":0},"end":{"line":237,"column":26}},"237":{"start":{"line":238,"column":0},"end":{"line":238,"column":20}},"239":{"start":{"line":240,"column":0},"end":{"line":240,"column":18}},"240":{"start":{"line":241,"column":0},"end":{"line":241,"column":21}},"241":{"start":{"line":242,"column":0},"end":{"line":242,"column":21}},"243":{"start":{"line":244,"column":0},"end":{"line":244,"column":19}},"244":{"start":{"line":245,"column":0},"end":{"line":245,"column":21}},"245":{"start":{"line":246,"column":0},"end":{"line":246,"column":19}},"246":{"start":{"line":247,"column":0},"end":{"line":247,"column":22}},"248":{"start":{"line":249,"column":0},"end":{"line":249,"column":23}},"249":{"start":{"line":250,"column":0},"end":{"line":250,"column":25}},"250":{"start":{"line":251,"column":0},"end":{"line":251,"column":25}},"251":{"start":{"line":252,"column":0},"end":{"line":252,"column":26}},"252":{"start":{"line":253,"column":0},"end":{"line":253,"column":24}},"254":{"start":{"line":255,"column":0},"end":{"line":255,"column":28}},"255":{"start":{"line":256,"column":0},"end":{"line":256,"column":34}},"256":{"start":{"line":257,"column":0},"end":{"line":257,"column":28}},"257":{"start":{"line":258,"column":0},"end":{"line":258,"column":29}},"258":{"start":{"line":259,"column":0},"end":{"line":259,"column":28}},"259":{"start":{"line":260,"column":0},"end":{"line":260,"column":23}},"260":{"start":{"line":261,"column":0},"end":{"line":261,"column":25}},"261":{"start":{"line":262,"column":0},"end":{"line":262,"column":26}},"262":{"start":{"line":263,"column":0},"end":{"line":263,"column":24}},"264":{"start":{"line":265,"column":0},"end":{"line":265,"column":16}},"265":{"start":{"line":266,"column":0},"end":{"line":266,"column":16}},"266":{"start":{"line":267,"column":0},"end":{"line":267,"column":21}},"267":{"start":{"line":268,"column":0},"end":{"line":268,"column":16}},"269":{"start":{"line":270,"column":0},"end":{"line":270,"column":28}},"270":{"start":{"line":271,"column":0},"end":{"line":271,"column":24}},"271":{"start":{"line":272,"column":0},"end":{"line":272,"column":29}},"273":{"start":{"line":274,"column":0},"end":{"line":274,"column":19}},"274":{"start":{"line":275,"column":0},"end":{"line":275,"column":20}},"275":{"start":{"line":276,"column":0},"end":{"line":276,"column":18}},"276":{"start":{"line":277,"column":0},"end":{"line":277,"column":24}},"277":{"start":{"line":278,"column":0},"end":{"line":278,"column":11}}},"s":{"226":1,"229":1,"231":1,"232":1,"233":1,"235":1,"236":1,"237":1,"239":1,"240":1,"241":1,"243":1,"244":1,"245":1,"246":1,"248":1,"249":1,"250":1,"251":1,"252":1,"254":1,"255":1,"256":1,"257":1,"258":1,"259":1,"260":1,"261":1,"262":1,"264":1,"265":1,"266":1,"267":1,"269":1,"270":1,"271":1,"273":1,"274":1,"275":1,"276":1,"277":1},"branchMap":{},"b":{},"fnMap":{},"f":{}}
,"/Users/geoffreyfernald/driftv2/packages/drift-napi-contracts/src/loader.ts": {"path":"/Users/geoffreyfernald/driftv2/packages/drift-napi-contracts/src/loader.ts","all":false,"statementMap":{"9":{"start":{"line":10,"column":0},"end":{"line":10,"column":57}},"10":{"start":{"line":11,"column":0},"end":{"line":11,"column":43}},"13":{"start":{"line":14,"column":0},"end":{"line":14,"column":42}},"14":{"start":{"line":15,"column":0},"end":{"line":15,"column":45}},"16":{"start":{"line":17,"column":0},"end":{"line":17,"column":43}},"17":{"start":{"line":18,"column":0},"end":{"line":18,"column":10}},"18":{"start":{"line":19,"column":0},"end":{"line":19,"column":111}},"19":{"start":{"line":20,"column":0},"end":{"line":20,"column":6}},"20":{"start":{"line":21,"column":0},"end":{"line":21,"column":32}},"21":{"start":{"line":22,"column":0},"end":{"line":22,"column":45}},"22":{"start":{"line":23,"column":0},"end":{"line":23,"column":3}},"23":{"start":{"line":24,"column":0},"end":{"line":24,"column":1}},"26":{"start":{"line":27,"column":0},"end":{"line":27,"column":38}},"29":{"start":{"line":30,"column":0},"end":{"line":30,"column":27}},"41":{"start":{"line":42,"column":0},"end":{"line":42,"column":39}},"42":{"start":{"line":43,"column":0},"end":{"line":43,"column":26}},"43":{"start":{"line":44,"column":0},"end":{"line":44,"column":20}},"44":{"start":{"line":45,"column":0},"end":{"line":45,"column":3}},"46":{"start":{"line":47,"column":0},"end":{"line":47,"column":7}},"49":{"start":{"line":50,"column":0},"end":{"line":50,"column":68}},"50":{"start":{"line":51,"column":0},"end":{"line":51,"column":31}},"51":{"start":{"line":52,"column":0},"end":{"line":52,"column":46}},"52":{"start":{"line":53,"column":0},"end":{"line":53,"column":11}},"54":{"start":{"line":55,"column":0},"end":{"line":55,"column":32}},"55":{"start":{"line":56,"column":0},"end":{"line":56,"column":3}},"57":{"start":{"line":58,"column":0},"end":{"line":58,"column":18}},"58":{"start":{"line":59,"column":0},"end":{"line":59,"column":1}},"65":{"start":{"line":66,"column":0},"end":{"line":66,"column":48}},"66":{"start":{"line":67,"column":0},"end":{"line":67,"column":82}},"67":{"start":{"line":68,"column":0},"end":{"line":68,"column":27}},"68":{"start":{"line":69,"column":0},"end":{"line":69,"column":37}},"69":{"start":{"line":70,"column":0},"end":{"line":70,"column":3}},"70":{"start":{"line":71,"column":0},"end":{"line":71,"column":18}},"71":{"start":{"line":72,"column":0},"end":{"line":72,"column":24}},"72":{"start":{"line":73,"column":0},"end":{"line":73,"column":1}},"78":{"start":{"line":79,"column":0},"end":{"line":79,"column":35}},"79":{"start":{"line":80,"column":0},"end":{"line":80,"column":18}},"80":{"start":{"line":81,"column":0},"end":{"line":81,"column":25}},"81":{"start":{"line":82,"column":0},"end":{"line":82,"column":1}},"86":{"start":{"line":87,"column":0},"end":{"line":87,"column":45}},"87":{"start":{"line":88,"column":0},"end":{"line":88,"column":24}},"88":{"start":{"line":89,"column":0},"end":{"line":89,"column":1}},"94":{"start":{"line":95,"column":0},"end":{"line":95,"column":65}},"95":{"start":{"line":96,"column":0},"end":{"line":96,"column":43}},"96":{"start":{"line":97,"column":0},"end":{"line":97,"column":27}},"97":{"start":{"line":98,"column":0},"end":{"line":98,"column":37}},"98":{"start":{"line":99,"column":0},"end":{"line":99,"column":3}},"99":{"start":{"line":100,"column":0},"end":{"line":100,"column":1}},"104":{"start":{"line":105,"column":0},"end":{"line":105,"column":70}},"105":{"start":{"line":106,"column":0},"end":{"line":106,"column":31}},"106":{"start":{"line":107,"column":0},"end":{"line":107,"column":47}},"107":{"start":{"line":108,"column":0},"end":{"line":108,"column":42}},"108":{"start":{"line":109,"column":0},"end":{"line":109,"column":25}},"109":{"start":{"line":110,"column":0},"end":{"line":110,"column":5}},"110":{"start":{"line":111,"column":0},"end":{"line":111,"column":3}},"111":{"start":{"line":112,"column":0},"end":{"line":112,"column":17}},"112":{"start":{"line":113,"column":0},"end":{"line":113,"column":1}}},"s":{"9":1,"10":1,"13":1,"14":1,"16":1,"17":2,"18":2,"19":2,"20":2,"21":2,"22":2,"23":1,"26":1,"29":1,"41":1,"42":20,"43":15,"44":15,"46":5,"49":5,"50":5,"51":5,"52":5,"54":5,"55":5,"57":5,"58":5,"65":1,"66":3,"67":3,"68":2,"69":2,"70":1,"71":1,"72":1,"78":1,"79":7,"80":7,"81":7,"86":1,"87":0,"88":0,"94":0,"95":0,"96":0,"97":0,"98":0,"99":0,"104":3,"105":3,"106":3,"107":114,"108":72,"109":72,"110":114,"111":3,"112":3},"branchMap":{"0":{"type":"branch","line":15,"loc":{"start":{"line":15,"column":18},"end":{"line":15,"column":45}},"locations":[{"start":{"line":15,"column":18},"end":{"line":15,"column":45}}]},"1":{"type":"branch","line":17,"loc":{"start":{"line":17,"column":2},"end":{"line":23,"column":3}},"locations":[{"start":{"line":17,"column":2},"end":{"line":23,"column":3}}]},"2":{"type":"branch","line":42,"loc":{"start":{"line":42,"column":7},"end":{"line":59,"column":1}},"locations":[{"start":{"line":42,"column":7},"end":{"line":59,"column":1}}]},"3":{"type":"branch","line":43,"loc":{"start":{"line":43,"column":25},"end":{"line":45,"column":3}},"locations":[{"start":{"line":43,"column":25},"end":{"line":45,"column":3}}]},"4":{"type":"branch","line":45,"loc":{"start":{"line":45,"column":2},"end":{"line":59,"column":1}},"locations":[{"start":{"line":45,"column":2},"end":{"line":59,"column":1}}]},"5":{"type":"branch","line":66,"loc":{"start":{"line":66,"column":7},"end":{"line":73,"column":1}},"locations":[{"start":{"line":66,"column":7},"end":{"line":73,"column":1}}]},"6":{"type":"branch","line":68,"loc":{"start":{"line":68,"column":26},"end":{"line":70,"column":3}},"locations":[{"start":{"line":68,"column":26},"end":{"line":70,"column":3}}]},"7":{"type":"branch","line":70,"loc":{"start":{"line":70,"column":2},"end":{"line":73,"column":1}},"locations":[{"start":{"line":70,"column":2},"end":{"line":73,"column":1}}]},"8":{"type":"branch","line":79,"loc":{"start":{"line":79,"column":7},"end":{"line":82,"column":1}},"locations":[{"start":{"line":79,"column":7},"end":{"line":82,"column":1}}]},"9":{"type":"branch","line":105,"loc":{"start":{"line":105,"column":0},"end":{"line":113,"column":1}},"locations":[{"start":{"line":105,"column":0},"end":{"line":113,"column":1}}]},"10":{"type":"branch","line":107,"loc":{"start":{"line":107,"column":46},"end":{"line":111,"column":3}},"locations":[{"start":{"line":107,"column":46},"end":{"line":111,"column":3}}]},"11":{"type":"branch","line":108,"loc":{"start":{"line":108,"column":41},"end":{"line":110,"column":5}},"locations":[{"start":{"line":108,"column":41},"end":{"line":110,"column":5}}]}},"b":{"0":[2],"1":[2],"2":[20],"3":[15],"4":[5],"5":[3],"6":[2],"7":[1],"8":[7],"9":[3],"10":[114],"11":[72]},"fnMap":{"0":{"name":"<instance_members_initializer>","decl":{"start":{"line":15,"column":18},"end":{"line":15,"column":45}},"loc":{"start":{"line":15,"column":18},"end":{"line":15,"column":45}},"line":15},"1":{"name":"NapiLoadError","decl":{"start":{"line":17,"column":2},"end":{"line":23,"column":3}},"loc":{"start":{"line":17,"column":2},"end":{"line":23,"column":3}},"line":17},"2":{"name":"loadNapi","decl":{"start":{"line":42,"column":7},"end":{"line":59,"column":1}},"loc":{"start":{"line":42,"column":7},"end":{"line":59,"column":1}},"line":42},"3":{"name":"setNapi","decl":{"start":{"line":66,"column":7},"end":{"line":73,"column":1}},"loc":{"start":{"line":66,"column":7},"end":{"line":73,"column":1}},"line":66},"4":{"name":"resetNapi","decl":{"start":{"line":79,"column":7},"end":{"line":82,"column":1}},"loc":{"start":{"line":79,"column":7},"end":{"line":82,"column":1}},"line":79},"5":{"name":"isNapiOverridden","decl":{"start":{"line":87,"column":7},"end":{"line":89,"column":1}},"loc":{"start":{"line":87,"column":7},"end":{"line":89,"column":1}},"line":87},"6":{"name":"validateNapiModule","decl":{"start":{"line":95,"column":0},"end":{"line":100,"column":1}},"loc":{"start":{"line":95,"column":0},"end":{"line":100,"column":1}},"line":95},"7":{"name":"getMissingFunctions","decl":{"start":{"line":105,"column":0},"end":{"line":113,"column":1}},"loc":{"start":{"line":105,"column":0},"end":{"line":113,"column":1}},"line":105}},"f":{"0":2,"1":2,"2":20,"3":3,"4":7,"5":0,"6":0,"7":3}}
,"/Users/geoffreyfernald/driftv2/packages/drift-napi-contracts/src/stub.ts": {"path":"/Users/geoffreyfernald/driftv2/packages/drift-napi-contracts/src/stub.ts","all":false,"statementMap":{"50":{"start":{"line":51,"column":0},"end":{"line":51,"column":45}},"51":{"start":{"line":52,"column":0},"end":{"line":52,"column":10}},"53":{"start":{"line":54,"column":0},"end":{"line":54,"column":20}},"54":{"start":{"line":55,"column":0},"end":{"line":55,"column":23}},"55":{"start":{"line":56,"column":0},"end":{"line":56,"column":28}},"56":{"start":{"line":57,"column":0},"end":{"line":57,"column":27}},"57":{"start":{"line":58,"column":0},"end":{"line":58,"column":13}},"59":{"start":{"line":60,"column":0},"end":{"line":60,"column":6}},"61":{"start":{"line":62,"column":0},"end":{"line":62,"column":27}},"63":{"start":{"line":64,"column":0},"end":{"line":64,"column":6}},"65":{"start":{"line":66,"column":0},"end":{"line":66,"column":35}},"66":{"start":{"line":67,"column":0},"end":{"line":67,"column":19}},"67":{"start":{"line":68,"column":0},"end":{"line":68,"column":6}},"70":{"start":{"line":71,"column":0},"end":{"line":71,"column":20}},"71":{"start":{"line":72,"column":0},"end":{"line":72,"column":20}},"72":{"start":{"line":73,"column":0},"end":{"line":73,"column":29}},"73":{"start":{"line":74,"column":0},"end":{"line":74,"column":29}},"74":{"start":{"line":75,"column":0},"end":{"line":75,"column":14}},"75":{"start":{"line":76,"column":0},"end":{"line":76,"column":22}},"76":{"start":{"line":77,"column":0},"end":{"line":77,"column":22}},"77":{"start":{"line":78,"column":0},"end":{"line":78,"column":25}},"78":{"start":{"line":79,"column":0},"end":{"line":79,"column":24}},"79":{"start":{"line":80,"column":0},"end":{"line":80,"column":26}},"80":{"start":{"line":81,"column":0},"end":{"line":81,"column":23}},"81":{"start":{"line":82,"column":0},"end":{"line":82,"column":22}},"82":{"start":{"line":83,"column":0},"end":{"line":83,"column":27}},"83":{"start":{"line":84,"column":0},"end":{"line":84,"column":22}},"84":{"start":{"line":85,"column":0},"end":{"line":85,"column":8}},"85":{"start":{"line":86,"column":0},"end":{"line":86,"column":6}},"87":{"start":{"line":88,"column":0},"end":{"line":88,"column":32}},"88":{"start":{"line":89,"column":0},"end":{"line":89,"column":20}},"89":{"start":{"line":90,"column":0},"end":{"line":90,"column":40}},"90":{"start":{"line":91,"column":0},"end":{"line":91,"column":36}},"91":{"start":{"line":92,"column":0},"end":{"line":92,"column":29}},"92":{"start":{"line":93,"column":0},"end":{"line":93,"column":14}},"93":{"start":{"line":94,"column":0},"end":{"line":94,"column":22}},"94":{"start":{"line":95,"column":0},"end":{"line":95,"column":22}},"95":{"start":{"line":96,"column":0},"end":{"line":96,"column":25}},"96":{"start":{"line":97,"column":0},"end":{"line":97,"column":24}},"97":{"start":{"line":98,"column":0},"end":{"line":98,"column":26}},"98":{"start":{"line":99,"column":0},"end":{"line":99,"column":23}},"99":{"start":{"line":100,"column":0},"end":{"line":100,"column":22}},"100":{"start":{"line":101,"column":0},"end":{"line":101,"column":27}},"101":{"start":{"line":102,"column":0},"end":{"line":102,"column":22}},"102":{"start":{"line":103,"column":0},"end":{"line":103,"column":8}},"103":{"start":{"line":104,"column":0},"end":{"line":104,"column":6}},"105":{"start":{"line":106,"column":0},"end":{"line":106,"column":29}},"107":{"start":{"line":108,"column":0},"end":{"line":108,"column":6}},"110":{"start":{"line":111,"column":0},"end":{"line":111,"column":56}},"111":{"start":{"line":112,"column":0},"end":{"line":112,"column":16}},"112":{"start":{"line":113,"column":0},"end":{"line":113,"column":6}},"114":{"start":{"line":115,"column":0},"end":{"line":115,"column":58}},"115":{"start":{"line":116,"column":0},"end":{"line":116,"column":14}},"116":{"start":{"line":117,"column":0},"end":{"line":117,"column":26}},"117":{"start":{"line":118,"column":0},"end":{"line":118,"column":22}},"118":{"start":{"line":119,"column":0},"end":{"line":119,"column":23}},"119":{"start":{"line":120,"column":0},"end":{"line":120,"column":26}},"120":{"start":{"line":121,"column":0},"end":{"line":121,"column":27}},"121":{"start":{"line":122,"column":0},"end":{"line":122,"column":8}},"122":{"start":{"line":123,"column":0},"end":{"line":123,"column":6}},"124":{"start":{"line":125,"column":0},"end":{"line":125,"column":57}},"125":{"start":{"line":126,"column":0},"end":{"line":126,"column":14}},"126":{"start":{"line":127,"column":0},"end":{"line":127,"column":19}},"127":{"start":{"line":128,"column":0},"end":{"line":128,"column":28}},"128":{"start":{"line":129,"column":0},"end":{"line":129,"column":31}},"129":{"start":{"line":130,"column":0},"end":{"line":130,"column":8}},"130":{"start":{"line":131,"column":0},"end":{"line":131,"column":6}},"133":{"start":{"line":134,"column":0},"end":{"line":134,"column":19}},"134":{"start":{"line":135,"column":0},"end":{"line":135,"column":25}},"135":{"start":{"line":136,"column":0},"end":{"line":136,"column":24}},"136":{"start":{"line":137,"column":0},"end":{"line":137,"column":22}},"137":{"start":{"line":138,"column":0},"end":{"line":138,"column":23}},"138":{"start":{"line":139,"column":0},"end":{"line":139,"column":64}},"139":{"start":{"line":140,"column":0},"end":{"line":140,"column":6}},"141":{"start":{"line":142,"column":0},"end":{"line":142,"column":21}},"142":{"start":{"line":143,"column":0},"end":{"line":143,"column":21}},"143":{"start":{"line":144,"column":0},"end":{"line":144,"column":24}},"144":{"start":{"line":145,"column":0},"end":{"line":145,"column":22}},"145":{"start":{"line":146,"column":0},"end":{"line":146,"column":25}},"146":{"start":{"line":147,"column":0},"end":{"line":147,"column":62}},"147":{"start":{"line":148,"column":0},"end":{"line":148,"column":6}},"149":{"start":{"line":150,"column":0},"end":{"line":150,"column":19}},"150":{"start":{"line":151,"column":0},"end":{"line":151,"column":26}},"151":{"start":{"line":152,"column":0},"end":{"line":152,"column":24}},"152":{"start":{"line":153,"column":0},"end":{"line":153,"column":22}},"153":{"start":{"line":154,"column":0},"end":{"line":154,"column":22}},"154":{"start":{"line":155,"column":0},"end":{"line":155,"column":64}},"155":{"start":{"line":156,"column":0},"end":{"line":156,"column":6}},"157":{"start":{"line":158,"column":0},"end":{"line":158,"column":22}},"158":{"start":{"line":159,"column":0},"end":{"line":159,"column":25}},"159":{"start":{"line":160,"column":0},"end":{"line":160,"column":24}},"160":{"start":{"line":161,"column":0},"end":{"line":161,"column":22}},"161":{"start":{"line":162,"column":0},"end":{"line":162,"column":25}},"162":{"start":{"line":163,"column":0},"end":{"line":163,"column":67}},"163":{"start":{"line":164,"column":0},"end":{"line":164,"column":6}},"166":{"start":{"line":167,"column":0},"end":{"line":167,"column":23}},"167":{"start":{"line":168,"column":0},"end":{"line":168,"column":26}},"168":{"start":{"line":169,"column":0},"end":{"line":169,"column":25}},"169":{"start":{"line":170,"column":0},"end":{"line":170,"column":29}},"170":{"start":{"line":171,"column":0},"end":{"line":171,"column":14}},"171":{"start":{"line":172,"column":0},"end":{"line":172,"column":28}},"172":{"start":{"line":173,"column":0},"end":{"line":173,"column":26}},"173":{"start":{"line":174,"column":0},"end":{"line":174,"column":27}},"174":{"start":{"line":175,"column":0},"end":{"line":175,"column":20}},"175":{"start":{"line":176,"column":0},"end":{"line":176,"column":27}},"176":{"start":{"line":177,"column":0},"end":{"line":177,"column":8}},"177":{"start":{"line":178,"column":0},"end":{"line":178,"column":6}},"179":{"start":{"line":180,"column":0},"end":{"line":180,"column":56}},"180":{"start":{"line":181,"column":0},"end":{"line":181,"column":14}},"181":{"start":{"line":182,"column":0},"end":{"line":182,"column":18}},"182":{"start":{"line":183,"column":0},"end":{"line":183,"column":30}},"183":{"start":{"line":184,"column":0},"end":{"line":184,"column":23}},"184":{"start":{"line":185,"column":0},"end":{"line":185,"column":21}},"185":{"start":{"line":186,"column":0},"end":{"line":186,"column":8}},"186":{"start":{"line":187,"column":0},"end":{"line":187,"column":6}},"188":{"start":{"line":189,"column":0},"end":{"line":189,"column":64}},"189":{"start":{"line":190,"column":0},"end":{"line":190,"column":14}},"190":{"start":{"line":191,"column":0},"end":{"line":191,"column":17}},"191":{"start":{"line":192,"column":0},"end":{"line":192,"column":24}},"192":{"start":{"line":193,"column":0},"end":{"line":193,"column":26}},"193":{"start":{"line":194,"column":0},"end":{"line":194,"column":8}},"194":{"start":{"line":195,"column":0},"end":{"line":195,"column":6}},"196":{"start":{"line":197,"column":0},"end":{"line":197,"column":58}},"197":{"start":{"line":198,"column":0},"end":{"line":198,"column":14}},"198":{"start":{"line":199,"column":0},"end":{"line":199,"column":23}},"199":{"start":{"line":200,"column":0},"end":{"line":200,"column":21}},"200":{"start":{"line":201,"column":0},"end":{"line":201,"column":8}},"201":{"start":{"line":202,"column":0},"end":{"line":202,"column":6}},"203":{"start":{"line":204,"column":0},"end":{"line":204,"column":62}},"204":{"start":{"line":205,"column":0},"end":{"line":205,"column":14}},"205":{"start":{"line":206,"column":0},"end":{"line":206,"column":18}},"206":{"start":{"line":207,"column":0},"end":{"line":207,"column":29}},"207":{"start":{"line":208,"column":0},"end":{"line":208,"column":27}},"208":{"start":{"line":209,"column":0},"end":{"line":209,"column":30}},"209":{"start":{"line":210,"column":0},"end":{"line":210,"column":23}},"210":{"start":{"line":211,"column":0},"end":{"line":211,"column":23}},"211":{"start":{"line":212,"column":0},"end":{"line":212,"column":23}},"212":{"start":{"line":213,"column":0},"end":{"line":213,"column":23}},"213":{"start":{"line":214,"column":0},"end":{"line":214,"column":21}},"214":{"start":{"line":215,"column":0},"end":{"line":215,"column":24}},"215":{"start":{"line":216,"column":0},"end":{"line":216,"column":10}},"216":{"start":{"line":217,"column":0},"end":{"line":217,"column":21}},"217":{"start":{"line":218,"column":0},"end":{"line":218,"column":23}},"218":{"start":{"line":219,"column":0},"end":{"line":219,"column":27}},"219":{"start":{"line":220,"column":0},"end":{"line":220,"column":30}},"220":{"start":{"line":221,"column":0},"end":{"line":221,"column":8}},"221":{"start":{"line":222,"column":0},"end":{"line":222,"column":6}},"224":{"start":{"line":225,"column":0},"end":{"line":225,"column":62}},"225":{"start":{"line":226,"column":0},"end":{"line":226,"column":57}},"226":{"start":{"line":227,"column":0},"end":{"line":227,"column":6}},"228":{"start":{"line":229,"column":0},"end":{"line":229,"column":70}},"229":{"start":{"line":230,"column":0},"end":{"line":230,"column":14}},"230":{"start":{"line":231,"column":0},"end":{"line":231,"column":28}},"231":{"start":{"line":232,"column":0},"end":{"line":232,"column":19}},"232":{"start":{"line":233,"column":0},"end":{"line":233,"column":19}},"233":{"start":{"line":234,"column":0},"end":{"line":234,"column":23}},"234":{"start":{"line":235,"column":0},"end":{"line":235,"column":8}},"235":{"start":{"line":236,"column":0},"end":{"line":236,"column":6}},"237":{"start":{"line":238,"column":0},"end":{"line":238,"column":62}},"238":{"start":{"line":239,"column":0},"end":{"line":239,"column":14}},"239":{"start":{"line":240,"column":0},"end":{"line":240,"column":22}},"240":{"start":{"line":241,"column":0},"end":{"line":241,"column":23}},"241":{"start":{"line":242,"column":0},"end":{"line":242,"column":25}},"242":{"start":{"line":243,"column":0},"end":{"line":243,"column":26}},"243":{"start":{"line":244,"column":0},"end":{"line":244,"column":8}},"244":{"start":{"line":245,"column":0},"end":{"line":245,"column":6}},"246":{"start":{"line":247,"column":0},"end":{"line":247,"column":64}},"247":{"start":{"line":248,"column":0},"end":{"line":248,"column":14}},"248":{"start":{"line":249,"column":0},"end":{"line":249,"column":25}},"249":{"start":{"line":250,"column":0},"end":{"line":250,"column":20}},"250":{"start":{"line":251,"column":0},"end":{"line":251,"column":25}},"251":{"start":{"line":252,"column":0},"end":{"line":252,"column":27}},"252":{"start":{"line":253,"column":0},"end":{"line":253,"column":29}},"253":{"start":{"line":254,"column":0},"end":{"line":254,"column":8}},"254":{"start":{"line":255,"column":0},"end":{"line":255,"column":6}},"256":{"start":{"line":257,"column":0},"end":{"line":257,"column":61}},"257":{"start":{"line":258,"column":0},"end":{"line":258,"column":14}},"258":{"start":{"line":259,"column":0},"end":{"line":259,"column":21}},"259":{"start":{"line":260,"column":0},"end":{"line":260,"column":17}},"260":{"start":{"line":261,"column":0},"end":{"line":261,"column":25}},"261":{"start":{"line":262,"column":0},"end":{"line":262,"column":22}},"262":{"start":{"line":263,"column":0},"end":{"line":263,"column":30}},"263":{"start":{"line":264,"column":0},"end":{"line":264,"column":21}},"264":{"start":{"line":265,"column":0},"end":{"line":265,"column":10}},"265":{"start":{"line":266,"column":0},"end":{"line":266,"column":26}},"266":{"start":{"line":267,"column":0},"end":{"line":267,"column":25}},"267":{"start":{"line":268,"column":0},"end":{"line":268,"column":8}},"268":{"start":{"line":269,"column":0},"end":{"line":269,"column":6}},"270":{"start":{"line":271,"column":0},"end":{"line":271,"column":52}},"271":{"start":{"line":272,"column":0},"end":{"line":272,"column":14}},"272":{"start":{"line":273,"column":0},"end":{"line":273,"column":18}},"273":{"start":{"line":274,"column":0},"end":{"line":274,"column":22}},"274":{"start":{"line":275,"column":0},"end":{"line":275,"column":17}},"275":{"start":{"line":276,"column":0},"end":{"line":276,"column":21}},"276":{"start":{"line":277,"column":0},"end":{"line":277,"column":25}},"277":{"start":{"line":278,"column":0},"end":{"line":278,"column":24}},"278":{"start":{"line":279,"column":0},"end":{"line":279,"column":27}},"279":{"start":{"line":280,"column":0},"end":{"line":280,"column":22}},"280":{"start":{"line":281,"column":0},"end":{"line":281,"column":10}},"281":{"start":{"line":282,"column":0},"end":{"line":282,"column":28}},"282":{"start":{"line":283,"column":0},"end":{"line":283,"column":8}},"283":{"start":{"line":284,"column":0},"end":{"line":284,"column":6}},"285":{"start":{"line":286,"column":0},"end":{"line":286,"column":56}},"286":{"start":{"line":287,"column":0},"end":{"line":287,"column":14}},"287":{"start":{"line":288,"column":0},"end":{"line":288,"column":21}},"288":{"start":{"line":289,"column":0},"end":{"line":289,"column":21}},"289":{"start":{"line":290,"column":0},"end":{"line":290,"column":28}},"290":{"start":{"line":291,"column":0},"end":{"line":291,"column":27}},"291":{"start":{"line":292,"column":0},"end":{"line":292,"column":30}},"292":{"start":{"line":293,"column":0},"end":{"line":293,"column":27}},"293":{"start":{"line":294,"column":0},"end":{"line":294,"column":23}},"294":{"start":{"line":295,"column":0},"end":{"line":295,"column":25}},"295":{"start":{"line":296,"column":0},"end":{"line":296,"column":22}},"296":{"start":{"line":297,"column":0},"end":{"line":297,"column":10}},"297":{"start":{"line":298,"column":0},"end":{"line":298,"column":8}},"298":{"start":{"line":299,"column":0},"end":{"line":299,"column":6}},"300":{"start":{"line":301,"column":0},"end":{"line":301,"column":58}},"301":{"start":{"line":302,"column":0},"end":{"line":302,"column":14}},"302":{"start":{"line":303,"column":0},"end":{"line":303,"column":21}},"303":{"start":{"line":304,"column":0},"end":{"line":304,"column":17}},"304":{"start":{"line":305,"column":0},"end":{"line":305,"column":23}},"305":{"start":{"line":306,"column":0},"end":{"line":306,"column":27}},"306":{"start":{"line":307,"column":0},"end":{"line":307,"column":23}},"307":{"start":{"line":308,"column":0},"end":{"line":308,"column":25}},"308":{"start":{"line":309,"column":0},"end":{"line":309,"column":10}},"309":{"start":{"line":310,"column":0},"end":{"line":310,"column":8}},"310":{"start":{"line":311,"column":0},"end":{"line":311,"column":6}},"312":{"start":{"line":313,"column":0},"end":{"line":313,"column":63}},"313":{"start":{"line":314,"column":0},"end":{"line":314,"column":14}},"314":{"start":{"line":315,"column":0},"end":{"line":315,"column":20}},"315":{"start":{"line":316,"column":0},"end":{"line":316,"column":23}},"316":{"start":{"line":317,"column":0},"end":{"line":317,"column":22}},"317":{"start":{"line":318,"column":0},"end":{"line":318,"column":23}},"318":{"start":{"line":319,"column":0},"end":{"line":319,"column":23}},"319":{"start":{"line":320,"column":0},"end":{"line":320,"column":8}},"320":{"start":{"line":321,"column":0},"end":{"line":321,"column":6}},"323":{"start":{"line":324,"column":0},"end":{"line":324,"column":47}},"324":{"start":{"line":325,"column":0},"end":{"line":325,"column":14}},"325":{"start":{"line":326,"column":0},"end":{"line":326,"column":28}},"326":{"start":{"line":327,"column":0},"end":{"line":327,"column":27}},"327":{"start":{"line":328,"column":0},"end":{"line":328,"column":18}},"328":{"start":{"line":329,"column":0},"end":{"line":329,"column":20}},"329":{"start":{"line":330,"column":0},"end":{"line":330,"column":8}},"330":{"start":{"line":331,"column":0},"end":{"line":331,"column":6}},"332":{"start":{"line":333,"column":0},"end":{"line":333,"column":47}},"333":{"start":{"line":334,"column":0},"end":{"line":334,"column":14}},"334":{"start":{"line":335,"column":0},"end":{"line":335,"column":25}},"335":{"start":{"line":336,"column":0},"end":{"line":336,"column":20}},"336":{"start":{"line":337,"column":0},"end":{"line":337,"column":27}},"337":{"start":{"line":338,"column":0},"end":{"line":338,"column":27}},"338":{"start":{"line":339,"column":0},"end":{"line":339,"column":28}},"339":{"start":{"line":340,"column":0},"end":{"line":340,"column":33}},"340":{"start":{"line":341,"column":0},"end":{"line":341,"column":31}},"341":{"start":{"line":342,"column":0},"end":{"line":342,"column":10}},"342":{"start":{"line":343,"column":0},"end":{"line":343,"column":24}},"343":{"start":{"line":344,"column":0},"end":{"line":344,"column":30}},"344":{"start":{"line":345,"column":0},"end":{"line":345,"column":29}},"345":{"start":{"line":346,"column":0},"end":{"line":346,"column":28}},"346":{"start":{"line":347,"column":0},"end":{"line":347,"column":8}},"347":{"start":{"line":348,"column":0},"end":{"line":348,"column":6}},"349":{"start":{"line":350,"column":0},"end":{"line":350,"column":52}},"350":{"start":{"line":351,"column":0},"end":{"line":351,"column":16}},"351":{"start":{"line":352,"column":0},"end":{"line":352,"column":6}},"353":{"start":{"line":354,"column":0},"end":{"line":354,"column":48}},"354":{"start":{"line":355,"column":0},"end":{"line":355,"column":16}},"355":{"start":{"line":356,"column":0},"end":{"line":356,"column":6}},"358":{"start":{"line":359,"column":0},"end":{"line":359,"column":72}},"359":{"start":{"line":360,"column":0},"end":{"line":360,"column":69}},"360":{"start":{"line":361,"column":0},"end":{"line":361,"column":6}},"362":{"start":{"line":363,"column":0},"end":{"line":363,"column":65}},"363":{"start":{"line":364,"column":0},"end":{"line":364,"column":75}},"364":{"start":{"line":365,"column":0},"end":{"line":365,"column":6}},"366":{"start":{"line":367,"column":0},"end":{"line":367,"column":29}},"367":{"start":{"line":368,"column":0},"end":{"line":368,"column":27}},"368":{"start":{"line":369,"column":0},"end":{"line":369,"column":22}},"369":{"start":{"line":370,"column":0},"end":{"line":370,"column":25}},"370":{"start":{"line":371,"column":0},"end":{"line":371,"column":70}},"371":{"start":{"line":372,"column":0},"end":{"line":372,"column":6}},"374":{"start":{"line":375,"column":0},"end":{"line":375,"column":25}},"375":{"start":{"line":376,"column":0},"end":{"line":376,"column":28}},"376":{"start":{"line":377,"column":0},"end":{"line":377,"column":31}},"377":{"start":{"line":378,"column":0},"end":{"line":378,"column":27}},"378":{"start":{"line":379,"column":0},"end":{"line":379,"column":24}},"379":{"start":{"line":380,"column":0},"end":{"line":380,"column":29}},"380":{"start":{"line":381,"column":0},"end":{"line":381,"column":23}},"381":{"start":{"line":382,"column":0},"end":{"line":382,"column":36}},"382":{"start":{"line":383,"column":0},"end":{"line":383,"column":42}},"383":{"start":{"line":384,"column":0},"end":{"line":384,"column":9}},"384":{"start":{"line":385,"column":0},"end":{"line":385,"column":6}},"386":{"start":{"line":387,"column":0},"end":{"line":387,"column":63}},"387":{"start":{"line":388,"column":0},"end":{"line":388,"column":47}},"388":{"start":{"line":389,"column":0},"end":{"line":389,"column":6}},"390":{"start":{"line":391,"column":0},"end":{"line":391,"column":24}},"391":{"start":{"line":392,"column":0},"end":{"line":392,"column":22}},"392":{"start":{"line":393,"column":0},"end":{"line":393,"column":21}},"393":{"start":{"line":394,"column":0},"end":{"line":394,"column":24}},"394":{"start":{"line":395,"column":0},"end":{"line":395,"column":24}},"395":{"start":{"line":396,"column":0},"end":{"line":396,"column":29}},"396":{"start":{"line":397,"column":0},"end":{"line":397,"column":21}},"397":{"start":{"line":398,"column":0},"end":{"line":398,"column":22}},"398":{"start":{"line":399,"column":0},"end":{"line":399,"column":24}},"399":{"start":{"line":400,"column":0},"end":{"line":400,"column":22}},"400":{"start":{"line":401,"column":0},"end":{"line":401,"column":9}},"401":{"start":{"line":402,"column":0},"end":{"line":402,"column":6}},"403":{"start":{"line":404,"column":0},"end":{"line":404,"column":30}},"404":{"start":{"line":405,"column":0},"end":{"line":405,"column":26}},"405":{"start":{"line":406,"column":0},"end":{"line":406,"column":34}},"406":{"start":{"line":407,"column":0},"end":{"line":407,"column":24}},"407":{"start":{"line":408,"column":0},"end":{"line":408,"column":29}},"408":{"start":{"line":409,"column":0},"end":{"line":409,"column":23}},"409":{"start":{"line":410,"column":0},"end":{"line":410,"column":21}},"410":{"start":{"line":411,"column":0},"end":{"line":411,"column":27}},"411":{"start":{"line":412,"column":0},"end":{"line":412,"column":30}},"412":{"start":{"line":413,"column":0},"end":{"line":413,"column":9}},"413":{"start":{"line":414,"column":0},"end":{"line":414,"column":6}},"414":{"start":{"line":415,"column":0},"end":{"line":415,"column":4}},"415":{"start":{"line":416,"column":0},"end":{"line":416,"column":1}}},"s":{"50":1,"51":16,"53":16,"54":2,"55":2,"56":2,"57":2,"59":2,"61":16,"63":1,"65":16,"66":3,"67":3,"70":16,"71":1,"72":1,"73":1,"74":1,"75":1,"76":1,"77":1,"78":1,"79":1,"80":1,"81":1,"82":1,"83":1,"84":1,"85":1,"87":16,"88":1,"89":1,"90":1,"91":1,"92":1,"93":1,"94":1,"95":1,"96":1,"97":1,"98":1,"99":1,"100":1,"101":1,"102":1,"103":1,"105":16,"107":1,"110":16,"111":1,"112":1,"114":16,"115":1,"116":1,"117":1,"118":1,"119":1,"120":1,"121":1,"122":1,"124":16,"125":1,"126":1,"127":1,"128":1,"129":1,"130":1,"133":16,"134":3,"135":3,"136":3,"137":3,"138":3,"139":3,"141":16,"142":2,"143":2,"144":2,"145":2,"146":2,"147":2,"149":16,"150":2,"151":2,"152":2,"153":2,"154":2,"155":2,"157":16,"158":2,"159":2,"160":2,"161":2,"162":2,"163":2,"166":16,"167":2,"168":2,"169":2,"170":2,"171":2,"172":2,"173":2,"174":2,"175":2,"176":2,"177":2,"179":16,"180":1,"181":1,"182":1,"183":1,"184":1,"185":1,"186":1,"188":16,"189":1,"190":1,"191":1,"192":1,"193":1,"194":1,"196":16,"197":1,"198":1,"199":1,"200":1,"201":1,"203":16,"204":1,"205":1,"206":1,"207":1,"208":1,"209":1,"210":1,"211":1,"212":1,"213":1,"214":1,"215":1,"216":1,"217":1,"218":1,"219":1,"220":1,"221":1,"224":16,"225":3,"226":3,"228":16,"229":1,"230":1,"231":1,"232":1,"233":1,"234":1,"235":1,"237":16,"238":1,"239":1,"240":1,"241":1,"242":1,"243":1,"244":1,"246":16,"247":1,"248":1,"249":1,"250":1,"251":1,"252":1,"253":1,"254":1,"256":16,"257":1,"258":1,"259":1,"260":1,"261":1,"262":1,"263":1,"264":1,"265":1,"266":1,"267":1,"268":1,"270":16,"271":1,"272":1,"273":1,"274":1,"275":1,"276":1,"277":1,"278":1,"279":1,"280":1,"281":1,"282":1,"283":1,"285":16,"286":2,"287":2,"288":2,"289":2,"290":2,"291":2,"292":2,"293":2,"294":2,"295":2,"296":2,"297":2,"298":2,"300":16,"301":1,"302":1,"303":1,"304":1,"305":1,"306":1,"307":1,"308":1,"309":1,"310":1,"312":16,"313":1,"314":1,"315":1,"316":1,"317":1,"318":1,"319":1,"320":1,"323":16,"324":4,"325":4,"326":4,"327":4,"328":4,"329":4,"330":4,"332":16,"333":3,"334":3,"335":3,"336":3,"337":3,"338":3,"339":3,"340":3,"341":3,"342":3,"343":3,"344":3,"345":3,"346":3,"347":3,"349":16,"350":3,"351":3,"353":16,"354":2,"355":2,"358":16,"359":2,"360":2,"362":16,"363":1,"364":1,"366":16,"367":1,"368":1,"369":1,"370":1,"371":1,"374":16,"375":2,"376":2,"377":2,"378":2,"379":2,"380":2,"381":2,"382":2,"383":2,"384":2,"386":16,"387":2,"388":2,"390":16,"391":2,"392":2,"393":2,"394":2,"395":2,"396":2,"397":2,"398":2,"399":2,"400":2,"401":2,"403":16,"404":3,"405":3,"406":3,"407":3,"408":3,"409":3,"410":3,"411":3,"412":3,"413":3,"414":16,"415":16},"branchMap":{"0":{"type":"branch","line":51,"loc":{"start":{"line":51,"column":7},"end":{"line":416,"column":1}},"locations":[{"start":{"line":51,"column":7},"end":{"line":416,"column":1}}]},"1":{"type":"branch","line":54,"loc":{"start":{"line":54,"column":4},"end":{"line":60,"column":6}},"locations":[{"start":{"line":54,"column":4},"end":{"line":60,"column":6}}]},"2":{"type":"branch","line":62,"loc":{"start":{"line":62,"column":4},"end":{"line":64,"column":6}},"locations":[{"start":{"line":62,"column":4},"end":{"line":64,"column":6}}]},"3":{"type":"branch","line":66,"loc":{"start":{"line":66,"column":4},"end":{"line":68,"column":6}},"locations":[{"start":{"line":66,"column":4},"end":{"line":68,"column":6}}]},"4":{"type":"branch","line":71,"loc":{"start":{"line":71,"column":4},"end":{"line":86,"column":6}},"locations":[{"start":{"line":71,"column":4},"end":{"line":86,"column":6}}]},"5":{"type":"branch","line":88,"loc":{"start":{"line":88,"column":4},"end":{"line":104,"column":6}},"locations":[{"start":{"line":88,"column":4},"end":{"line":104,"column":6}}]},"6":{"type":"branch","line":106,"loc":{"start":{"line":106,"column":4},"end":{"line":108,"column":6}},"locations":[{"start":{"line":106,"column":4},"end":{"line":108,"column":6}}]},"7":{"type":"branch","line":111,"loc":{"start":{"line":111,"column":4},"end":{"line":113,"column":6}},"locations":[{"start":{"line":111,"column":4},"end":{"line":113,"column":6}}]},"8":{"type":"branch","line":115,"loc":{"start":{"line":115,"column":4},"end":{"line":123,"column":6}},"locations":[{"start":{"line":115,"column":4},"end":{"line":123,"column":6}}]},"9":{"type":"branch","line":125,"loc":{"start":{"line":125,"column":4},"end":{"line":131,"column":6}},"locations":[{"start":{"line":125,"column":4},"end":{"line":131,"column":6}}]},"10":{"type":"branch","line":134,"loc":{"start":{"line":134,"column":4},"end":{"line":140,"column":6}},"locations":[{"start":{"line":134,"column":4},"end":{"line":140,"column":6}}]},"11":{"type":"branch","line":142,"loc":{"start":{"line":142,"column":4},"end":{"line":148,"column":6}},"locations":[{"start":{"line":142,"column":4},"end":{"line":148,"column":6}}]},"12":{"type":"branch","line":150,"loc":{"start":{"line":150,"column":4},"end":{"line":156,"column":6}},"locations":[{"start":{"line":150,"column":4},"end":{"line":156,"column":6}}]},"13":{"type":"branch","line":158,"loc":{"start":{"line":158,"column":4},"end":{"line":164,"column":6}},"locations":[{"start":{"line":158,"column":4},"end":{"line":164,"column":6}}]},"14":{"type":"branch","line":167,"loc":{"start":{"line":167,"column":4},"end":{"line":178,"column":6}},"locations":[{"start":{"line":167,"column":4},"end":{"line":178,"column":6}}]},"15":{"type":"branch","line":180,"loc":{"start":{"line":180,"column":4},"end":{"line":187,"column":6}},"locations":[{"start":{"line":180,"column":4},"end":{"line":187,"column":6}}]},"16":{"type":"branch","line":189,"loc":{"start":{"line":189,"column":4},"end":{"line":195,"column":6}},"locations":[{"start":{"line":189,"column":4},"end":{"line":195,"column":6}}]},"17":{"type":"branch","line":197,"loc":{"start":{"line":197,"column":4},"end":{"line":202,"column":6}},"locations":[{"start":{"line":197,"column":4},"end":{"line":202,"column":6}}]},"18":{"type":"branch","line":204,"loc":{"start":{"line":204,"column":4},"end":{"line":222,"column":6}},"locations":[{"start":{"line":204,"column":4},"end":{"line":222,"column":6}}]},"19":{"type":"branch","line":225,"loc":{"start":{"line":225,"column":4},"end":{"line":227,"column":6}},"locations":[{"start":{"line":225,"column":4},"end":{"line":227,"column":6}}]},"20":{"type":"branch","line":229,"loc":{"start":{"line":229,"column":4},"end":{"line":236,"column":6}},"locations":[{"start":{"line":229,"column":4},"end":{"line":236,"column":6}}]},"21":{"type":"branch","line":238,"loc":{"start":{"line":238,"column":4},"end":{"line":245,"column":6}},"locations":[{"start":{"line":238,"column":4},"end":{"line":245,"column":6}}]},"22":{"type":"branch","line":247,"loc":{"start":{"line":247,"column":4},"end":{"line":255,"column":6}},"locations":[{"start":{"line":247,"column":4},"end":{"line":255,"column":6}}]},"23":{"type":"branch","line":257,"loc":{"start":{"line":257,"column":4},"end":{"line":269,"column":6}},"locations":[{"start":{"line":257,"column":4},"end":{"line":269,"column":6}}]},"24":{"type":"branch","line":271,"loc":{"start":{"line":271,"column":4},"end":{"line":284,"column":6}},"locations":[{"start":{"line":271,"column":4},"end":{"line":284,"column":6}}]},"25":{"type":"branch","line":286,"loc":{"start":{"line":286,"column":4},"end":{"line":299,"column":6}},"locations":[{"start":{"line":286,"column":4},"end":{"line":299,"column":6}}]},"26":{"type":"branch","line":301,"loc":{"start":{"line":301,"column":4},"end":{"line":311,"column":6}},"locations":[{"start":{"line":301,"column":4},"end":{"line":311,"column":6}}]},"27":{"type":"branch","line":313,"loc":{"start":{"line":313,"column":4},"end":{"line":321,"column":6}},"locations":[{"start":{"line":313,"column":4},"end":{"line":321,"column":6}}]},"28":{"type":"branch","line":324,"loc":{"start":{"line":324,"column":4},"end":{"line":331,"column":6}},"locations":[{"start":{"line":324,"column":4},"end":{"line":331,"column":6}}]},"29":{"type":"branch","line":333,"loc":{"start":{"line":333,"column":4},"end":{"line":348,"column":6}},"locations":[{"start":{"line":333,"column":4},"end":{"line":348,"column":6}}]},"30":{"type":"branch","line":350,"loc":{"start":{"line":350,"column":4},"end":{"line":352,"column":6}},"locations":[{"start":{"line":350,"column":4},"end":{"line":352,"column":6}}]},"31":{"type":"branch","line":354,"loc":{"start":{"line":354,"column":4},"end":{"line":356,"column":6}},"locations":[{"start":{"line":354,"column":4},"end":{"line":356,"column":6}}]},"32":{"type":"branch","line":359,"loc":{"start":{"line":359,"column":4},"end":{"line":361,"column":6}},"locations":[{"start":{"line":359,"column":4},"end":{"line":361,"column":6}}]},"33":{"type":"branch","line":363,"loc":{"start":{"line":363,"column":4},"end":{"line":365,"column":6}},"locations":[{"start":{"line":363,"column":4},"end":{"line":365,"column":6}}]},"34":{"type":"branch","line":367,"loc":{"start":{"line":367,"column":4},"end":{"line":372,"column":6}},"locations":[{"start":{"line":367,"column":4},"end":{"line":372,"column":6}}]},"35":{"type":"branch","line":375,"loc":{"start":{"line":375,"column":4},"end":{"line":385,"column":6}},"locations":[{"start":{"line":375,"column":4},"end":{"line":385,"column":6}}]},"36":{"type":"branch","line":387,"loc":{"start":{"line":387,"column":4},"end":{"line":389,"column":6}},"locations":[{"start":{"line":387,"column":4},"end":{"line":389,"column":6}}]},"37":{"type":"branch","line":391,"loc":{"start":{"line":391,"column":4},"end":{"line":402,"column":6}},"locations":[{"start":{"line":391,"column":4},"end":{"line":402,"column":6}}]},"38":{"type":"branch","line":404,"loc":{"start":{"line":404,"column":4},"end":{"line":414,"column":6}},"locations":[{"start":{"line":404,"column":4},"end":{"line":414,"column":6}}]}},"b":{"0":[16],"1":[2],"2":[1],"3":[3],"4":[1],"5":[1],"6":[1],"7":[1],"8":[1],"9":[1],"10":[3],"11":[2],"12":[2],"13":[2],"14":[2],"15":[1],"16":[1],"17":[1],"18":[1],"19":[3],"20":[1],"21":[1],"22":[1],"23":[1],"24":[1],"25":[2],"26":[1],"27":[1],"28":[4],"29":[3],"30":[3],"31":[2],"32":[2],"33":[1],"34":[1],"35":[2],"36":[2],"37":[2],"38":[3]},"fnMap":{"0":{"name":"createStubNapi","decl":{"start":{"line":51,"column":7},"end":{"line":416,"column":1}},"loc":{"start":{"line":51,"column":7},"end":{"line":416,"column":1}},"line":51},"1":{"name":"driftInitialize","decl":{"start":{"line":54,"column":4},"end":{"line":60,"column":6}},"loc":{"start":{"line":54,"column":4},"end":{"line":60,"column":6}},"line":54},"2":{"name":"driftShutdown","decl":{"start":{"line":62,"column":4},"end":{"line":64,"column":6}},"loc":{"start":{"line":62,"column":4},"end":{"line":64,"column":6}},"line":62},"3":{"name":"driftIsInitialized","decl":{"start":{"line":66,"column":4},"end":{"line":68,"column":6}},"loc":{"start":{"line":66,"column":4},"end":{"line":68,"column":6}},"line":66},"4":{"name":"driftScan","decl":{"start":{"line":71,"column":4},"end":{"line":86,"column":6}},"loc":{"start":{"line":71,"column":4},"end":{"line":86,"column":6}},"line":71},"5":{"name":"driftScanWithProgress","decl":{"start":{"line":88,"column":4},"end":{"line":104,"column":6}},"loc":{"start":{"line":88,"column":4},"end":{"line":104,"column":6}},"line":88},"6":{"name":"driftCancelScan","decl":{"start":{"line":106,"column":4},"end":{"line":108,"column":6}},"loc":{"start":{"line":106,"column":4},"end":{"line":108,"column":6}},"line":106},"7":{"name":"drift_analyze","decl":{"start":{"line":111,"column":4},"end":{"line":113,"column":6}},"loc":{"start":{"line":111,"column":4},"end":{"line":113,"column":6}},"line":111},"8":{"name":"drift_call_graph","decl":{"start":{"line":115,"column":4},"end":{"line":123,"column":6}},"loc":{"start":{"line":115,"column":4},"end":{"line":123,"column":6}},"line":115},"9":{"name":"drift_boundaries","decl":{"start":{"line":125,"column":4},"end":{"line":131,"column":6}},"loc":{"start":{"line":125,"column":4},"end":{"line":131,"column":6}},"line":125},"10":{"name":"drift_patterns","decl":{"start":{"line":134,"column":4},"end":{"line":140,"column":6}},"loc":{"start":{"line":134,"column":4},"end":{"line":140,"column":6}},"line":134},"11":{"name":"drift_confidence","decl":{"start":{"line":142,"column":4},"end":{"line":148,"column":6}},"loc":{"start":{"line":142,"column":4},"end":{"line":148,"column":6}},"line":142},"12":{"name":"drift_outliers","decl":{"start":{"line":150,"column":4},"end":{"line":156,"column":6}},"loc":{"start":{"line":150,"column":4},"end":{"line":156,"column":6}},"line":150},"13":{"name":"drift_conventions","decl":{"start":{"line":158,"column":4},"end":{"line":164,"column":6}},"loc":{"start":{"line":158,"column":4},"end":{"line":164,"column":6}},"line":158},"14":{"name":"drift_reachability","decl":{"start":{"line":167,"column":4},"end":{"line":178,"column":6}},"loc":{"start":{"line":167,"column":4},"end":{"line":178,"column":6}},"line":167},"15":{"name":"drift_taint_analysis","decl":{"start":{"line":180,"column":4},"end":{"line":187,"column":6}},"loc":{"start":{"line":180,"column":4},"end":{"line":187,"column":6}},"line":180},"16":{"name":"drift_error_handling","decl":{"start":{"line":189,"column":4},"end":{"line":195,"column":6}},"loc":{"start":{"line":189,"column":4},"end":{"line":195,"column":6}},"line":189},"17":{"name":"drift_impact_analysis","decl":{"start":{"line":197,"column":4},"end":{"line":202,"column":6}},"loc":{"start":{"line":197,"column":4},"end":{"line":202,"column":6}},"line":197},"18":{"name":"drift_test_topology","decl":{"start":{"line":204,"column":4},"end":{"line":222,"column":6}},"loc":{"start":{"line":204,"column":4},"end":{"line":222,"column":6}},"line":204},"19":{"name":"drift_coupling_analysis","decl":{"start":{"line":225,"column":4},"end":{"line":227,"column":6}},"loc":{"start":{"line":225,"column":4},"end":{"line":227,"column":6}},"line":225},"20":{"name":"drift_constraint_verification","decl":{"start":{"line":229,"column":4},"end":{"line":236,"column":6}},"loc":{"start":{"line":229,"column":4},"end":{"line":236,"column":6}},"line":229},"21":{"name":"drift_contract_tracking","decl":{"start":{"line":238,"column":4},"end":{"line":245,"column":6}},"loc":{"start":{"line":238,"column":4},"end":{"line":245,"column":6}},"line":238},"22":{"name":"drift_constants_analysis","decl":{"start":{"line":247,"column":4},"end":{"line":255,"column":6}},"loc":{"start":{"line":247,"column":4},"end":{"line":255,"column":6}},"line":247},"23":{"name":"drift_wrapper_detection","decl":{"start":{"line":257,"column":4},"end":{"line":269,"column":6}},"loc":{"start":{"line":257,"column":4},"end":{"line":269,"column":6}},"line":257},"24":{"name":"drift_dna_analysis","decl":{"start":{"line":271,"column":4},"end":{"line":284,"column":6}},"loc":{"start":{"line":271,"column":4},"end":{"line":284,"column":6}},"line":271},"25":{"name":"drift_owasp_analysis","decl":{"start":{"line":286,"column":4},"end":{"line":299,"column":6}},"loc":{"start":{"line":286,"column":4},"end":{"line":299,"column":6}},"line":286},"26":{"name":"drift_crypto_analysis","decl":{"start":{"line":301,"column":4},"end":{"line":311,"column":6}},"loc":{"start":{"line":301,"column":4},"end":{"line":311,"column":6}},"line":301},"27":{"name":"drift_decomposition","decl":{"start":{"line":313,"column":4},"end":{"line":321,"column":6}},"loc":{"start":{"line":313,"column":4},"end":{"line":321,"column":6}},"line":313},"28":{"name":"drift_check","decl":{"start":{"line":324,"column":4},"end":{"line":331,"column":6}},"loc":{"start":{"line":324,"column":4},"end":{"line":331,"column":6}},"line":324},"29":{"name":"drift_audit","decl":{"start":{"line":333,"column":4},"end":{"line":348,"column":6}},"loc":{"start":{"line":333,"column":4},"end":{"line":348,"column":6}},"line":333},"30":{"name":"drift_violations","decl":{"start":{"line":350,"column":4},"end":{"line":352,"column":6}},"loc":{"start":{"line":350,"column":4},"end":{"line":352,"column":6}},"line":350},"31":{"name":"drift_gates","decl":{"start":{"line":354,"column":4},"end":{"line":356,"column":6}},"loc":{"start":{"line":354,"column":4},"end":{"line":356,"column":6}},"line":354},"32":{"name":"drift_dismiss_violation","decl":{"start":{"line":359,"column":4},"end":{"line":361,"column":6}},"loc":{"start":{"line":359,"column":4},"end":{"line":361,"column":6}},"line":359},"33":{"name":"drift_fix_violation","decl":{"start":{"line":363,"column":4},"end":{"line":365,"column":6}},"loc":{"start":{"line":363,"column":4},"end":{"line":365,"column":6}},"line":363},"34":{"name":"drift_suppress_violation","decl":{"start":{"line":367,"column":4},"end":{"line":372,"column":6}},"loc":{"start":{"line":367,"column":4},"end":{"line":372,"column":6}},"line":367},"35":{"name":"drift_simulate","decl":{"start":{"line":375,"column":4},"end":{"line":385,"column":6}},"loc":{"start":{"line":375,"column":4},"end":{"line":385,"column":6}},"line":375},"36":{"name":"drift_decisions","decl":{"start":{"line":387,"column":4},"end":{"line":389,"column":6}},"loc":{"start":{"line":387,"column":4},"end":{"line":389,"column":6}},"line":387},"37":{"name":"drift_context","decl":{"start":{"line":391,"column":4},"end":{"line":402,"column":6}},"loc":{"start":{"line":391,"column":4},"end":{"line":402,"column":6}},"line":391},"38":{"name":"drift_generate_spec","decl":{"start":{"line":404,"column":4},"end":{"line":414,"column":6}},"loc":{"start":{"line":404,"column":4},"end":{"line":414,"column":6}},"line":404}},"f":{"0":16,"1":2,"2":1,"3":3,"4":1,"5":1,"6":1,"7":1,"8":1,"9":1,"10":3,"11":2,"12":2,"13":2,"14":2,"15":1,"16":1,"17":1,"18":1,"19":3,"20":1,"21":1,"22":1,"23":1,"24":1,"25":2,"26":1,"27":1,"28":4,"29":3,"30":3,"31":2,"32":2,"33":1,"34":1,"35":2,"36":2,"37":2,"38":3}}
,"/Users/geoffreyfernald/driftv2/packages/drift-napi-contracts/src/validation.ts": {"path":"/Users/geoffreyfernald/driftv2/packages/drift-napi-contracts/src/validation.ts","all":false,"statementMap":{"13":{"start":{"line":14,"column":0},"end":{"line":14,"column":48}},"15":{"start":{"line":16,"column":0},"end":{"line":16,"column":66}},"16":{"start":{"line":17,"column":0},"end":{"line":17,"column":40}},"17":{"start":{"line":18,"column":0},"end":{"line":18,"column":1}},"31":{"start":{"line":32,"column":0},"end":{"line":32,"column":83}},"32":{"start":{"line":33,"column":0},"end":{"line":33,"column":58}},"33":{"start":{"line":34,"column":0},"end":{"line":34,"column":42}},"34":{"start":{"line":35,"column":0},"end":{"line":35,"column":54}},"35":{"start":{"line":36,"column":0},"end":{"line":36,"column":5}},"36":{"start":{"line":37,"column":0},"end":{"line":37,"column":35}},"37":{"start":{"line":38,"column":0},"end":{"line":38,"column":55}},"38":{"start":{"line":39,"column":0},"end":{"line":39,"column":5}},"39":{"start":{"line":40,"column":0},"end":{"line":40,"column":3}},"40":{"start":{"line":41,"column":0},"end":{"line":41,"column":64}},"41":{"start":{"line":42,"column":0},"end":{"line":42,"column":45}},"42":{"start":{"line":43,"column":0},"end":{"line":43,"column":61}},"43":{"start":{"line":44,"column":0},"end":{"line":44,"column":5}},"44":{"start":{"line":45,"column":0},"end":{"line":45,"column":8}},"45":{"start":{"line":46,"column":0},"end":{"line":46,"column":49}},"46":{"start":{"line":47,"column":0},"end":{"line":47,"column":88}},"47":{"start":{"line":48,"column":0},"end":{"line":48,"column":7}},"48":{"start":{"line":49,"column":0},"end":{"line":49,"column":89}},"49":{"start":{"line":50,"column":0},"end":{"line":50,"column":5}},"50":{"start":{"line":51,"column":0},"end":{"line":51,"column":3}},"51":{"start":{"line":52,"column":0},"end":{"line":52,"column":15}},"52":{"start":{"line":53,"column":0},"end":{"line":53,"column":1}},"56":{"start":{"line":57,"column":0},"end":{"line":57,"column":23}},"57":{"start":{"line":58,"column":0},"end":{"line":58,"column":12}},"58":{"start":{"line":59,"column":0},"end":{"line":59,"column":16}},"59":{"start":{"line":60,"column":0},"end":{"line":60,"column":20}},"60":{"start":{"line":61,"column":0},"end":{"line":61,"column":15}},"61":{"start":{"line":62,"column":0},"end":{"line":62,"column":19}},"62":{"start":{"line":63,"column":0},"end":{"line":63,"column":18}},"63":{"start":{"line":64,"column":0},"end":{"line":64,"column":11}},"65":{"start":{"line":66,"column":0},"end":{"line":66,"column":63}},"73":{"start":{"line":74,"column":0},"end":{"line":74,"column":89}},"74":{"start":{"line":75,"column":0},"end":{"line":75,"column":62}},"75":{"start":{"line":76,"column":0},"end":{"line":76,"column":51}},"76":{"start":{"line":77,"column":0},"end":{"line":77,"column":3}},"77":{"start":{"line":78,"column":0},"end":{"line":78,"column":72}},"78":{"start":{"line":79,"column":0},"end":{"line":79,"column":66}},"79":{"start":{"line":80,"column":0},"end":{"line":80,"column":3}},"80":{"start":{"line":81,"column":0},"end":{"line":81,"column":79}},"81":{"start":{"line":82,"column":0},"end":{"line":82,"column":19}},"82":{"start":{"line":83,"column":0},"end":{"line":83,"column":15}},"83":{"start":{"line":84,"column":0},"end":{"line":84,"column":59}},"84":{"start":{"line":85,"column":0},"end":{"line":85,"column":6}},"85":{"start":{"line":86,"column":0},"end":{"line":86,"column":3}},"86":{"start":{"line":87,"column":0},"end":{"line":87,"column":60}},"87":{"start":{"line":88,"column":0},"end":{"line":88,"column":78}},"88":{"start":{"line":89,"column":0},"end":{"line":89,"column":21}},"89":{"start":{"line":90,"column":0},"end":{"line":90,"column":16}},"90":{"start":{"line":91,"column":0},"end":{"line":91,"column":59}},"91":{"start":{"line":92,"column":0},"end":{"line":92,"column":8}},"92":{"start":{"line":93,"column":0},"end":{"line":93,"column":5}},"93":{"start":{"line":94,"column":0},"end":{"line":94,"column":3}},"94":{"start":{"line":95,"column":0},"end":{"line":95,"column":15}},"95":{"start":{"line":96,"column":0},"end":{"line":96,"column":1}},"99":{"start":{"line":100,"column":0},"end":{"line":100,"column":26}},"100":{"start":{"line":101,"column":0},"end":{"line":101,"column":16}},"101":{"start":{"line":102,"column":0},"end":{"line":102,"column":12}},"102":{"start":{"line":103,"column":0},"end":{"line":103,"column":13}},"103":{"start":{"line":104,"column":0},"end":{"line":104,"column":22}},"104":{"start":{"line":105,"column":0},"end":{"line":105,"column":13}},"105":{"start":{"line":106,"column":0},"end":{"line":106,"column":17}},"106":{"start":{"line":107,"column":0},"end":{"line":107,"column":29}},"107":{"start":{"line":108,"column":0},"end":{"line":108,"column":22}},"108":{"start":{"line":109,"column":0},"end":{"line":109,"column":15}},"109":{"start":{"line":110,"column":0},"end":{"line":110,"column":23}},"110":{"start":{"line":111,"column":0},"end":{"line":111,"column":18}},"111":{"start":{"line":112,"column":0},"end":{"line":112,"column":18}},"112":{"start":{"line":113,"column":0},"end":{"line":113,"column":19}},"113":{"start":{"line":114,"column":0},"end":{"line":114,"column":11}},"121":{"start":{"line":122,"column":0},"end":{"line":122,"column":91}},"122":{"start":{"line":123,"column":0},"end":{"line":123,"column":66}},"123":{"start":{"line":124,"column":0},"end":{"line":124,"column":55}},"124":{"start":{"line":125,"column":0},"end":{"line":125,"column":3}},"125":{"start":{"line":126,"column":0},"end":{"line":126,"column":76}},"126":{"start":{"line":127,"column":0},"end":{"line":127,"column":70}},"127":{"start":{"line":128,"column":0},"end":{"line":128,"column":3}},"128":{"start":{"line":129,"column":0},"end":{"line":129,"column":87}},"129":{"start":{"line":130,"column":0},"end":{"line":130,"column":19}},"130":{"start":{"line":131,"column":0},"end":{"line":131,"column":17}},"131":{"start":{"line":132,"column":0},"end":{"line":132,"column":64}},"132":{"start":{"line":133,"column":0},"end":{"line":133,"column":6}},"133":{"start":{"line":134,"column":0},"end":{"line":134,"column":3}},"134":{"start":{"line":135,"column":0},"end":{"line":135,"column":72}},"135":{"start":{"line":136,"column":0},"end":{"line":136,"column":61}},"136":{"start":{"line":137,"column":0},"end":{"line":137,"column":3}},"137":{"start":{"line":138,"column":0},"end":{"line":138,"column":82}},"138":{"start":{"line":139,"column":0},"end":{"line":139,"column":76}},"139":{"start":{"line":140,"column":0},"end":{"line":140,"column":3}},"140":{"start":{"line":141,"column":0},"end":{"line":141,"column":15}},"141":{"start":{"line":142,"column":0},"end":{"line":142,"column":1}},"150":{"start":{"line":151,"column":0},"end":{"line":151,"column":99}},"151":{"start":{"line":152,"column":0},"end":{"line":152,"column":72}},"152":{"start":{"line":153,"column":0},"end":{"line":153,"column":61}},"153":{"start":{"line":154,"column":0},"end":{"line":154,"column":3}},"154":{"start":{"line":155,"column":0},"end":{"line":155,"column":82}},"155":{"start":{"line":156,"column":0},"end":{"line":156,"column":76}},"156":{"start":{"line":157,"column":0},"end":{"line":157,"column":3}},"157":{"start":{"line":158,"column":0},"end":{"line":158,"column":68}},"158":{"start":{"line":159,"column":0},"end":{"line":159,"column":57}},"159":{"start":{"line":160,"column":0},"end":{"line":160,"column":3}},"160":{"start":{"line":161,"column":0},"end":{"line":161,"column":74}},"161":{"start":{"line":162,"column":0},"end":{"line":162,"column":77}},"162":{"start":{"line":163,"column":0},"end":{"line":163,"column":3}},"163":{"start":{"line":164,"column":0},"end":{"line":164,"column":15}},"164":{"start":{"line":165,"column":0},"end":{"line":165,"column":1}},"172":{"start":{"line":173,"column":0},"end":{"line":173,"column":82}},"173":{"start":{"line":174,"column":0},"end":{"line":174,"column":58}},"174":{"start":{"line":175,"column":0},"end":{"line":175,"column":47}},"175":{"start":{"line":176,"column":0},"end":{"line":176,"column":3}},"176":{"start":{"line":177,"column":0},"end":{"line":177,"column":68}},"177":{"start":{"line":178,"column":0},"end":{"line":178,"column":62}},"178":{"start":{"line":179,"column":0},"end":{"line":179,"column":3}},"179":{"start":{"line":180,"column":0},"end":{"line":180,"column":15}},"180":{"start":{"line":181,"column":0},"end":{"line":181,"column":1}},"189":{"start":{"line":190,"column":0},"end":{"line":190,"column":91}},"190":{"start":{"line":191,"column":0},"end":{"line":191,"column":72}},"191":{"start":{"line":192,"column":0},"end":{"line":192,"column":61}},"192":{"start":{"line":193,"column":0},"end":{"line":193,"column":3}},"193":{"start":{"line":194,"column":0},"end":{"line":194,"column":82}},"194":{"start":{"line":195,"column":0},"end":{"line":195,"column":76}},"195":{"start":{"line":196,"column":0},"end":{"line":196,"column":3}},"196":{"start":{"line":197,"column":0},"end":{"line":197,"column":15}},"197":{"start":{"line":198,"column":0},"end":{"line":198,"column":1}}},"s":{"13":1,"15":25,"16":25,"17":25,"31":1,"32":9,"33":4,"34":1,"35":1,"36":4,"37":1,"38":1,"39":4,"40":9,"41":4,"42":1,"43":1,"44":3,"45":3,"46":3,"47":4,"48":2,"49":2,"50":4,"51":4,"52":4,"56":1,"57":1,"58":1,"59":1,"60":1,"61":1,"62":1,"63":1,"65":1,"73":1,"74":16,"75":2,"76":2,"77":16,"78":1,"79":1,"80":16,"81":2,"82":2,"83":2,"84":2,"85":2,"86":16,"87":4,"88":1,"89":1,"90":1,"91":1,"92":1,"93":4,"94":10,"95":10,"99":1,"100":1,"101":1,"102":1,"103":1,"104":1,"105":1,"106":1,"107":1,"108":1,"109":1,"110":1,"111":1,"112":1,"113":1,"121":1,"122":20,"123":1,"124":1,"125":20,"126":1,"127":1,"128":20,"129":1,"130":1,"131":1,"132":1,"133":1,"134":20,"135":1,"136":1,"137":20,"138":1,"139":1,"140":15,"141":15,"150":1,"151":6,"152":1,"153":1,"154":6,"155":1,"156":1,"157":6,"158":1,"159":1,"160":6,"161":1,"162":1,"163":2,"164":2,"172":1,"173":3,"174":1,"175":1,"176":3,"177":1,"178":1,"179":1,"180":1,"189":1,"190":4,"191":2,"192":2,"193":4,"194":1,"195":1,"196":1,"197":1},"branchMap":{"0":{"type":"branch","line":16,"loc":{"start":{"line":16,"column":0},"end":{"line":18,"column":1}},"locations":[{"start":{"line":16,"column":0},"end":{"line":18,"column":1}}]},"1":{"type":"branch","line":32,"loc":{"start":{"line":32,"column":7},"end":{"line":53,"column":1}},"locations":[{"start":{"line":32,"column":7},"end":{"line":53,"column":1}}]},"2":{"type":"branch","line":33,"loc":{"start":{"line":33,"column":22},"end":{"line":33,"column":57}},"locations":[{"start":{"line":33,"column":22},"end":{"line":33,"column":57}}]},"3":{"type":"branch","line":33,"loc":{"start":{"line":33,"column":57},"end":{"line":40,"column":3}},"locations":[{"start":{"line":33,"column":57},"end":{"line":40,"column":3}}]},"4":{"type":"branch","line":34,"loc":{"start":{"line":34,"column":41},"end":{"line":36,"column":5}},"locations":[{"start":{"line":34,"column":41},"end":{"line":36,"column":5}}]},"5":{"type":"branch","line":36,"loc":{"start":{"line":36,"column":4},"end":{"line":37,"column":34}},"locations":[{"start":{"line":36,"column":4},"end":{"line":37,"column":34}}]},"6":{"type":"branch","line":37,"loc":{"start":{"line":37,"column":34},"end":{"line":39,"column":5}},"locations":[{"start":{"line":37,"column":34},"end":{"line":39,"column":5}}]},"7":{"type":"branch","line":40,"loc":{"start":{"line":40,"column":2},"end":{"line":41,"column":38}},"locations":[{"start":{"line":40,"column":2},"end":{"line":41,"column":38}}]},"8":{"type":"branch","line":41,"loc":{"start":{"line":41,"column":25},"end":{"line":41,"column":63}},"locations":[{"start":{"line":41,"column":25},"end":{"line":41,"column":63}}]},"9":{"type":"branch","line":41,"loc":{"start":{"line":41,"column":63},"end":{"line":53,"column":1}},"locations":[{"start":{"line":41,"column":63},"end":{"line":53,"column":1}}]},"10":{"type":"branch","line":42,"loc":{"start":{"line":42,"column":44},"end":{"line":44,"column":5}},"locations":[{"start":{"line":42,"column":44},"end":{"line":44,"column":5}}]},"11":{"type":"branch","line":44,"loc":{"start":{"line":44,"column":4},"end":{"line":47,"column":88}},"locations":[{"start":{"line":44,"column":4},"end":{"line":47,"column":88}}]},"12":{"type":"branch","line":47,"loc":{"start":{"line":47,"column":45},"end":{"line":47,"column":88}},"locations":[{"start":{"line":47,"column":45},"end":{"line":47,"column":88}}]},"13":{"type":"branch","line":48,"loc":{"start":{"line":48,"column":6},"end":{"line":50,"column":5}},"locations":[{"start":{"line":48,"column":6},"end":{"line":50,"column":5}}]},"14":{"type":"branch","line":74,"loc":{"start":{"line":74,"column":7},"end":{"line":96,"column":1}},"locations":[{"start":{"line":74,"column":7},"end":{"line":96,"column":1}}]},"15":{"type":"branch","line":75,"loc":{"start":{"line":75,"column":24},"end":{"line":75,"column":61}},"locations":[{"start":{"line":75,"column":24},"end":{"line":75,"column":61}}]},"16":{"type":"branch","line":75,"loc":{"start":{"line":75,"column":61},"end":{"line":77,"column":3}},"locations":[{"start":{"line":75,"column":61},"end":{"line":77,"column":3}}]},"17":{"type":"branch","line":77,"loc":{"start":{"line":77,"column":2},"end":{"line":78,"column":71}},"locations":[{"start":{"line":77,"column":2},"end":{"line":78,"column":71}}]},"18":{"type":"branch","line":78,"loc":{"start":{"line":78,"column":71},"end":{"line":80,"column":3}},"locations":[{"start":{"line":78,"column":71},"end":{"line":80,"column":3}}]},"19":{"type":"branch","line":80,"loc":{"start":{"line":80,"column":2},"end":{"line":81,"column":78}},"locations":[{"start":{"line":80,"column":2},"end":{"line":81,"column":78}}]},"20":{"type":"branch","line":81,"loc":{"start":{"line":81,"column":78},"end":{"line":86,"column":3}},"locations":[{"start":{"line":81,"column":78},"end":{"line":86,"column":3}}]},"21":{"type":"branch","line":86,"loc":{"start":{"line":86,"column":2},"end":{"line":87,"column":36}},"locations":[{"start":{"line":86,"column":2},"end":{"line":87,"column":36}}]},"22":{"type":"branch","line":87,"loc":{"start":{"line":87,"column":23},"end":{"line":87,"column":59}},"locations":[{"start":{"line":87,"column":23},"end":{"line":87,"column":59}}]},"23":{"type":"branch","line":87,"loc":{"start":{"line":87,"column":59},"end":{"line":96,"column":1}},"locations":[{"start":{"line":87,"column":59},"end":{"line":96,"column":1}}]},"24":{"type":"branch","line":87,"loc":{"start":{"line":87,"column":59},"end":{"line":94,"column":3}},"locations":[{"start":{"line":87,"column":59},"end":{"line":94,"column":3}}]},"25":{"type":"branch","line":88,"loc":{"start":{"line":88,"column":77},"end":{"line":93,"column":5}},"locations":[{"start":{"line":88,"column":77},"end":{"line":93,"column":5}}]},"26":{"type":"branch","line":94,"loc":{"start":{"line":94,"column":2},"end":{"line":96,"column":1}},"locations":[{"start":{"line":94,"column":2},"end":{"line":96,"column":1}}]},"27":{"type":"branch","line":122,"loc":{"start":{"line":122,"column":7},"end":{"line":142,"column":1}},"locations":[{"start":{"line":122,"column":7},"end":{"line":142,"column":1}}]},"28":{"type":"branch","line":123,"loc":{"start":{"line":123,"column":65},"end":{"line":125,"column":3}},"locations":[{"start":{"line":123,"column":65},"end":{"line":125,"column":3}}]},"29":{"type":"branch","line":125,"loc":{"start":{"line":125,"column":2},"end":{"line":126,"column":75}},"locations":[{"start":{"line":125,"column":2},"end":{"line":126,"column":75}}]},"30":{"type":"branch","line":126,"loc":{"start":{"line":126,"column":75},"end":{"line":128,"column":3}},"locations":[{"start":{"line":126,"column":75},"end":{"line":128,"column":3}}]},"31":{"type":"branch","line":128,"loc":{"start":{"line":128,"column":2},"end":{"line":129,"column":86}},"locations":[{"start":{"line":128,"column":2},"end":{"line":129,"column":86}}]},"32":{"type":"branch","line":129,"loc":{"start":{"line":129,"column":86},"end":{"line":134,"column":3}},"locations":[{"start":{"line":129,"column":86},"end":{"line":134,"column":3}}]},"33":{"type":"branch","line":134,"loc":{"start":{"line":134,"column":2},"end":{"line":135,"column":71}},"locations":[{"start":{"line":134,"column":2},"end":{"line":135,"column":71}}]},"34":{"type":"branch","line":135,"loc":{"start":{"line":135,"column":71},"end":{"line":137,"column":3}},"locations":[{"start":{"line":135,"column":71},"end":{"line":137,"column":3}}]},"35":{"type":"branch","line":137,"loc":{"start":{"line":137,"column":2},"end":{"line":138,"column":81}},"locations":[{"start":{"line":137,"column":2},"end":{"line":138,"column":81}}]},"36":{"type":"branch","line":138,"loc":{"start":{"line":138,"column":81},"end":{"line":140,"column":3}},"locations":[{"start":{"line":138,"column":81},"end":{"line":140,"column":3}}]},"37":{"type":"branch","line":140,"loc":{"start":{"line":140,"column":2},"end":{"line":142,"column":1}},"locations":[{"start":{"line":140,"column":2},"end":{"line":142,"column":1}}]},"38":{"type":"branch","line":151,"loc":{"start":{"line":151,"column":7},"end":{"line":165,"column":1}},"locations":[{"start":{"line":151,"column":7},"end":{"line":165,"column":1}}]},"39":{"type":"branch","line":152,"loc":{"start":{"line":152,"column":29},"end":{"line":152,"column":71}},"locations":[{"start":{"line":152,"column":29},"end":{"line":152,"column":71}}]},"40":{"type":"branch","line":152,"loc":{"start":{"line":152,"column":71},"end":{"line":154,"column":3}},"locations":[{"start":{"line":152,"column":71},"end":{"line":154,"column":3}}]},"41":{"type":"branch","line":154,"loc":{"start":{"line":154,"column":2},"end":{"line":155,"column":81}},"locations":[{"start":{"line":154,"column":2},"end":{"line":155,"column":81}}]},"42":{"type":"branch","line":155,"loc":{"start":{"line":155,"column":81},"end":{"line":157,"column":3}},"locations":[{"start":{"line":155,"column":81},"end":{"line":157,"column":3}}]},"43":{"type":"branch","line":157,"loc":{"start":{"line":157,"column":2},"end":{"line":158,"column":40}},"locations":[{"start":{"line":157,"column":2},"end":{"line":158,"column":40}}]},"44":{"type":"branch","line":158,"loc":{"start":{"line":158,"column":27},"end":{"line":158,"column":67}},"locations":[{"start":{"line":158,"column":27},"end":{"line":158,"column":67}}]},"45":{"type":"branch","line":158,"loc":{"start":{"line":158,"column":67},"end":{"line":160,"column":3}},"locations":[{"start":{"line":158,"column":67},"end":{"line":160,"column":3}}]},"46":{"type":"branch","line":160,"loc":{"start":{"line":160,"column":2},"end":{"line":161,"column":40}},"locations":[{"start":{"line":160,"column":2},"end":{"line":161,"column":40}}]},"47":{"type":"branch","line":161,"loc":{"start":{"line":161,"column":27},"end":{"line":161,"column":73}},"locations":[{"start":{"line":161,"column":27},"end":{"line":161,"column":73}}]},"48":{"type":"branch","line":161,"loc":{"start":{"line":161,"column":73},"end":{"line":163,"column":3}},"locations":[{"start":{"line":161,"column":73},"end":{"line":163,"column":3}}]},"49":{"type":"branch","line":163,"loc":{"start":{"line":163,"column":2},"end":{"line":165,"column":1}},"locations":[{"start":{"line":163,"column":2},"end":{"line":165,"column":1}}]},"50":{"type":"branch","line":173,"loc":{"start":{"line":173,"column":7},"end":{"line":181,"column":1}},"locations":[{"start":{"line":173,"column":7},"end":{"line":181,"column":1}}]},"51":{"type":"branch","line":174,"loc":{"start":{"line":174,"column":22},"end":{"line":174,"column":57}},"locations":[{"start":{"line":174,"column":22},"end":{"line":174,"column":57}}]},"52":{"type":"branch","line":174,"loc":{"start":{"line":174,"column":57},"end":{"line":176,"column":3}},"locations":[{"start":{"line":174,"column":57},"end":{"line":176,"column":3}}]},"53":{"type":"branch","line":176,"loc":{"start":{"line":176,"column":2},"end":{"line":177,"column":67}},"locations":[{"start":{"line":176,"column":2},"end":{"line":177,"column":67}}]},"54":{"type":"branch","line":177,"loc":{"start":{"line":177,"column":67},"end":{"line":181,"column":1}},"locations":[{"start":{"line":177,"column":67},"end":{"line":181,"column":1}}]},"55":{"type":"branch","line":190,"loc":{"start":{"line":190,"column":7},"end":{"line":198,"column":1}},"locations":[{"start":{"line":190,"column":7},"end":{"line":198,"column":1}}]},"56":{"type":"branch","line":191,"loc":{"start":{"line":191,"column":29},"end":{"line":191,"column":71}},"locations":[{"start":{"line":191,"column":29},"end":{"line":191,"column":71}}]},"57":{"type":"branch","line":191,"loc":{"start":{"line":191,"column":71},"end":{"line":194,"column":81}},"locations":[{"start":{"line":191,"column":71},"end":{"line":194,"column":81}}]},"58":{"type":"branch","line":194,"loc":{"start":{"line":194,"column":81},"end":{"line":198,"column":1}},"locations":[{"start":{"line":194,"column":81},"end":{"line":198,"column":1}}]}},"b":{"0":[25],"1":[9],"2":[4],"3":[4],"4":[1],"5":[3],"6":[1],"7":[7],"8":[4],"9":[4],"10":[1],"11":[3],"12":[2],"13":[2],"14":[16],"15":[15],"16":[2],"17":[14],"18":[1],"19":[13],"20":[2],"21":[11],"22":[4],"23":[13],"24":[4],"25":[1],"26":[10],"27":[20],"28":[1],"29":[19],"30":[1],"31":[18],"32":[1],"33":[17],"34":[1],"35":[16],"36":[1],"37":[15],"38":[6],"39":[5],"40":[1],"41":[5],"42":[1],"43":[4],"44":[3],"45":[1],"46":[3],"47":[2],"48":[1],"49":[2],"50":[3],"51":[2],"52":[1],"53":[2],"54":[1],"55":[4],"56":[3],"57":[2],"58":[1]},"fnMap":{"0":{"name":"invalid","decl":{"start":{"line":16,"column":0},"end":{"line":18,"column":1}},"loc":{"start":{"line":16,"column":0},"end":{"line":18,"column":1}},"line":16},"1":{"name":"validateScanParams","decl":{"start":{"line":32,"column":7},"end":{"line":53,"column":1}},"loc":{"start":{"line":32,"column":7},"end":{"line":53,"column":1}},"line":32},"2":{"name":"validateContextParams","decl":{"start":{"line":74,"column":7},"end":{"line":96,"column":1}},"loc":{"start":{"line":74,"column":7},"end":{"line":96,"column":1}},"line":74},"3":{"name":"validateSimulateParams","decl":{"start":{"line":122,"column":7},"end":{"line":142,"column":1}},"loc":{"start":{"line":122,"column":7},"end":{"line":142,"column":1}},"line":122},"4":{"name":"validateReachabilityParams","decl":{"start":{"line":151,"column":7},"end":{"line":165,"column":1}},"loc":{"start":{"line":151,"column":7},"end":{"line":165,"column":1}},"line":151},"5":{"name":"validateRootParam","decl":{"start":{"line":173,"column":7},"end":{"line":181,"column":1}},"loc":{"start":{"line":173,"column":7},"end":{"line":181,"column":1}},"line":173},"6":{"name":"validateFeedbackParams","decl":{"start":{"line":190,"column":7},"end":{"line":198,"column":1}},"loc":{"start":{"line":190,"column":7},"end":{"line":198,"column":1}},"line":190}},"f":{"0":25,"1":9,"2":16,"3":20,"4":6,"5":3,"6":4}}
}
