{"/Users/geoffreyfernald/driftv2/packages/drift-mcp/src/napi.ts": {"path":"/Users/geoffreyfernald/driftv2/packages/drift-mcp/src/napi.ts","all":false,"statementMap":{"8":{"start":{"line":9,"column":0},"end":{"line":9,"column":69}}},"s":{"8":1},"branchMap":{},"b":{},"fnMap":{},"f":{}}
,"/Users/geoffreyfernald/driftv2/packages/drift-mcp/src/server.ts": {"path":"/Users/geoffreyfernald/driftv2/packages/drift-mcp/src/server.ts","all":false,"statementMap":{"10":{"start":{"line":11,"column":0},"end":{"line":11,"column":68}},"12":{"start":{"line":13,"column":0},"end":{"line":13,"column":49}},"13":{"start":{"line":14,"column":0},"end":{"line":14,"column":37}},"15":{"start":{"line":16,"column":0},"end":{"line":16,"column":48}},"16":{"start":{"line":17,"column":0},"end":{"line":17,"column":64}},"37":{"start":{"line":38,"column":0},"end":{"line":38,"column":37}},"38":{"start":{"line":39,"column":0},"end":{"line":39,"column":34}},"39":{"start":{"line":40,"column":0},"end":{"line":40,"column":19}},"40":{"start":{"line":41,"column":0},"end":{"line":41,"column":60}},"43":{"start":{"line":44,"column":0},"end":{"line":44,"column":50}},"44":{"start":{"line":45,"column":0},"end":{"line":45,"column":42}},"45":{"start":{"line":46,"column":0},"end":{"line":46,"column":54}},"46":{"start":{"line":47,"column":0},"end":{"line":47,"column":5}},"49":{"start":{"line":50,"column":0},"end":{"line":50,"column":26}},"50":{"start":{"line":51,"column":0},"end":{"line":51,"column":7}},"51":{"start":{"line":52,"column":0},"end":{"line":52,"column":25}},"52":{"start":{"line":53,"column":0},"end":{"line":53,"column":16}},"53":{"start":{"line":54,"column":0},"end":{"line":54,"column":31}},"54":{"start":{"line":55,"column":0},"end":{"line":55,"column":6}},"55":{"start":{"line":56,"column":0},"end":{"line":56,"column":11}},"57":{"start":{"line":58,"column":0},"end":{"line":58,"column":3}},"60":{"start":{"line":61,"column":0},"end":{"line":61,"column":32}},"61":{"start":{"line":62,"column":0},"end":{"line":62,"column":27}},"62":{"start":{"line":63,"column":0},"end":{"line":63,"column":21}},"63":{"start":{"line":64,"column":0},"end":{"line":64,"column":5}},"66":{"start":{"line":67,"column":0},"end":{"line":67,"column":40}},"68":{"start":{"line":69,"column":0},"end":{"line":69,"column":10}},"69":{"start":{"line":70,"column":0},"end":{"line":70,"column":11}},"70":{"start":{"line":71,"column":0},"end":{"line":71,"column":12}},"71":{"start":{"line":72,"column":0},"end":{"line":72,"column":19}},"72":{"start":{"line":73,"column":0},"end":{"line":73,"column":56}},"73":{"start":{"line":74,"column":0},"end":{"line":74,"column":38}},"74":{"start":{"line":75,"column":0},"end":{"line":75,"column":6}},"75":{"start":{"line":76,"column":0},"end":{"line":76,"column":34}},"76":{"start":{"line":77,"column":0},"end":{"line":77,"column":11}},"77":{"start":{"line":78,"column":0},"end":{"line":78,"column":29}},"78":{"start":{"line":79,"column":0},"end":{"line":79,"column":17}},"79":{"start":{"line":80,"column":0},"end":{"line":80,"column":13}},"80":{"start":{"line":81,"column":0},"end":{"line":81,"column":31}},"81":{"start":{"line":82,"column":0},"end":{"line":82,"column":17}},"83":{"start":{"line":84,"column":0},"end":{"line":84,"column":9}},"84":{"start":{"line":85,"column":0},"end":{"line":85,"column":7}},"85":{"start":{"line":86,"column":0},"end":{"line":86,"column":6}},"86":{"start":{"line":87,"column":0},"end":{"line":87,"column":4}},"87":{"start":{"line":88,"column":0},"end":{"line":88,"column":1}}},"s":{"10":1,"12":1,"13":1,"15":1,"16":1,"37":1,"38":4,"39":4,"40":4,"43":4,"44":4,"45":4,"46":4,"49":4,"50":4,"51":4,"52":4,"53":4,"54":4,"55":4,"57":0,"60":4,"61":4,"62":4,"63":4,"66":4,"68":4,"69":4,"70":4,"71":4,"72":4,"73":0,"74":0,"75":4,"76":1,"77":1,"78":1,"79":1,"80":1,"81":1,"83":0,"84":1,"85":1,"86":4,"87":4},"branchMap":{"0":{"type":"branch","line":38,"loc":{"start":{"line":38,"column":7},"end":{"line":88,"column":1}},"locations":[{"start":{"line":38,"column":7},"end":{"line":88,"column":1}}]},"1":{"type":"branch","line":56,"loc":{"start":{"line":56,"column":2},"end":{"line":58,"column":3}},"locations":[{"start":{"line":56,"column":2},"end":{"line":58,"column":3}}]},"2":{"type":"branch","line":76,"loc":{"start":{"line":76,"column":4},"end":{"line":86,"column":6}},"locations":[{"start":{"line":76,"column":4},"end":{"line":86,"column":6}}]},"3":{"type":"branch","line":82,"loc":{"start":{"line":82,"column":8},"end":{"line":84,"column":9}},"locations":[{"start":{"line":82,"column":8},"end":{"line":84,"column":9}}]}},"b":{"0":[4],"1":[0],"2":[1],"3":[0]},"fnMap":{"0":{"name":"createDriftMcpServer","decl":{"start":{"line":38,"column":7},"end":{"line":88,"column":1}},"loc":{"start":{"line":38,"column":7},"end":{"line":88,"column":1}},"line":38},"1":{"name":"connect","decl":{"start":{"line":73,"column":4},"end":{"line":75,"column":6}},"loc":{"start":{"line":73,"column":4},"end":{"line":75,"column":6}},"line":73},"2":{"name":"close","decl":{"start":{"line":76,"column":4},"end":{"line":86,"column":6}},"loc":{"start":{"line":76,"column":4},"end":{"line":86,"column":6}},"line":76}},"f":{"0":4,"1":0,"2":1}}
,"/Users/geoffreyfernald/driftv2/packages/drift-mcp/src/types.ts": {"path":"/Users/geoffreyfernald/driftv2/packages/drift-mcp/src/types.ts","all":false,"statementMap":{"16":{"start":{"line":17,"column":0},"end":{"line":17,"column":46}},"17":{"start":{"line":18,"column":0},"end":{"line":18,"column":26}},"18":{"start":{"line":19,"column":0},"end":{"line":19,"column":21}},"19":{"start":{"line":20,"column":0},"end":{"line":20,"column":2}}},"s":{"16":1,"17":1,"18":1,"19":1},"branchMap":{},"b":{},"fnMap":{},"f":{}}
,"/Users/geoffreyfernald/driftv2/packages/drift-mcp/src/infrastructure/cache.ts": {"path":"/Users/geoffreyfernald/driftv2/packages/drift-mcp/src/infrastructure/cache.ts","all":false,"statementMap":{"11":{"start":{"line":12,"column":0},"end":{"line":12,"column":41}},"25":{"start":{"line":26,"column":0},"end":{"line":26,"column":43}},"26":{"start":{"line":27,"column":0},"end":{"line":27,"column":18}},"27":{"start":{"line":28,"column":0},"end":{"line":28,"column":43}},"28":{"start":{"line":29,"column":0},"end":{"line":29,"column":2}},"30":{"start":{"line":31,"column":0},"end":{"line":31,"column":28}},"31":{"start":{"line":32,"column":0},"end":{"line":32,"column":57}},"32":{"start":{"line":33,"column":0},"end":{"line":33,"column":39}},"34":{"start":{"line":35,"column":0},"end":{"line":35,"column":50}},"35":{"start":{"line":36,"column":0},"end":{"line":36,"column":57}},"36":{"start":{"line":37,"column":0},"end":{"line":37,"column":3}},"39":{"start":{"line":40,"column":0},"end":{"line":40,"column":99}},"40":{"start":{"line":41,"column":0},"end":{"line":41,"column":43}},"41":{"start":{"line":42,"column":0},"end":{"line":42,"column":37}},"42":{"start":{"line":43,"column":0},"end":{"line":43,"column":20}},"43":{"start":{"line":44,"column":0},"end":{"line":44,"column":20}},"44":{"start":{"line":45,"column":0},"end":{"line":45,"column":54}},"45":{"start":{"line":46,"column":0},"end":{"line":46,"column":3}},"48":{"start":{"line":49,"column":0},"end":{"line":49,"column":48}},"49":{"start":{"line":50,"column":0},"end":{"line":50,"column":38}},"50":{"start":{"line":51,"column":0},"end":{"line":51,"column":33}},"52":{"start":{"line":53,"column":0},"end":{"line":53,"column":27}},"53":{"start":{"line":54,"column":0},"end":{"line":54,"column":46}},"54":{"start":{"line":55,"column":0},"end":{"line":55,"column":29}},"55":{"start":{"line":56,"column":0},"end":{"line":56,"column":23}},"56":{"start":{"line":57,"column":0},"end":{"line":57,"column":5}},"59":{"start":{"line":60,"column":0},"end":{"line":60,"column":27}},"60":{"start":{"line":61,"column":0},"end":{"line":61,"column":31}},"62":{"start":{"line":63,"column":0},"end":{"line":63,"column":27}},"63":{"start":{"line":64,"column":0},"end":{"line":64,"column":3}},"66":{"start":{"line":67,"column":0},"end":{"line":67,"column":83}},"67":{"start":{"line":68,"column":0},"end":{"line":68,"column":35}},"70":{"start":{"line":71,"column":0},"end":{"line":71,"column":76}},"71":{"start":{"line":72,"column":0},"end":{"line":72,"column":52}},"72":{"start":{"line":73,"column":0},"end":{"line":73,"column":33}},"73":{"start":{"line":74,"column":0},"end":{"line":74,"column":34}},"74":{"start":{"line":75,"column":0},"end":{"line":75,"column":7}},"75":{"start":{"line":76,"column":0},"end":{"line":76,"column":5}},"77":{"start":{"line":78,"column":0},"end":{"line":78,"column":25}},"78":{"start":{"line":79,"column":0},"end":{"line":79,"column":11}},"79":{"start":{"line":80,"column":0},"end":{"line":80,"column":28}},"80":{"start":{"line":81,"column":0},"end":{"line":81,"column":47}},"81":{"start":{"line":82,"column":0},"end":{"line":82,"column":20}},"82":{"start":{"line":83,"column":0},"end":{"line":83,"column":7}},"83":{"start":{"line":84,"column":0},"end":{"line":84,"column":3}},"86":{"start":{"line":87,"column":0},"end":{"line":87,"column":39}},"87":{"start":{"line":88,"column":0},"end":{"line":88,"column":18}},"88":{"start":{"line":89,"column":0},"end":{"line":89,"column":39}},"89":{"start":{"line":90,"column":0},"end":{"line":90,"column":47}},"90":{"start":{"line":91,"column":0},"end":{"line":91,"column":28}},"91":{"start":{"line":92,"column":0},"end":{"line":92,"column":31}},"92":{"start":{"line":93,"column":0},"end":{"line":93,"column":16}},"93":{"start":{"line":94,"column":0},"end":{"line":94,"column":7}},"94":{"start":{"line":95,"column":0},"end":{"line":95,"column":5}},"95":{"start":{"line":96,"column":0},"end":{"line":96,"column":17}},"96":{"start":{"line":97,"column":0},"end":{"line":97,"column":3}},"99":{"start":{"line":100,"column":0},"end":{"line":100,"column":50}},"100":{"start":{"line":101,"column":0},"end":{"line":101,"column":18}},"101":{"start":{"line":102,"column":0},"end":{"line":102,"column":37}},"102":{"start":{"line":103,"column":0},"end":{"line":103,"column":47}},"103":{"start":{"line":104,"column":0},"end":{"line":104,"column":35}},"104":{"start":{"line":105,"column":0},"end":{"line":105,"column":31}},"105":{"start":{"line":106,"column":0},"end":{"line":106,"column":16}},"106":{"start":{"line":107,"column":0},"end":{"line":107,"column":7}},"107":{"start":{"line":108,"column":0},"end":{"line":108,"column":5}},"108":{"start":{"line":109,"column":0},"end":{"line":109,"column":17}},"109":{"start":{"line":110,"column":0},"end":{"line":110,"column":3}},"112":{"start":{"line":113,"column":0},"end":{"line":113,"column":22}},"113":{"start":{"line":114,"column":0},"end":{"line":114,"column":27}},"114":{"start":{"line":115,"column":0},"end":{"line":115,"column":3}},"117":{"start":{"line":118,"column":0},"end":{"line":118,"column":17}},"118":{"start":{"line":119,"column":0},"end":{"line":119,"column":23}},"119":{"start":{"line":120,"column":0},"end":{"line":120,"column":3}},"120":{"start":{"line":121,"column":0},"end":{"line":121,"column":1}},"123":{"start":{"line":124,"column":0},"end":{"line":124,"column":47}},"124":{"start":{"line":125,"column":0},"end":{"line":125,"column":25}},"125":{"start":{"line":126,"column":0},"end":{"line":126,"column":41}},"126":{"start":{"line":127,"column":0},"end":{"line":127,"column":37}},"127":{"start":{"line":128,"column":0},"end":{"line":128,"column":28}},"128":{"start":{"line":129,"column":0},"end":{"line":129,"column":40}},"129":{"start":{"line":130,"column":0},"end":{"line":130,"column":36}},"130":{"start":{"line":131,"column":0},"end":{"line":131,"column":1}}},"s":{"11":1,"25":1,"26":1,"27":1,"28":1,"30":1,"31":1,"32":12,"34":1,"35":12,"36":12,"39":1,"40":4,"41":4,"42":4,"43":4,"44":4,"45":4,"48":1,"49":16,"50":16,"52":9,"53":16,"54":1,"55":1,"56":1,"59":8,"60":8,"62":8,"63":16,"66":1,"67":116,"70":116,"71":1,"72":1,"73":1,"74":1,"75":1,"77":115,"78":115,"79":115,"80":116,"81":116,"82":116,"83":116,"86":1,"87":1,"88":1,"89":1,"90":6,"91":3,"92":3,"93":3,"94":6,"95":1,"96":1,"99":1,"100":1,"101":1,"102":1,"103":3,"104":2,"105":2,"106":2,"107":3,"108":1,"109":1,"112":1,"113":3,"114":3,"117":1,"118":0,"119":0,"120":1,"123":1,"124":1,"125":1,"126":1,"127":1,"128":1,"129":1,"130":1},"branchMap":{"0":{"type":"branch","line":32,"loc":{"start":{"line":32,"column":19},"end":{"line":33,"column":39}},"locations":[{"start":{"line":32,"column":19},"end":{"line":33,"column":39}}]},"1":{"type":"branch","line":35,"loc":{"start":{"line":35,"column":2},"end":{"line":37,"column":3}},"locations":[{"start":{"line":35,"column":2},"end":{"line":37,"column":3}}]},"2":{"type":"branch","line":40,"loc":{"start":{"line":40,"column":9},"end":{"line":46,"column":3}},"locations":[{"start":{"line":40,"column":9},"end":{"line":46,"column":3}}]},"3":{"type":"branch","line":49,"loc":{"start":{"line":49,"column":2},"end":{"line":64,"column":3}},"locations":[{"start":{"line":49,"column":2},"end":{"line":64,"column":3}}]},"4":{"type":"branch","line":51,"loc":{"start":{"line":51,"column":16},"end":{"line":51,"column":33}},"locations":[{"start":{"line":51,"column":16},"end":{"line":51,"column":33}}]},"5":{"type":"branch","line":51,"loc":{"start":{"line":51,"column":23},"end":{"line":54,"column":45}},"locations":[{"start":{"line":51,"column":23},"end":{"line":54,"column":45}}]},"6":{"type":"branch","line":54,"loc":{"start":{"line":54,"column":45},"end":{"line":57,"column":5}},"locations":[{"start":{"line":54,"column":45},"end":{"line":57,"column":5}}]},"7":{"type":"branch","line":57,"loc":{"start":{"line":57,"column":4},"end":{"line":63,"column":27}},"locations":[{"start":{"line":57,"column":4},"end":{"line":63,"column":27}}]},"8":{"type":"branch","line":67,"loc":{"start":{"line":67,"column":2},"end":{"line":84,"column":3}},"locations":[{"start":{"line":67,"column":2},"end":{"line":84,"column":3}}]},"9":{"type":"branch","line":68,"loc":{"start":{"line":68,"column":28},"end":{"line":68,"column":35}},"locations":[{"start":{"line":68,"column":28},"end":{"line":68,"column":35}}]},"10":{"type":"branch","line":68,"loc":{"start":{"line":68,"column":28},"end":{"line":71,"column":53}},"locations":[{"start":{"line":68,"column":28},"end":{"line":71,"column":53}}]},"11":{"type":"branch","line":71,"loc":{"start":{"line":71,"column":39},"end":{"line":71,"column":75}},"locations":[{"start":{"line":71,"column":39},"end":{"line":71,"column":75}}]},"12":{"type":"branch","line":71,"loc":{"start":{"line":71,"column":75},"end":{"line":76,"column":5}},"locations":[{"start":{"line":71,"column":75},"end":{"line":76,"column":5}}]},"13":{"type":"branch","line":76,"loc":{"start":{"line":76,"column":4},"end":{"line":81,"column":22}},"locations":[{"start":{"line":76,"column":4},"end":{"line":81,"column":22}}]},"14":{"type":"branch","line":81,"loc":{"start":{"line":81,"column":13},"end":{"line":81,"column":47}},"locations":[{"start":{"line":81,"column":13},"end":{"line":81,"column":47}}]},"15":{"type":"branch","line":87,"loc":{"start":{"line":87,"column":2},"end":{"line":97,"column":3}},"locations":[{"start":{"line":87,"column":2},"end":{"line":97,"column":3}}]},"16":{"type":"branch","line":90,"loc":{"start":{"line":90,"column":46},"end":{"line":95,"column":5}},"locations":[{"start":{"line":90,"column":46},"end":{"line":95,"column":5}}]},"17":{"type":"branch","line":91,"loc":{"start":{"line":91,"column":27},"end":{"line":94,"column":7}},"locations":[{"start":{"line":91,"column":27},"end":{"line":94,"column":7}}]},"18":{"type":"branch","line":100,"loc":{"start":{"line":100,"column":2},"end":{"line":110,"column":3}},"locations":[{"start":{"line":100,"column":2},"end":{"line":110,"column":3}}]},"19":{"type":"branch","line":103,"loc":{"start":{"line":103,"column":46},"end":{"line":108,"column":5}},"locations":[{"start":{"line":103,"column":46},"end":{"line":108,"column":5}}]},"20":{"type":"branch","line":104,"loc":{"start":{"line":104,"column":34},"end":{"line":107,"column":7}},"locations":[{"start":{"line":104,"column":34},"end":{"line":107,"column":7}}]},"21":{"type":"branch","line":113,"loc":{"start":{"line":113,"column":2},"end":{"line":115,"column":3}},"locations":[{"start":{"line":113,"column":2},"end":{"line":115,"column":3}}]},"22":{"type":"branch","line":124,"loc":{"start":{"line":124,"column":0},"end":{"line":131,"column":1}},"locations":[{"start":{"line":124,"column":0},"end":{"line":131,"column":1}}]}},"b":{"0":[12],"1":[12],"2":[4],"3":[16],"4":[7],"5":[9],"6":[1],"7":[8],"8":[116],"9":[1],"10":[115],"11":[1],"12":[1],"13":[115],"14":[114],"15":[1],"16":[6],"17":[3],"18":[1],"19":[3],"20":[2],"21":[3],"22":[1]},"fnMap":{"0":{"name":"<instance_members_initializer>","decl":{"start":{"line":32,"column":19},"end":{"line":33,"column":39}},"loc":{"start":{"line":32,"column":19},"end":{"line":33,"column":39}},"line":32},"1":{"name":"ResponseCache","decl":{"start":{"line":35,"column":2},"end":{"line":37,"column":3}},"loc":{"start":{"line":35,"column":2},"end":{"line":37,"column":3}},"line":35},"2":{"name":"buildKey","decl":{"start":{"line":40,"column":9},"end":{"line":46,"column":3}},"loc":{"start":{"line":40,"column":9},"end":{"line":46,"column":3}},"line":40},"3":{"name":"get","decl":{"start":{"line":49,"column":2},"end":{"line":64,"column":3}},"loc":{"start":{"line":49,"column":2},"end":{"line":64,"column":3}},"line":49},"4":{"name":"set","decl":{"start":{"line":67,"column":2},"end":{"line":84,"column":3}},"loc":{"start":{"line":67,"column":2},"end":{"line":84,"column":3}},"line":67},"5":{"name":"invalidate","decl":{"start":{"line":87,"column":2},"end":{"line":97,"column":3}},"loc":{"start":{"line":87,"column":2},"end":{"line":97,"column":3}},"line":87},"6":{"name":"invalidateProject","decl":{"start":{"line":100,"column":2},"end":{"line":110,"column":3}},"loc":{"start":{"line":100,"column":2},"end":{"line":110,"column":3}},"line":100},"7":{"name":"get size","decl":{"start":{"line":113,"column":2},"end":{"line":115,"column":3}},"loc":{"start":{"line":113,"column":2},"end":{"line":115,"column":3}},"line":113},"8":{"name":"clear","decl":{"start":{"line":118,"column":2},"end":{"line":120,"column":3}},"loc":{"start":{"line":118,"column":2},"end":{"line":120,"column":3}},"line":118},"9":{"name":"globToRegex","decl":{"start":{"line":124,"column":0},"end":{"line":131,"column":1}},"loc":{"start":{"line":124,"column":0},"end":{"line":131,"column":1}},"line":124}},"f":{"0":12,"1":12,"2":4,"3":16,"4":116,"5":1,"6":1,"7":3,"8":0,"9":1}}
,"/Users/geoffreyfernald/driftv2/packages/drift-mcp/src/infrastructure/cursor_manager.ts": {"path":"/Users/geoffreyfernald/driftv2/packages/drift-mcp/src/infrastructure/cursor_manager.ts","all":false,"statementMap":{"10":{"start":{"line":11,"column":0},"end":{"line":11,"column":41}},"28":{"start":{"line":29,"column":0},"end":{"line":29,"column":45}},"29":{"start":{"line":30,"column":0},"end":{"line":30,"column":53}},"30":{"start":{"line":31,"column":0},"end":{"line":31,"column":34}},"31":{"start":{"line":32,"column":0},"end":{"line":32,"column":20}},"32":{"start":{"line":33,"column":0},"end":{"line":33,"column":2}},"38":{"start":{"line":39,"column":0},"end":{"line":39,"column":28}},"39":{"start":{"line":40,"column":0},"end":{"line":40,"column":40}},"41":{"start":{"line":42,"column":0},"end":{"line":42,"column":51}},"42":{"start":{"line":43,"column":0},"end":{"line":43,"column":58}},"43":{"start":{"line":44,"column":0},"end":{"line":44,"column":3}},"46":{"start":{"line":47,"column":0},"end":{"line":47,"column":42}},"47":{"start":{"line":48,"column":0},"end":{"line":48,"column":36}},"48":{"start":{"line":49,"column":0},"end":{"line":49,"column":14}},"49":{"start":{"line":50,"column":0},"end":{"line":50,"column":42}},"50":{"start":{"line":51,"column":0},"end":{"line":51,"column":28}},"51":{"start":{"line":52,"column":0},"end":{"line":52,"column":6}},"52":{"start":{"line":53,"column":0},"end":{"line":53,"column":41}},"53":{"start":{"line":54,"column":0},"end":{"line":54,"column":38}},"54":{"start":{"line":55,"column":0},"end":{"line":55,"column":44}},"55":{"start":{"line":56,"column":0},"end":{"line":56,"column":55}},"56":{"start":{"line":57,"column":0},"end":{"line":57,"column":3}},"59":{"start":{"line":60,"column":0},"end":{"line":60,"column":51}},"60":{"start":{"line":61,"column":0},"end":{"line":61,"column":52}},"62":{"start":{"line":63,"column":0},"end":{"line":63,"column":24}},"63":{"start":{"line":64,"column":0},"end":{"line":64,"column":9}},"64":{"start":{"line":65,"column":0},"end":{"line":65,"column":67}},"65":{"start":{"line":66,"column":0},"end":{"line":66,"column":13}},"66":{"start":{"line":67,"column":0},"end":{"line":67,"column":18}},"67":{"start":{"line":68,"column":0},"end":{"line":68,"column":5}},"69":{"start":{"line":70,"column":0},"end":{"line":70,"column":52}},"70":{"start":{"line":71,"column":0},"end":{"line":71,"column":43}},"72":{"start":{"line":73,"column":0},"end":{"line":73,"column":50}},"73":{"start":{"line":74,"column":0},"end":{"line":74,"column":56}},"76":{"start":{"line":77,"column":0},"end":{"line":77,"column":46}},"77":{"start":{"line":78,"column":0},"end":{"line":78,"column":53}},"79":{"start":{"line":80,"column":0},"end":{"line":80,"column":31}},"80":{"start":{"line":81,"column":0},"end":{"line":81,"column":9}},"81":{"start":{"line":82,"column":0},"end":{"line":82,"column":50}},"82":{"start":{"line":83,"column":0},"end":{"line":83,"column":13}},"83":{"start":{"line":84,"column":0},"end":{"line":84,"column":18}},"84":{"start":{"line":85,"column":0},"end":{"line":85,"column":5}},"87":{"start":{"line":88,"column":0},"end":{"line":88,"column":68}},"90":{"start":{"line":91,"column":0},"end":{"line":91,"column":27}},"91":{"start":{"line":92,"column":0},"end":{"line":92,"column":65}},"93":{"start":{"line":94,"column":0},"end":{"line":94,"column":12}},"94":{"start":{"line":95,"column":0},"end":{"line":95,"column":37}},"95":{"start":{"line":96,"column":0},"end":{"line":96,"column":35}},"96":{"start":{"line":97,"column":0},"end":{"line":97,"column":29}},"97":{"start":{"line":98,"column":0},"end":{"line":98,"column":31}},"98":{"start":{"line":99,"column":0},"end":{"line":99,"column":6}},"99":{"start":{"line":100,"column":0},"end":{"line":100,"column":3}},"101":{"start":{"line":102,"column":0},"end":{"line":102,"column":38}},"102":{"start":{"line":103,"column":0},"end":{"line":103,"column":79}},"103":{"start":{"line":104,"column":0},"end":{"line":104,"column":3}},"104":{"start":{"line":105,"column":0},"end":{"line":105,"column":1}}},"s":{"10":1,"28":1,"29":1,"30":1,"31":1,"32":1,"38":1,"39":1,"41":1,"42":8,"43":8,"46":1,"47":4,"48":4,"49":4,"50":4,"51":4,"52":4,"53":4,"54":4,"55":4,"56":4,"59":1,"60":7,"62":6,"63":6,"64":6,"65":7,"66":0,"67":0,"69":6,"70":7,"72":4,"73":4,"76":4,"77":7,"79":3,"80":3,"81":3,"82":7,"83":0,"84":0,"87":7,"90":2,"91":7,"93":1,"94":1,"95":1,"96":1,"97":1,"98":1,"99":7,"101":1,"102":8,"103":8,"104":1},"branchMap":{"0":{"type":"branch","line":40,"loc":{"start":{"line":40,"column":19},"end":{"line":40,"column":40}},"locations":[{"start":{"line":40,"column":19},"end":{"line":40,"column":40}}]},"1":{"type":"branch","line":42,"loc":{"start":{"line":42,"column":2},"end":{"line":44,"column":3}},"locations":[{"start":{"line":42,"column":2},"end":{"line":44,"column":3}}]},"2":{"type":"branch","line":47,"loc":{"start":{"line":47,"column":2},"end":{"line":57,"column":3}},"locations":[{"start":{"line":47,"column":2},"end":{"line":57,"column":3}}]},"3":{"type":"branch","line":60,"loc":{"start":{"line":60,"column":2},"end":{"line":100,"column":3}},"locations":[{"start":{"line":60,"column":2},"end":{"line":100,"column":3}}]},"4":{"type":"branch","line":61,"loc":{"start":{"line":61,"column":9},"end":{"line":61,"column":40}},"locations":[{"start":{"line":61,"column":9},"end":{"line":61,"column":40}}]},"5":{"type":"branch","line":61,"loc":{"start":{"line":61,"column":40},"end":{"line":61,"column":52}},"locations":[{"start":{"line":61,"column":40},"end":{"line":61,"column":52}}]},"6":{"type":"branch","line":61,"loc":{"start":{"line":61,"column":47},"end":{"line":66,"column":12}},"locations":[{"start":{"line":61,"column":47},"end":{"line":66,"column":12}}]},"7":{"type":"branch","line":66,"loc":{"start":{"line":66,"column":4},"end":{"line":68,"column":5}},"locations":[{"start":{"line":66,"column":4},"end":{"line":68,"column":5}}]},"8":{"type":"branch","line":68,"loc":{"start":{"line":68,"column":4},"end":{"line":71,"column":38}},"locations":[{"start":{"line":68,"column":4},"end":{"line":71,"column":38}}]},"9":{"type":"branch","line":71,"loc":{"start":{"line":71,"column":31},"end":{"line":71,"column":43}},"locations":[{"start":{"line":71,"column":31},"end":{"line":71,"column":43}}]},"10":{"type":"branch","line":71,"loc":{"start":{"line":71,"column":38},"end":{"line":78,"column":48}},"locations":[{"start":{"line":71,"column":38},"end":{"line":78,"column":48}}]},"11":{"type":"branch","line":78,"loc":{"start":{"line":78,"column":41},"end":{"line":78,"column":53}},"locations":[{"start":{"line":78,"column":41},"end":{"line":78,"column":53}}]},"12":{"type":"branch","line":78,"loc":{"start":{"line":78,"column":48},"end":{"line":83,"column":12}},"locations":[{"start":{"line":78,"column":48},"end":{"line":83,"column":12}}]},"13":{"type":"branch","line":83,"loc":{"start":{"line":83,"column":4},"end":{"line":85,"column":5}},"locations":[{"start":{"line":83,"column":4},"end":{"line":85,"column":5}}]},"14":{"type":"branch","line":85,"loc":{"start":{"line":85,"column":4},"end":{"line":88,"column":63}},"locations":[{"start":{"line":85,"column":4},"end":{"line":88,"column":63}}]},"15":{"type":"branch","line":88,"loc":{"start":{"line":88,"column":56},"end":{"line":88,"column":68}},"locations":[{"start":{"line":88,"column":56},"end":{"line":88,"column":68}}]},"16":{"type":"branch","line":88,"loc":{"start":{"line":88,"column":63},"end":{"line":92,"column":60}},"locations":[{"start":{"line":88,"column":63},"end":{"line":92,"column":60}}]},"17":{"type":"branch","line":92,"loc":{"start":{"line":92,"column":53},"end":{"line":99,"column":6}},"locations":[{"start":{"line":92,"column":53},"end":{"line":99,"column":6}}]},"18":{"type":"branch","line":102,"loc":{"start":{"line":102,"column":10},"end":{"line":104,"column":3}},"locations":[{"start":{"line":102,"column":10},"end":{"line":104,"column":3}}]}},"b":{"0":[8],"1":[8],"2":[4],"3":[7],"4":[6],"5":[1],"6":[6],"7":[0],"8":[6],"9":[2],"10":[4],"11":[1],"12":[3],"13":[0],"14":[3],"15":[1],"16":[2],"17":[1],"18":[8]},"fnMap":{"0":{"name":"<instance_members_initializer>","decl":{"start":{"line":40,"column":19},"end":{"line":40,"column":40}},"loc":{"start":{"line":40,"column":19},"end":{"line":40,"column":40}},"line":40},"1":{"name":"CursorManager","decl":{"start":{"line":42,"column":2},"end":{"line":44,"column":3}},"loc":{"start":{"line":42,"column":2},"end":{"line":44,"column":3}},"line":42},"2":{"name":"encodeCursor","decl":{"start":{"line":47,"column":2},"end":{"line":57,"column":3}},"loc":{"start":{"line":47,"column":2},"end":{"line":57,"column":3}},"line":47},"3":{"name":"decodeCursor","decl":{"start":{"line":60,"column":2},"end":{"line":100,"column":3}},"loc":{"start":{"line":60,"column":2},"end":{"line":100,"column":3}},"line":60},"4":{"name":"sign","decl":{"start":{"line":102,"column":10},"end":{"line":104,"column":3}},"loc":{"start":{"line":102,"column":10},"end":{"line":104,"column":3}},"line":102}},"f":{"0":8,"1":8,"2":4,"3":7,"4":8}}
,"/Users/geoffreyfernald/driftv2/packages/drift-mcp/src/infrastructure/error_handler.ts": {"path":"/Users/geoffreyfernald/driftv2/packages/drift-mcp/src/infrastructure/error_handler.ts","all":false,"statementMap":{"27":{"start":{"line":28,"column":0},"end":{"line":28,"column":54}},"28":{"start":{"line":29,"column":0},"end":{"line":29,"column":15}},"29":{"start":{"line":30,"column":0},"end":{"line":30,"column":23}},"30":{"start":{"line":31,"column":0},"end":{"line":31,"column":105}},"31":{"start":{"line":32,"column":0},"end":{"line":32,"column":39}},"32":{"start":{"line":33,"column":0},"end":{"line":33,"column":21}},"33":{"start":{"line":34,"column":0},"end":{"line":34,"column":4}},"34":{"start":{"line":35,"column":0},"end":{"line":35,"column":12}},"35":{"start":{"line":36,"column":0},"end":{"line":36,"column":20}},"36":{"start":{"line":37,"column":0},"end":{"line":37,"column":87}},"37":{"start":{"line":38,"column":0},"end":{"line":38,"column":25}},"38":{"start":{"line":39,"column":0},"end":{"line":39,"column":20}},"39":{"start":{"line":40,"column":0},"end":{"line":40,"column":23}},"40":{"start":{"line":41,"column":0},"end":{"line":41,"column":4}},"41":{"start":{"line":42,"column":0},"end":{"line":42,"column":18}},"42":{"start":{"line":43,"column":0},"end":{"line":43,"column":26}},"43":{"start":{"line":44,"column":0},"end":{"line":44,"column":112}},"44":{"start":{"line":45,"column":0},"end":{"line":45,"column":25}},"45":{"start":{"line":46,"column":0},"end":{"line":46,"column":21}},"46":{"start":{"line":47,"column":0},"end":{"line":47,"column":4}},"47":{"start":{"line":48,"column":0},"end":{"line":48,"column":15}},"48":{"start":{"line":49,"column":0},"end":{"line":49,"column":23}},"49":{"start":{"line":50,"column":0},"end":{"line":50,"column":78}},"50":{"start":{"line":51,"column":0},"end":{"line":51,"column":39}},"51":{"start":{"line":52,"column":0},"end":{"line":52,"column":21}},"52":{"start":{"line":53,"column":0},"end":{"line":53,"column":4}},"53":{"start":{"line":54,"column":0},"end":{"line":54,"column":28}},"54":{"start":{"line":55,"column":0},"end":{"line":55,"column":36}},"55":{"start":{"line":56,"column":0},"end":{"line":56,"column":93}},"56":{"start":{"line":57,"column":0},"end":{"line":57,"column":39}},"57":{"start":{"line":58,"column":0},"end":{"line":58,"column":21}},"58":{"start":{"line":59,"column":0},"end":{"line":59,"column":4}},"59":{"start":{"line":60,"column":0},"end":{"line":60,"column":24}},"60":{"start":{"line":61,"column":0},"end":{"line":61,"column":32}},"61":{"start":{"line":62,"column":0},"end":{"line":62,"column":87}},"62":{"start":{"line":63,"column":0},"end":{"line":63,"column":25}},"63":{"start":{"line":64,"column":0},"end":{"line":64,"column":21}},"64":{"start":{"line":65,"column":0},"end":{"line":65,"column":4}},"65":{"start":{"line":66,"column":0},"end":{"line":66,"column":17}},"66":{"start":{"line":67,"column":0},"end":{"line":67,"column":25}},"67":{"start":{"line":68,"column":0},"end":{"line":68,"column":76}},"68":{"start":{"line":69,"column":0},"end":{"line":69,"column":25}},"69":{"start":{"line":70,"column":0},"end":{"line":70,"column":21}},"70":{"start":{"line":71,"column":0},"end":{"line":71,"column":4}},"71":{"start":{"line":72,"column":0},"end":{"line":72,"column":25}},"72":{"start":{"line":73,"column":0},"end":{"line":73,"column":33}},"73":{"start":{"line":74,"column":0},"end":{"line":74,"column":109}},"74":{"start":{"line":75,"column":0},"end":{"line":75,"column":25}},"75":{"start":{"line":76,"column":0},"end":{"line":76,"column":21}},"76":{"start":{"line":77,"column":0},"end":{"line":77,"column":4}},"77":{"start":{"line":78,"column":0},"end":{"line":78,"column":14}},"78":{"start":{"line":79,"column":0},"end":{"line":79,"column":22}},"79":{"start":{"line":80,"column":0},"end":{"line":80,"column":65}},"80":{"start":{"line":81,"column":0},"end":{"line":81,"column":25}},"81":{"start":{"line":82,"column":0},"end":{"line":82,"column":20}},"82":{"start":{"line":83,"column":0},"end":{"line":83,"column":4}},"83":{"start":{"line":84,"column":0},"end":{"line":84,"column":16}},"84":{"start":{"line":85,"column":0},"end":{"line":85,"column":24}},"85":{"start":{"line":86,"column":0},"end":{"line":86,"column":74}},"86":{"start":{"line":87,"column":0},"end":{"line":87,"column":39}},"87":{"start":{"line":88,"column":0},"end":{"line":88,"column":21}},"88":{"start":{"line":89,"column":0},"end":{"line":89,"column":4}},"89":{"start":{"line":90,"column":0},"end":{"line":90,"column":16}},"90":{"start":{"line":91,"column":0},"end":{"line":91,"column":24}},"91":{"start":{"line":92,"column":0},"end":{"line":92,"column":116}},"92":{"start":{"line":93,"column":0},"end":{"line":93,"column":40}},"93":{"start":{"line":94,"column":0},"end":{"line":94,"column":21}},"94":{"start":{"line":95,"column":0},"end":{"line":95,"column":4}},"95":{"start":{"line":96,"column":0},"end":{"line":96,"column":18}},"96":{"start":{"line":97,"column":0},"end":{"line":97,"column":26}},"97":{"start":{"line":98,"column":0},"end":{"line":98,"column":84}},"98":{"start":{"line":99,"column":0},"end":{"line":99,"column":38}},"99":{"start":{"line":100,"column":0},"end":{"line":100,"column":21}},"100":{"start":{"line":101,"column":0},"end":{"line":101,"column":4}},"101":{"start":{"line":102,"column":0},"end":{"line":102,"column":12}},"102":{"start":{"line":103,"column":0},"end":{"line":103,"column":20}},"103":{"start":{"line":104,"column":0},"end":{"line":104,"column":89}},"104":{"start":{"line":105,"column":0},"end":{"line":105,"column":25}},"105":{"start":{"line":106,"column":0},"end":{"line":106,"column":20}},"106":{"start":{"line":107,"column":0},"end":{"line":107,"column":23}},"107":{"start":{"line":108,"column":0},"end":{"line":108,"column":4}},"108":{"start":{"line":109,"column":0},"end":{"line":109,"column":12}},"109":{"start":{"line":110,"column":0},"end":{"line":110,"column":20}},"110":{"start":{"line":111,"column":0},"end":{"line":111,"column":85}},"111":{"start":{"line":112,"column":0},"end":{"line":112,"column":39}},"112":{"start":{"line":113,"column":0},"end":{"line":113,"column":21}},"113":{"start":{"line":114,"column":0},"end":{"line":114,"column":4}},"114":{"start":{"line":115,"column":0},"end":{"line":115,"column":2}},"116":{"start":{"line":117,"column":0},"end":{"line":117,"column":27}},"118":{"start":{"line":119,"column":0},"end":{"line":119,"column":46}},"119":{"start":{"line":120,"column":0},"end":{"line":120,"column":55}},"120":{"start":{"line":121,"column":0},"end":{"line":121,"column":50}},"121":{"start":{"line":122,"column":0},"end":{"line":122,"column":41}},"122":{"start":{"line":123,"column":0},"end":{"line":123,"column":3}},"125":{"start":{"line":126,"column":0},"end":{"line":126,"column":49}},"126":{"start":{"line":127,"column":0},"end":{"line":127,"column":53}},"127":{"start":{"line":128,"column":0},"end":{"line":128,"column":48}},"128":{"start":{"line":129,"column":0},"end":{"line":129,"column":44}},"129":{"start":{"line":130,"column":0},"end":{"line":130,"column":54}},"130":{"start":{"line":131,"column":0},"end":{"line":131,"column":25}},"131":{"start":{"line":132,"column":0},"end":{"line":132,"column":3}},"134":{"start":{"line":135,"column":0},"end":{"line":135,"column":61}},"135":{"start":{"line":136,"column":0},"end":{"line":136,"column":49}},"136":{"start":{"line":137,"column":0},"end":{"line":137,"column":71}},"137":{"start":{"line":138,"column":0},"end":{"line":138,"column":55}},"139":{"start":{"line":140,"column":0},"end":{"line":140,"column":12}},"140":{"start":{"line":141,"column":0},"end":{"line":141,"column":25}},"141":{"start":{"line":142,"column":0},"end":{"line":142,"column":14}},"142":{"start":{"line":143,"column":0},"end":{"line":143,"column":43}},"143":{"start":{"line":144,"column":0},"end":{"line":144,"column":49}},"144":{"start":{"line":145,"column":0},"end":{"line":145,"column":35}},"145":{"start":{"line":146,"column":0},"end":{"line":146,"column":41}},"146":{"start":{"line":147,"column":0},"end":{"line":147,"column":62}},"147":{"start":{"line":148,"column":0},"end":{"line":148,"column":6}},"148":{"start":{"line":149,"column":0},"end":{"line":149,"column":3}},"154":{"start":{"line":155,"column":0},"end":{"line":155,"column":76}},"155":{"start":{"line":156,"column":0},"end":{"line":156,"column":9}},"156":{"start":{"line":157,"column":0},"end":{"line":157,"column":24}},"157":{"start":{"line":158,"column":0},"end":{"line":158,"column":30}},"158":{"start":{"line":159,"column":0},"end":{"line":159,"column":51}},"159":{"start":{"line":160,"column":0},"end":{"line":160,"column":5}},"160":{"start":{"line":161,"column":0},"end":{"line":161,"column":3}},"161":{"start":{"line":162,"column":0},"end":{"line":162,"column":1}}},"s":{"27":1,"28":1,"29":1,"30":1,"31":1,"32":1,"33":1,"34":1,"35":1,"36":1,"37":1,"38":1,"39":1,"40":1,"41":1,"42":1,"43":1,"44":1,"45":1,"46":1,"47":1,"48":1,"49":1,"50":1,"51":1,"52":1,"53":1,"54":1,"55":1,"56":1,"57":1,"58":1,"59":1,"60":1,"61":1,"62":1,"63":1,"64":1,"65":1,"66":1,"67":1,"68":1,"69":1,"70":1,"71":1,"72":1,"73":1,"74":1,"75":1,"76":1,"77":1,"78":1,"79":1,"80":1,"81":1,"82":1,"83":1,"84":1,"85":1,"86":1,"87":1,"88":1,"89":1,"90":1,"91":1,"92":1,"93":1,"94":1,"95":1,"96":1,"97":1,"98":1,"99":1,"100":1,"101":1,"102":1,"103":1,"104":1,"105":1,"106":1,"107":1,"108":1,"109":1,"110":1,"111":1,"112":1,"113":1,"114":1,"116":1,"118":1,"119":12,"120":12,"121":12,"122":12,"125":1,"126":24,"127":24,"128":24,"129":24,"130":2,"131":24,"134":1,"135":12,"136":12,"137":12,"139":12,"140":12,"141":12,"142":12,"143":12,"144":12,"145":12,"146":12,"147":12,"148":12,"154":1,"155":2,"156":2,"157":2,"158":1,"159":1,"160":2,"161":1},"branchMap":{"0":{"type":"branch","line":119,"loc":{"start":{"line":119,"column":9},"end":{"line":123,"column":3}},"locations":[{"start":{"line":119,"column":9},"end":{"line":123,"column":3}}]},"1":{"type":"branch","line":122,"loc":{"start":{"line":122,"column":11},"end":{"line":122,"column":31}},"locations":[{"start":{"line":122,"column":11},"end":{"line":122,"column":31}}]},"2":{"type":"branch","line":122,"loc":{"start":{"line":122,"column":26},"end":{"line":122,"column":41}},"locations":[{"start":{"line":122,"column":26},"end":{"line":122,"column":41}}]},"3":{"type":"branch","line":126,"loc":{"start":{"line":126,"column":9},"end":{"line":132,"column":3}},"locations":[{"start":{"line":126,"column":9},"end":{"line":132,"column":3}}]},"4":{"type":"branch","line":127,"loc":{"start":{"line":127,"column":32},"end":{"line":127,"column":53}},"locations":[{"start":{"line":127,"column":32},"end":{"line":127,"column":53}}]},"5":{"type":"branch","line":127,"loc":{"start":{"line":127,"column":45},"end":{"line":128,"column":42}},"locations":[{"start":{"line":127,"column":45},"end":{"line":128,"column":42}}]},"6":{"type":"branch","line":128,"loc":{"start":{"line":128,"column":35},"end":{"line":128,"column":48}},"locations":[{"start":{"line":128,"column":35},"end":{"line":128,"column":48}}]},"7":{"type":"branch","line":128,"loc":{"start":{"line":128,"column":42},"end":{"line":129,"column":31}},"locations":[{"start":{"line":128,"column":42},"end":{"line":129,"column":31}}]},"8":{"type":"branch","line":129,"loc":{"start":{"line":129,"column":24},"end":{"line":129,"column":44}},"locations":[{"start":{"line":129,"column":24},"end":{"line":129,"column":44}}]},"9":{"type":"branch","line":129,"loc":{"start":{"line":129,"column":31},"end":{"line":130,"column":36}},"locations":[{"start":{"line":129,"column":31},"end":{"line":130,"column":36}}]},"10":{"type":"branch","line":130,"loc":{"start":{"line":130,"column":29},"end":{"line":131,"column":25}},"locations":[{"start":{"line":130,"column":29},"end":{"line":131,"column":25}}]},"11":{"type":"branch","line":135,"loc":{"start":{"line":135,"column":9},"end":{"line":149,"column":3}},"locations":[{"start":{"line":135,"column":9},"end":{"line":149,"column":3}}]},"12":{"type":"branch","line":137,"loc":{"start":{"line":137,"column":39},"end":{"line":137,"column":71}},"locations":[{"start":{"line":137,"column":39},"end":{"line":137,"column":71}}]},"13":{"type":"branch","line":147,"loc":{"start":{"line":147,"column":30},"end":{"line":147,"column":52}},"locations":[{"start":{"line":147,"column":30},"end":{"line":147,"column":52}}]},"14":{"type":"branch","line":147,"loc":{"start":{"line":147,"column":44},"end":{"line":147,"column":62}},"locations":[{"start":{"line":147,"column":44},"end":{"line":147,"column":62}}]},"15":{"type":"branch","line":155,"loc":{"start":{"line":155,"column":2},"end":{"line":161,"column":3}},"locations":[{"start":{"line":155,"column":2},"end":{"line":161,"column":3}}]},"16":{"type":"branch","line":158,"loc":{"start":{"line":158,"column":4},"end":{"line":160,"column":5}},"locations":[{"start":{"line":158,"column":4},"end":{"line":160,"column":5}}]}},"b":{"0":[12],"1":[6],"2":[6],"3":[24],"4":[14],"5":[10],"6":[4],"7":[6],"8":[2],"9":[4],"10":[2],"11":[12],"12":[0],"13":[7],"14":[5],"15":[2],"16":[1]},"fnMap":{"0":{"name":"extractCode","decl":{"start":{"line":119,"column":9},"end":{"line":123,"column":3}},"loc":{"start":{"line":119,"column":9},"end":{"line":123,"column":3}},"line":119},"1":{"name":"extractMessage","decl":{"start":{"line":126,"column":9},"end":{"line":132,"column":3}},"loc":{"start":{"line":126,"column":9},"end":{"line":132,"column":3}},"line":126},"2":{"name":"toStructuredError","decl":{"start":{"line":135,"column":9},"end":{"line":149,"column":3}},"loc":{"start":{"line":135,"column":9},"end":{"line":149,"column":3}},"line":135},"3":{"name":"wrap","decl":{"start":{"line":155,"column":2},"end":{"line":161,"column":3}},"loc":{"start":{"line":155,"column":2},"end":{"line":161,"column":3}},"line":155}},"f":{"0":12,"1":24,"2":12,"3":2}}
,"/Users/geoffreyfernald/driftv2/packages/drift-mcp/src/infrastructure/index.ts": {"path":"/Users/geoffreyfernald/driftv2/packages/drift-mcp/src/infrastructure/index.ts","all":false,"statementMap":{"9":{"start":{"line":10,"column":0},"end":{"line":10,"column":43}},"12":{"start":{"line":13,"column":0},"end":{"line":13,"column":48}},"15":{"start":{"line":16,"column":0},"end":{"line":16,"column":54}},"18":{"start":{"line":19,"column":0},"end":{"line":19,"column":50}},"21":{"start":{"line":22,"column":0},"end":{"line":22,"column":52}},"24":{"start":{"line":25,"column":0},"end":{"line":25,"column":56}},"27":{"start":{"line":28,"column":0},"end":{"line":28,"column":46}},"30":{"start":{"line":31,"column":0},"end":{"line":31,"column":43}},"31":{"start":{"line":32,"column":0},"end":{"line":32,"column":48}},"32":{"start":{"line":33,"column":0},"end":{"line":33,"column":54}},"33":{"start":{"line":34,"column":0},"end":{"line":34,"column":50}},"34":{"start":{"line":35,"column":0},"end":{"line":35,"column":52}},"35":{"start":{"line":36,"column":0},"end":{"line":36,"column":56}},"36":{"start":{"line":37,"column":0},"end":{"line":37,"column":46}},"49":{"start":{"line":50,"column":0},"end":{"line":50,"column":34}},"50":{"start":{"line":51,"column":0},"end":{"line":51,"column":39}},"51":{"start":{"line":52,"column":0},"end":{"line":52,"column":43}},"52":{"start":{"line":53,"column":0},"end":{"line":53,"column":49}},"53":{"start":{"line":54,"column":0},"end":{"line":54,"column":52}},"54":{"start":{"line":55,"column":0},"end":{"line":55,"column":47}},"55":{"start":{"line":56,"column":0},"end":{"line":56,"column":51}},"56":{"start":{"line":57,"column":0},"end":{"line":57,"column":41}},"57":{"start":{"line":58,"column":0},"end":{"line":58,"column":38}},"59":{"start":{"line":60,"column":0},"end":{"line":60,"column":50}},"60":{"start":{"line":61,"column":0},"end":{"line":61,"column":59}},"61":{"start":{"line":62,"column":0},"end":{"line":62,"column":37}},"62":{"start":{"line":63,"column":0},"end":{"line":63,"column":41}},"63":{"start":{"line":64,"column":0},"end":{"line":64,"column":47}},"64":{"start":{"line":65,"column":0},"end":{"line":65,"column":37}},"65":{"start":{"line":66,"column":0},"end":{"line":66,"column":43}},"66":{"start":{"line":67,"column":0},"end":{"line":67,"column":65}},"67":{"start":{"line":68,"column":0},"end":{"line":68,"column":6}},"68":{"start":{"line":69,"column":0},"end":{"line":69,"column":47}},"69":{"start":{"line":70,"column":0},"end":{"line":70,"column":26}},"70":{"start":{"line":71,"column":0},"end":{"line":71,"column":82}},"71":{"start":{"line":72,"column":0},"end":{"line":72,"column":6}},"72":{"start":{"line":73,"column":0},"end":{"line":73,"column":39}},"73":{"start":{"line":74,"column":0},"end":{"line":74,"column":3}},"74":{"start":{"line":75,"column":0},"end":{"line":75,"column":1}}},"s":{"9":1,"12":1,"15":1,"18":1,"21":1,"24":1,"27":1,"30":1,"31":1,"32":1,"33":1,"34":1,"35":1,"36":1,"49":1,"50":1,"51":4,"52":4,"53":4,"54":4,"55":4,"56":4,"57":4,"59":1,"60":4,"61":4,"62":4,"63":4,"64":4,"65":4,"66":4,"67":4,"68":4,"69":4,"70":4,"71":4,"72":4,"73":4,"74":1},"branchMap":{"0":{"type":"branch","line":51,"loc":{"start":{"line":51,"column":18},"end":{"line":58,"column":38}},"locations":[{"start":{"line":51,"column":18},"end":{"line":58,"column":38}}]},"1":{"type":"branch","line":60,"loc":{"start":{"line":60,"column":2},"end":{"line":74,"column":3}},"locations":[{"start":{"line":60,"column":2},"end":{"line":74,"column":3}}]},"2":{"type":"branch","line":67,"loc":{"start":{"line":67,"column":13},"end":{"line":67,"column":62}},"locations":[{"start":{"line":67,"column":13},"end":{"line":67,"column":62}}]},"3":{"type":"branch","line":71,"loc":{"start":{"line":71,"column":75},"end":{"line":71,"column":82}},"locations":[{"start":{"line":71,"column":75},"end":{"line":71,"column":82}}]}},"b":{"0":[4],"1":[4],"2":[0],"3":[0]},"fnMap":{"0":{"name":"<instance_members_initializer>","decl":{"start":{"line":51,"column":18},"end":{"line":58,"column":38}},"loc":{"start":{"line":51,"column":18},"end":{"line":58,"column":38}},"line":51},"1":{"name":"InfrastructureLayer","decl":{"start":{"line":60,"column":2},"end":{"line":74,"column":3}},"loc":{"start":{"line":60,"column":2},"end":{"line":74,"column":3}},"line":60}},"f":{"0":4,"1":4}}
,"/Users/geoffreyfernald/driftv2/packages/drift-mcp/src/infrastructure/rate_limiter.ts": {"path":"/Users/geoffreyfernald/driftv2/packages/drift-mcp/src/infrastructure/rate_limiter.ts","all":false,"statementMap":{"24":{"start":{"line":25,"column":0},"end":{"line":25,"column":56}},"25":{"start":{"line":26,"column":0},"end":{"line":26,"column":19}},"26":{"start":{"line":27,"column":0},"end":{"line":27,"column":25}},"27":{"start":{"line":28,"column":0},"end":{"line":28,"column":21}},"28":{"start":{"line":29,"column":0},"end":{"line":29,"column":28}},"29":{"start":{"line":30,"column":0},"end":{"line":30,"column":27}},"30":{"start":{"line":31,"column":0},"end":{"line":31,"column":17}},"31":{"start":{"line":32,"column":0},"end":{"line":32,"column":16}},"32":{"start":{"line":33,"column":0},"end":{"line":33,"column":21}},"33":{"start":{"line":34,"column":0},"end":{"line":34,"column":27}},"34":{"start":{"line":35,"column":0},"end":{"line":35,"column":28}},"35":{"start":{"line":36,"column":0},"end":{"line":36,"column":5}},"36":{"start":{"line":37,"column":0},"end":{"line":37,"column":2}},"38":{"start":{"line":39,"column":0},"end":{"line":39,"column":26}},"39":{"start":{"line":40,"column":0},"end":{"line":40,"column":51}},"40":{"start":{"line":41,"column":0},"end":{"line":41,"column":54}},"41":{"start":{"line":42,"column":0},"end":{"line":42,"column":45}},"43":{"start":{"line":44,"column":0},"end":{"line":44,"column":56}},"44":{"start":{"line":45,"column":0},"end":{"line":45,"column":64}},"45":{"start":{"line":46,"column":0},"end":{"line":46,"column":3}},"48":{"start":{"line":49,"column":0},"end":{"line":49,"column":44}},"49":{"start":{"line":50,"column":0},"end":{"line":50,"column":27}},"52":{"start":{"line":53,"column":0},"end":{"line":53,"column":81}},"55":{"start":{"line":56,"column":0},"end":{"line":56,"column":66}},"56":{"start":{"line":57,"column":0},"end":{"line":57,"column":47}},"57":{"start":{"line":58,"column":0},"end":{"line":58,"column":36}},"58":{"start":{"line":59,"column":0},"end":{"line":59,"column":50}},"59":{"start":{"line":60,"column":0},"end":{"line":60,"column":35}},"60":{"start":{"line":61,"column":0},"end":{"line":61,"column":8}},"61":{"start":{"line":62,"column":0},"end":{"line":62,"column":14}},"62":{"start":{"line":63,"column":0},"end":{"line":63,"column":23}},"63":{"start":{"line":64,"column":0},"end":{"line":64,"column":21}},"64":{"start":{"line":65,"column":0},"end":{"line":65,"column":112}},"65":{"start":{"line":66,"column":0},"end":{"line":66,"column":8}},"66":{"start":{"line":67,"column":0},"end":{"line":67,"column":5}},"69":{"start":{"line":70,"column":0},"end":{"line":70,"column":51}},"70":{"start":{"line":71,"column":0},"end":{"line":71,"column":89}},"72":{"start":{"line":73,"column":0},"end":{"line":73,"column":74}},"73":{"start":{"line":74,"column":0},"end":{"line":74,"column":52}},"74":{"start":{"line":75,"column":0},"end":{"line":75,"column":38}},"75":{"start":{"line":76,"column":0},"end":{"line":76,"column":55}},"76":{"start":{"line":77,"column":0},"end":{"line":77,"column":40}},"77":{"start":{"line":78,"column":0},"end":{"line":78,"column":10}},"78":{"start":{"line":79,"column":0},"end":{"line":79,"column":16}},"79":{"start":{"line":80,"column":0},"end":{"line":80,"column":25}},"80":{"start":{"line":81,"column":0},"end":{"line":81,"column":23}},"81":{"start":{"line":82,"column":0},"end":{"line":82,"column":128}},"82":{"start":{"line":83,"column":0},"end":{"line":83,"column":10}},"83":{"start":{"line":84,"column":0},"end":{"line":84,"column":7}},"85":{"start":{"line":86,"column":0},"end":{"line":86,"column":41}},"86":{"start":{"line":87,"column":0},"end":{"line":87,"column":5}},"88":{"start":{"line":89,"column":0},"end":{"line":89,"column":36}},"89":{"start":{"line":90,"column":0},"end":{"line":90,"column":29}},"90":{"start":{"line":91,"column":0},"end":{"line":91,"column":3}},"93":{"start":{"line":94,"column":0},"end":{"line":94,"column":17}},"94":{"start":{"line":95,"column":0},"end":{"line":95,"column":37}},"95":{"start":{"line":96,"column":0},"end":{"line":96,"column":40}},"96":{"start":{"line":97,"column":0},"end":{"line":97,"column":3}},"98":{"start":{"line":99,"column":0},"end":{"line":99,"column":86}},"99":{"start":{"line":100,"column":0},"end":{"line":100,"column":34}},"100":{"start":{"line":101,"column":0},"end":{"line":101,"column":62}},"101":{"start":{"line":102,"column":0},"end":{"line":102,"column":25}},"102":{"start":{"line":103,"column":0},"end":{"line":103,"column":5}},"103":{"start":{"line":104,"column":0},"end":{"line":104,"column":3}},"104":{"start":{"line":105,"column":0},"end":{"line":105,"column":1}}},"s":{"24":1,"25":1,"26":1,"27":1,"28":1,"29":1,"30":1,"31":1,"32":1,"33":1,"34":1,"35":1,"36":1,"38":1,"39":1,"40":11,"41":11,"43":1,"44":11,"45":11,"48":1,"49":332,"52":332,"55":332,"56":3,"57":3,"58":3,"59":3,"60":3,"61":3,"62":3,"63":3,"64":3,"65":3,"66":3,"69":332,"70":22,"72":22,"73":2,"74":2,"75":2,"76":2,"77":2,"78":2,"79":2,"80":2,"81":2,"82":2,"83":2,"85":20,"86":20,"88":327,"89":327,"90":332,"93":1,"94":0,"95":0,"96":0,"98":1,"99":354,"100":354,"101":5,"102":5,"103":354,"104":1},"branchMap":{"0":{"type":"branch","line":40,"loc":{"start":{"line":40,"column":19},"end":{"line":42,"column":45}},"locations":[{"start":{"line":40,"column":19},"end":{"line":42,"column":45}}]},"1":{"type":"branch","line":44,"loc":{"start":{"line":44,"column":2},"end":{"line":46,"column":3}},"locations":[{"start":{"line":44,"column":2},"end":{"line":46,"column":3}}]},"2":{"type":"branch","line":49,"loc":{"start":{"line":49,"column":2},"end":{"line":91,"column":3}},"locations":[{"start":{"line":49,"column":2},"end":{"line":91,"column":3}}]},"3":{"type":"branch","line":56,"loc":{"start":{"line":56,"column":65},"end":{"line":67,"column":5}},"locations":[{"start":{"line":56,"column":65},"end":{"line":67,"column":5}}]},"4":{"type":"branch","line":67,"loc":{"start":{"line":67,"column":4},"end":{"line":70,"column":50}},"locations":[{"start":{"line":67,"column":4},"end":{"line":70,"column":50}}]},"5":{"type":"branch","line":70,"loc":{"start":{"line":70,"column":50},"end":{"line":87,"column":5}},"locations":[{"start":{"line":70,"column":50},"end":{"line":87,"column":5}}]},"6":{"type":"branch","line":73,"loc":{"start":{"line":73,"column":73},"end":{"line":84,"column":7}},"locations":[{"start":{"line":73,"column":73},"end":{"line":84,"column":7}}]},"7":{"type":"branch","line":84,"loc":{"start":{"line":84,"column":6},"end":{"line":87,"column":5}},"locations":[{"start":{"line":84,"column":6},"end":{"line":87,"column":5}}]},"8":{"type":"branch","line":87,"loc":{"start":{"line":87,"column":4},"end":{"line":90,"column":29}},"locations":[{"start":{"line":87,"column":4},"end":{"line":90,"column":29}}]},"9":{"type":"branch","line":99,"loc":{"start":{"line":99,"column":10},"end":{"line":104,"column":3}},"locations":[{"start":{"line":99,"column":10},"end":{"line":104,"column":3}}]},"10":{"type":"branch","line":101,"loc":{"start":{"line":101,"column":31},"end":{"line":101,"column":61}},"locations":[{"start":{"line":101,"column":31},"end":{"line":101,"column":61}}]},"11":{"type":"branch","line":101,"loc":{"start":{"line":101,"column":61},"end":{"line":103,"column":5}},"locations":[{"start":{"line":101,"column":61},"end":{"line":103,"column":5}}]}},"b":{"0":[11],"1":[11],"2":[332],"3":[3],"4":[329],"5":[22],"6":[2],"7":[20],"8":[327],"9":[354],"10":[350],"11":[5]},"fnMap":{"0":{"name":"<instance_members_initializer>","decl":{"start":{"line":40,"column":19},"end":{"line":42,"column":45}},"loc":{"start":{"line":40,"column":19},"end":{"line":42,"column":45}},"line":40},"1":{"name":"RateLimiter","decl":{"start":{"line":44,"column":2},"end":{"line":46,"column":3}},"loc":{"start":{"line":44,"column":2},"end":{"line":46,"column":3}},"line":44},"2":{"name":"check","decl":{"start":{"line":49,"column":2},"end":{"line":91,"column":3}},"loc":{"start":{"line":49,"column":2},"end":{"line":91,"column":3}},"line":49},"3":{"name":"reset","decl":{"start":{"line":94,"column":2},"end":{"line":97,"column":3}},"loc":{"start":{"line":94,"column":2},"end":{"line":97,"column":3}},"line":94},"4":{"name":"pruneTimestamps","decl":{"start":{"line":99,"column":10},"end":{"line":104,"column":3}},"loc":{"start":{"line":99,"column":10},"end":{"line":104,"column":3}},"line":99}},"f":{"0":11,"1":11,"2":332,"3":0,"4":354}}
,"/Users/geoffreyfernald/driftv2/packages/drift-mcp/src/infrastructure/response_builder.ts": {"path":"/Users/geoffreyfernald/driftv2/packages/drift-mcp/src/infrastructure/response_builder.ts","all":false,"statementMap":{"23":{"start":{"line":24,"column":0},"end":{"line":24,"column":47}},"24":{"start":{"line":25,"column":0},"end":{"line":25,"column":22}},"25":{"start":{"line":26,"column":0},"end":{"line":26,"column":2}},"27":{"start":{"line":28,"column":0},"end":{"line":28,"column":30}},"28":{"start":{"line":29,"column":0},"end":{"line":29,"column":45}},"29":{"start":{"line":30,"column":0},"end":{"line":30,"column":41}},"31":{"start":{"line":32,"column":0},"end":{"line":32,"column":79}},"32":{"start":{"line":33,"column":0},"end":{"line":33,"column":31}},"33":{"start":{"line":34,"column":0},"end":{"line":34,"column":59}},"34":{"start":{"line":35,"column":0},"end":{"line":35,"column":3}},"40":{"start":{"line":41,"column":0},"end":{"line":41,"column":43}},"41":{"start":{"line":42,"column":0},"end":{"line":42,"column":12}},"42":{"start":{"line":43,"column":0},"end":{"line":43,"column":20}},"43":{"start":{"line":44,"column":0},"end":{"line":44,"column":20}},"44":{"start":{"line":45,"column":0},"end":{"line":45,"column":27}},"45":{"start":{"line":46,"column":0},"end":{"line":46,"column":64}},"48":{"start":{"line":49,"column":0},"end":{"line":49,"column":42}},"49":{"start":{"line":50,"column":0},"end":{"line":50,"column":65}},"51":{"start":{"line":52,"column":0},"end":{"line":52,"column":42}},"52":{"start":{"line":53,"column":0},"end":{"line":53,"column":14}},"53":{"start":{"line":54,"column":0},"end":{"line":54,"column":16}},"54":{"start":{"line":55,"column":0},"end":{"line":55,"column":26}},"55":{"start":{"line":56,"column":0},"end":{"line":56,"column":37}},"56":{"start":{"line":57,"column":0},"end":{"line":57,"column":8}},"57":{"start":{"line":58,"column":0},"end":{"line":58,"column":5}},"60":{"start":{"line":61,"column":0},"end":{"line":61,"column":65}},"61":{"start":{"line":62,"column":0},"end":{"line":62,"column":57}},"62":{"start":{"line":63,"column":0},"end":{"line":63,"column":75}},"64":{"start":{"line":65,"column":0},"end":{"line":65,"column":12}},"65":{"start":{"line":66,"column":0},"end":{"line":66,"column":29}},"66":{"start":{"line":67,"column":0},"end":{"line":67,"column":24}},"67":{"start":{"line":68,"column":0},"end":{"line":68,"column":40}},"68":{"start":{"line":69,"column":0},"end":{"line":69,"column":23}},"69":{"start":{"line":70,"column":0},"end":{"line":70,"column":40}},"70":{"start":{"line":71,"column":0},"end":{"line":71,"column":6}},"71":{"start":{"line":72,"column":0},"end":{"line":72,"column":3}},"73":{"start":{"line":74,"column":0},"end":{"line":74,"column":60}},"74":{"start":{"line":75,"column":0},"end":{"line":75,"column":12}},"75":{"start":{"line":76,"column":0},"end":{"line":76,"column":19}},"76":{"start":{"line":77,"column":0},"end":{"line":77,"column":60}},"77":{"start":{"line":78,"column":0},"end":{"line":78,"column":47}},"78":{"start":{"line":79,"column":0},"end":{"line":79,"column":23}},"80":{"start":{"line":81,"column":0},"end":{"line":81,"column":54}},"81":{"start":{"line":82,"column":0},"end":{"line":82,"column":33}},"82":{"start":{"line":83,"column":0},"end":{"line":83,"column":35}},"84":{"start":{"line":85,"column":0},"end":{"line":85,"column":19}},"85":{"start":{"line":86,"column":0},"end":{"line":86,"column":30}},"86":{"start":{"line":87,"column":0},"end":{"line":87,"column":25}},"87":{"start":{"line":88,"column":0},"end":{"line":88,"column":52}},"88":{"start":{"line":89,"column":0},"end":{"line":89,"column":68}},"89":{"start":{"line":90,"column":0},"end":{"line":90,"column":84}},"90":{"start":{"line":91,"column":0},"end":{"line":91,"column":35}},"91":{"start":{"line":92,"column":0},"end":{"line":92,"column":21}},"92":{"start":{"line":93,"column":0},"end":{"line":93,"column":18}},"93":{"start":{"line":94,"column":0},"end":{"line":94,"column":25}},"94":{"start":{"line":95,"column":0},"end":{"line":95,"column":11}},"95":{"start":{"line":96,"column":0},"end":{"line":96,"column":9}},"96":{"start":{"line":97,"column":0},"end":{"line":97,"column":41}},"97":{"start":{"line":98,"column":0},"end":{"line":98,"column":14}},"98":{"start":{"line":99,"column":0},"end":{"line":99,"column":28}},"99":{"start":{"line":100,"column":0},"end":{"line":100,"column":7}},"100":{"start":{"line":101,"column":0},"end":{"line":101,"column":5}},"102":{"start":{"line":103,"column":0},"end":{"line":103,"column":40}},"103":{"start":{"line":104,"column":0},"end":{"line":104,"column":3}},"104":{"start":{"line":105,"column":0},"end":{"line":105,"column":1}}},"s":{"23":1,"24":1,"25":1,"27":1,"28":1,"29":5,"31":1,"32":5,"33":5,"34":5,"40":1,"41":5,"42":5,"43":5,"44":5,"45":5,"48":5,"49":5,"51":5,"52":4,"53":4,"54":4,"55":4,"56":4,"57":4,"60":1,"61":1,"62":1,"64":1,"65":1,"66":1,"67":1,"68":1,"69":1,"70":1,"71":5,"73":1,"74":1,"75":1,"76":1,"77":1,"78":1,"80":1,"81":2,"82":1,"84":1,"85":1,"86":1,"87":7,"88":7,"89":7,"90":7,"91":3,"92":7,"93":4,"94":4,"95":7,"96":1,"97":1,"98":1,"99":1,"100":2,"102":1,"103":1,"104":1},"branchMap":{"0":{"type":"branch","line":29,"loc":{"start":{"line":29,"column":19},"end":{"line":30,"column":41}},"locations":[{"start":{"line":29,"column":19},"end":{"line":30,"column":41}}]},"1":{"type":"branch","line":32,"loc":{"start":{"line":32,"column":2},"end":{"line":35,"column":3}},"locations":[{"start":{"line":32,"column":2},"end":{"line":35,"column":3}}]},"2":{"type":"branch","line":41,"loc":{"start":{"line":41,"column":2},"end":{"line":72,"column":3}},"locations":[{"start":{"line":41,"column":2},"end":{"line":72,"column":3}}]},"3":{"type":"branch","line":46,"loc":{"start":{"line":46,"column":28},"end":{"line":46,"column":64}},"locations":[{"start":{"line":46,"column":28},"end":{"line":46,"column":64}}]},"4":{"type":"branch","line":52,"loc":{"start":{"line":52,"column":41},"end":{"line":58,"column":5}},"locations":[{"start":{"line":52,"column":41},"end":{"line":58,"column":5}}]},"5":{"type":"branch","line":58,"loc":{"start":{"line":58,"column":4},"end":{"line":71,"column":6}},"locations":[{"start":{"line":58,"column":4},"end":{"line":71,"column":6}}]},"6":{"type":"branch","line":74,"loc":{"start":{"line":74,"column":10},"end":{"line":104,"column":3}},"locations":[{"start":{"line":74,"column":10},"end":{"line":104,"column":3}}]},"7":{"type":"branch","line":81,"loc":{"start":{"line":81,"column":53},"end":{"line":101,"column":5}},"locations":[{"start":{"line":81,"column":53},"end":{"line":101,"column":5}}]},"8":{"type":"branch","line":82,"loc":{"start":{"line":82,"column":32},"end":{"line":100,"column":7}},"locations":[{"start":{"line":82,"column":32},"end":{"line":100,"column":7}}]},"9":{"type":"branch","line":87,"loc":{"start":{"line":87,"column":24},"end":{"line":96,"column":9}},"locations":[{"start":{"line":87,"column":24},"end":{"line":96,"column":9}}]},"10":{"type":"branch","line":91,"loc":{"start":{"line":91,"column":34},"end":{"line":93,"column":17}},"locations":[{"start":{"line":91,"column":34},"end":{"line":93,"column":17}}]},"11":{"type":"branch","line":93,"loc":{"start":{"line":93,"column":10},"end":{"line":95,"column":11}},"locations":[{"start":{"line":93,"column":10},"end":{"line":95,"column":11}}]}},"b":{"0":[5],"1":[5],"2":[5],"3":[3],"4":[4],"5":[1],"6":[1],"7":[2],"8":[1],"9":[7],"10":[3],"11":[4]},"fnMap":{"0":{"name":"<instance_members_initializer>","decl":{"start":{"line":29,"column":19},"end":{"line":30,"column":41}},"loc":{"start":{"line":29,"column":19},"end":{"line":30,"column":41}},"line":29},"1":{"name":"ResponseBuilder","decl":{"start":{"line":32,"column":2},"end":{"line":35,"column":3}},"loc":{"start":{"line":32,"column":2},"end":{"line":35,"column":3}},"line":32},"2":{"name":"build","decl":{"start":{"line":41,"column":2},"end":{"line":72,"column":3}},"loc":{"start":{"line":41,"column":2},"end":{"line":72,"column":3}},"line":41},"3":{"name":"truncateArrays","decl":{"start":{"line":74,"column":10},"end":{"line":104,"column":3}},"loc":{"start":{"line":74,"column":10},"end":{"line":104,"column":3}},"line":74}},"f":{"0":5,"1":5,"2":5,"3":1}}
,"/Users/geoffreyfernald/driftv2/packages/drift-mcp/src/infrastructure/token_estimator.ts": {"path":"/Users/geoffreyfernald/driftv2/packages/drift-mcp/src/infrastructure/token_estimator.ts","all":false,"statementMap":{"16":{"start":{"line":17,"column":0},"end":{"line":17,"column":62}},"17":{"start":{"line":18,"column":0},"end":{"line":18,"column":28}},"18":{"start":{"line":19,"column":0},"end":{"line":19,"column":25}},"19":{"start":{"line":20,"column":0},"end":{"line":20,"column":2}},"22":{"start":{"line":23,"column":0},"end":{"line":23,"column":47}},"23":{"start":{"line":24,"column":0},"end":{"line":24,"column":20}},"24":{"start":{"line":25,"column":0},"end":{"line":25,"column":22}},"25":{"start":{"line":26,"column":0},"end":{"line":26,"column":18}},"26":{"start":{"line":27,"column":0},"end":{"line":27,"column":19}},"27":{"start":{"line":28,"column":0},"end":{"line":28,"column":24}},"28":{"start":{"line":29,"column":0},"end":{"line":29,"column":19}},"29":{"start":{"line":30,"column":0},"end":{"line":30,"column":22}},"30":{"start":{"line":31,"column":0},"end":{"line":31,"column":31}},"31":{"start":{"line":32,"column":0},"end":{"line":32,"column":28}},"32":{"start":{"line":33,"column":0},"end":{"line":33,"column":28}},"33":{"start":{"line":34,"column":0},"end":{"line":34,"column":29}},"34":{"start":{"line":35,"column":0},"end":{"line":35,"column":27}},"35":{"start":{"line":36,"column":0},"end":{"line":36,"column":26}},"36":{"start":{"line":37,"column":0},"end":{"line":37,"column":27}},"37":{"start":{"line":38,"column":0},"end":{"line":38,"column":2}},"39":{"start":{"line":40,"column":0},"end":{"line":40,"column":29}},"40":{"start":{"line":41,"column":0},"end":{"line":41,"column":48}},"42":{"start":{"line":43,"column":0},"end":{"line":43,"column":59}},"43":{"start":{"line":44,"column":0},"end":{"line":44,"column":67}},"44":{"start":{"line":45,"column":0},"end":{"line":45,"column":3}},"47":{"start":{"line":48,"column":0},"end":{"line":48,"column":40}},"48":{"start":{"line":49,"column":0},"end":{"line":49,"column":45}},"51":{"start":{"line":52,"column":0},"end":{"line":52,"column":44}},"52":{"start":{"line":53,"column":0},"end":{"line":53,"column":47}},"53":{"start":{"line":54,"column":0},"end":{"line":54,"column":83}},"55":{"start":{"line":56,"column":0},"end":{"line":56,"column":25}},"56":{"start":{"line":57,"column":0},"end":{"line":57,"column":58}},"57":{"start":{"line":58,"column":0},"end":{"line":58,"column":48}},"59":{"start":{"line":60,"column":0},"end":{"line":60,"column":50}},"60":{"start":{"line":61,"column":0},"end":{"line":61,"column":3}},"63":{"start":{"line":64,"column":0},"end":{"line":64,"column":87}},"64":{"start":{"line":65,"column":0},"end":{"line":65,"column":44}},"65":{"start":{"line":66,"column":0},"end":{"line":66,"column":32}},"66":{"start":{"line":67,"column":0},"end":{"line":67,"column":21}},"67":{"start":{"line":68,"column":0},"end":{"line":68,"column":5}},"69":{"start":{"line":70,"column":0},"end":{"line":70,"column":15}},"70":{"start":{"line":71,"column":0},"end":{"line":71,"column":3}},"73":{"start":{"line":74,"column":0},"end":{"line":74,"column":20}},"74":{"start":{"line":75,"column":0},"end":{"line":75,"column":21}},"75":{"start":{"line":76,"column":0},"end":{"line":76,"column":48}},"76":{"start":{"line":77,"column":0},"end":{"line":77,"column":19}},"77":{"start":{"line":78,"column":0},"end":{"line":78,"column":14}},"78":{"start":{"line":79,"column":0},"end":{"line":79,"column":66}},"79":{"start":{"line":80,"column":0},"end":{"line":80,"column":3}},"80":{"start":{"line":81,"column":0},"end":{"line":81,"column":1}}},"s":{"16":1,"17":1,"18":1,"19":1,"22":1,"23":1,"24":1,"25":1,"26":1,"27":1,"28":1,"29":1,"30":1,"31":1,"32":1,"33":1,"34":1,"35":1,"36":1,"37":1,"39":1,"40":1,"42":1,"43":6,"44":6,"47":1,"48":16,"51":15,"52":15,"53":16,"55":16,"56":16,"57":16,"59":16,"60":16,"63":1,"64":7,"65":7,"66":6,"67":6,"69":1,"70":7,"73":1,"74":4,"75":4,"76":4,"77":4,"78":4,"79":4,"80":1},"branchMap":{"0":{"type":"branch","line":41,"loc":{"start":{"line":41,"column":19},"end":{"line":41,"column":48}},"locations":[{"start":{"line":41,"column":19},"end":{"line":41,"column":48}}]},"1":{"type":"branch","line":43,"loc":{"start":{"line":43,"column":2},"end":{"line":45,"column":3}},"locations":[{"start":{"line":43,"column":2},"end":{"line":45,"column":3}}]},"2":{"type":"branch","line":48,"loc":{"start":{"line":48,"column":2},"end":{"line":61,"column":3}},"locations":[{"start":{"line":48,"column":2},"end":{"line":61,"column":3}}]},"3":{"type":"branch","line":49,"loc":{"start":{"line":49,"column":9},"end":{"line":49,"column":36}},"locations":[{"start":{"line":49,"column":9},"end":{"line":49,"column":36}}]},"4":{"type":"branch","line":49,"loc":{"start":{"line":49,"column":36},"end":{"line":49,"column":45}},"locations":[{"start":{"line":49,"column":36},"end":{"line":49,"column":45}}]},"5":{"type":"branch","line":49,"loc":{"start":{"line":49,"column":43},"end":{"line":54,"column":32}},"locations":[{"start":{"line":49,"column":43},"end":{"line":54,"column":32}}]},"6":{"type":"branch","line":54,"loc":{"start":{"line":54,"column":22},"end":{"line":54,"column":81}},"locations":[{"start":{"line":54,"column":22},"end":{"line":54,"column":81}}]},"7":{"type":"branch","line":54,"loc":{"start":{"line":54,"column":77},"end":{"line":54,"column":83}},"locations":[{"start":{"line":54,"column":77},"end":{"line":54,"column":83}}]},"8":{"type":"branch","line":64,"loc":{"start":{"line":64,"column":2},"end":{"line":71,"column":3}},"locations":[{"start":{"line":64,"column":2},"end":{"line":71,"column":3}}]},"9":{"type":"branch","line":66,"loc":{"start":{"line":66,"column":31},"end":{"line":68,"column":5}},"locations":[{"start":{"line":66,"column":31},"end":{"line":68,"column":5}}]},"10":{"type":"branch","line":68,"loc":{"start":{"line":68,"column":4},"end":{"line":70,"column":15}},"locations":[{"start":{"line":68,"column":4},"end":{"line":70,"column":15}}]},"11":{"type":"branch","line":74,"loc":{"start":{"line":74,"column":2},"end":{"line":80,"column":3}},"locations":[{"start":{"line":74,"column":2},"end":{"line":80,"column":3}}]}},"b":{"0":[6],"1":[6],"2":[16],"3":[15],"4":[1],"5":[15],"6":[14],"7":[1],"8":[7],"9":[6],"10":[1],"11":[4]},"fnMap":{"0":{"name":"<instance_members_initializer>","decl":{"start":{"line":41,"column":19},"end":{"line":41,"column":48}},"loc":{"start":{"line":41,"column":19},"end":{"line":41,"column":48}},"line":41},"1":{"name":"TokenEstimator","decl":{"start":{"line":43,"column":2},"end":{"line":45,"column":3}},"loc":{"start":{"line":43,"column":2},"end":{"line":45,"column":3}},"line":43},"2":{"name":"estimateTokens","decl":{"start":{"line":48,"column":2},"end":{"line":61,"column":3}},"loc":{"start":{"line":48,"column":2},"end":{"line":61,"column":3}},"line":48},"3":{"name":"estimateResponseTokens","decl":{"start":{"line":64,"column":2},"end":{"line":71,"column":3}},"loc":{"start":{"line":64,"column":2},"end":{"line":71,"column":3}},"line":64},"4":{"name":"wouldExceedBudget","decl":{"start":{"line":74,"column":2},"end":{"line":80,"column":3}},"loc":{"start":{"line":74,"column":2},"end":{"line":80,"column":3}},"line":74}},"f":{"0":6,"1":6,"2":16,"3":7,"4":4}}
,"/Users/geoffreyfernald/driftv2/packages/drift-mcp/src/infrastructure/tool_filter.ts": {"path":"/Users/geoffreyfernald/driftv2/packages/drift-mcp/src/infrastructure/tool_filter.ts","all":false,"statementMap":{"18":{"start":{"line":19,"column":0},"end":{"line":19,"column":28}},"19":{"start":{"line":20,"column":0},"end":{"line":20,"column":17}},"20":{"start":{"line":21,"column":0},"end":{"line":21,"column":18}},"21":{"start":{"line":22,"column":0},"end":{"line":22,"column":15}},"22":{"start":{"line":23,"column":0},"end":{"line":23,"column":16}},"23":{"start":{"line":24,"column":0},"end":{"line":24,"column":21}},"24":{"start":{"line":25,"column":0},"end":{"line":25,"column":15}},"25":{"start":{"line":26,"column":0},"end":{"line":26,"column":19}},"26":{"start":{"line":27,"column":0},"end":{"line":27,"column":19}},"27":{"start":{"line":28,"column":0},"end":{"line":28,"column":3}},"30":{"start":{"line":31,"column":0},"end":{"line":31,"column":58}},"31":{"start":{"line":32,"column":0},"end":{"line":32,"column":77}},"32":{"start":{"line":33,"column":0},"end":{"line":33,"column":77}},"33":{"start":{"line":34,"column":0},"end":{"line":34,"column":64}},"34":{"start":{"line":35,"column":0},"end":{"line":35,"column":35}},"35":{"start":{"line":36,"column":0},"end":{"line":36,"column":23}},"36":{"start":{"line":37,"column":0},"end":{"line":37,"column":53}},"37":{"start":{"line":38,"column":0},"end":{"line":38,"column":45}},"38":{"start":{"line":39,"column":0},"end":{"line":39,"column":2}},"40":{"start":{"line":41,"column":0},"end":{"line":41,"column":25}},"47":{"start":{"line":48,"column":0},"end":{"line":48,"column":9}},"48":{"start":{"line":49,"column":0},"end":{"line":49,"column":44}},"49":{"start":{"line":50,"column":0},"end":{"line":50,"column":45}},"50":{"start":{"line":51,"column":0},"end":{"line":51,"column":37}},"52":{"start":{"line":53,"column":0},"end":{"line":53,"column":60}},"53":{"start":{"line":54,"column":0},"end":{"line":54,"column":21}},"54":{"start":{"line":55,"column":0},"end":{"line":55,"column":5}},"56":{"start":{"line":57,"column":0},"end":{"line":57,"column":53}},"57":{"start":{"line":58,"column":0},"end":{"line":58,"column":47}},"59":{"start":{"line":60,"column":0},"end":{"line":60,"column":43}},"60":{"start":{"line":61,"column":0},"end":{"line":61,"column":52}},"61":{"start":{"line":62,"column":0},"end":{"line":62,"column":21}},"62":{"start":{"line":63,"column":0},"end":{"line":63,"column":36}},"63":{"start":{"line":64,"column":0},"end":{"line":64,"column":35}},"64":{"start":{"line":65,"column":0},"end":{"line":65,"column":9}},"65":{"start":{"line":66,"column":0},"end":{"line":66,"column":7}},"66":{"start":{"line":67,"column":0},"end":{"line":67,"column":5}},"69":{"start":{"line":70,"column":0},"end":{"line":70,"column":38}},"70":{"start":{"line":71,"column":0},"end":{"line":71,"column":21}},"71":{"start":{"line":72,"column":0},"end":{"line":72,"column":5}},"73":{"start":{"line":74,"column":0},"end":{"line":74,"column":58}},"75":{"start":{"line":76,"column":0},"end":{"line":76,"column":41}},"77":{"start":{"line":78,"column":0},"end":{"line":78,"column":33}},"78":{"start":{"line":79,"column":0},"end":{"line":79,"column":33}},"79":{"start":{"line":80,"column":0},"end":{"line":80,"column":17}},"80":{"start":{"line":81,"column":0},"end":{"line":81,"column":7}},"83":{"start":{"line":84,"column":0},"end":{"line":84,"column":42}},"84":{"start":{"line":85,"column":0},"end":{"line":85,"column":19}},"85":{"start":{"line":86,"column":0},"end":{"line":86,"column":22}},"86":{"start":{"line":87,"column":0},"end":{"line":87,"column":19}},"87":{"start":{"line":88,"column":0},"end":{"line":88,"column":22}},"88":{"start":{"line":89,"column":0},"end":{"line":89,"column":22}},"89":{"start":{"line":90,"column":0},"end":{"line":90,"column":16}},"90":{"start":{"line":91,"column":0},"end":{"line":91,"column":21}},"91":{"start":{"line":92,"column":0},"end":{"line":92,"column":9}},"92":{"start":{"line":93,"column":0},"end":{"line":93,"column":50}},"93":{"start":{"line":94,"column":0},"end":{"line":94,"column":33}},"94":{"start":{"line":95,"column":0},"end":{"line":95,"column":17}},"95":{"start":{"line":96,"column":0},"end":{"line":96,"column":7}},"98":{"start":{"line":99,"column":0},"end":{"line":99,"column":55}},"99":{"start":{"line":100,"column":0},"end":{"line":100,"column":65}},"100":{"start":{"line":101,"column":0},"end":{"line":101,"column":83}},"102":{"start":{"line":103,"column":0},"end":{"line":103,"column":35}},"103":{"start":{"line":104,"column":0},"end":{"line":104,"column":33}},"104":{"start":{"line":105,"column":0},"end":{"line":105,"column":7}},"105":{"start":{"line":106,"column":0},"end":{"line":106,"column":5}},"107":{"start":{"line":108,"column":0},"end":{"line":108,"column":20}},"108":{"start":{"line":109,"column":0},"end":{"line":109,"column":3}},"109":{"start":{"line":110,"column":0},"end":{"line":110,"column":1}}},"s":{"18":1,"19":1,"20":1,"21":1,"22":1,"23":1,"24":1,"25":1,"26":1,"27":1,"30":1,"31":1,"32":1,"33":1,"34":1,"35":1,"36":1,"37":1,"38":1,"40":1,"47":1,"48":5,"49":5,"50":5,"52":5,"53":2,"54":2,"56":3,"57":3,"59":5,"60":4,"61":4,"62":4,"63":22,"64":22,"65":4,"66":4,"69":5,"70":0,"71":0,"73":3,"75":5,"77":27,"78":15,"79":15,"80":15,"83":12,"84":12,"85":12,"86":12,"87":12,"88":12,"89":12,"90":12,"91":12,"92":27,"93":6,"94":6,"95":6,"98":6,"99":6,"100":6,"102":27,"103":3,"104":3,"105":27,"107":3,"108":5,"109":1},"branchMap":{"0":{"type":"branch","line":48,"loc":{"start":{"line":48,"column":2},"end":{"line":109,"column":3}},"locations":[{"start":{"line":48,"column":2},"end":{"line":109,"column":3}}]},"1":{"type":"branch","line":53,"loc":{"start":{"line":53,"column":9},"end":{"line":53,"column":59}},"locations":[{"start":{"line":53,"column":9},"end":{"line":53,"column":59}}]},"2":{"type":"branch","line":53,"loc":{"start":{"line":53,"column":59},"end":{"line":55,"column":5}},"locations":[{"start":{"line":53,"column":59},"end":{"line":55,"column":5}}]},"3":{"type":"branch","line":55,"loc":{"start":{"line":55,"column":4},"end":{"line":60,"column":42}},"locations":[{"start":{"line":55,"column":4},"end":{"line":60,"column":42}}]},"4":{"type":"branch","line":60,"loc":{"start":{"line":60,"column":42},"end":{"line":67,"column":5}},"locations":[{"start":{"line":60,"column":42},"end":{"line":67,"column":5}}]},"5":{"type":"branch","line":63,"loc":{"start":{"line":63,"column":35},"end":{"line":65,"column":9}},"locations":[{"start":{"line":63,"column":35},"end":{"line":65,"column":9}}]},"6":{"type":"branch","line":67,"loc":{"start":{"line":67,"column":4},"end":{"line":70,"column":37}},"locations":[{"start":{"line":67,"column":4},"end":{"line":70,"column":37}}]},"7":{"type":"branch","line":70,"loc":{"start":{"line":70,"column":37},"end":{"line":72,"column":5}},"locations":[{"start":{"line":70,"column":37},"end":{"line":72,"column":5}}]},"8":{"type":"branch","line":72,"loc":{"start":{"line":72,"column":4},"end":{"line":76,"column":40}},"locations":[{"start":{"line":72,"column":4},"end":{"line":76,"column":40}}]},"9":{"type":"branch","line":76,"loc":{"start":{"line":76,"column":40},"end":{"line":106,"column":5}},"locations":[{"start":{"line":76,"column":40},"end":{"line":106,"column":5}}]},"10":{"type":"branch","line":78,"loc":{"start":{"line":78,"column":32},"end":{"line":81,"column":7}},"locations":[{"start":{"line":78,"column":32},"end":{"line":81,"column":7}}]},"11":{"type":"branch","line":81,"loc":{"start":{"line":81,"column":6},"end":{"line":93,"column":49}},"locations":[{"start":{"line":81,"column":6},"end":{"line":93,"column":49}}]},"12":{"type":"branch","line":93,"loc":{"start":{"line":93,"column":49},"end":{"line":103,"column":34}},"locations":[{"start":{"line":93,"column":49},"end":{"line":103,"column":34}}]},"13":{"type":"branch","line":103,"loc":{"start":{"line":103,"column":34},"end":{"line":105,"column":7}},"locations":[{"start":{"line":103,"column":34},"end":{"line":105,"column":7}}]},"14":{"type":"branch","line":106,"loc":{"start":{"line":106,"column":4},"end":{"line":108,"column":20}},"locations":[{"start":{"line":106,"column":4},"end":{"line":108,"column":20}}]},"15":{"type":"branch","line":101,"loc":{"start":{"line":101,"column":51},"end":{"line":101,"column":81}},"locations":[{"start":{"line":101,"column":51},"end":{"line":101,"column":81}}]}},"b":{"0":[5],"1":[4],"2":[2],"3":[3],"4":[4],"5":[22],"6":[3],"7":[0],"8":[3],"9":[27],"10":[15],"11":[12],"12":[6],"13":[3],"14":[3],"15":[22]},"fnMap":{"0":{"name":"filter","decl":{"start":{"line":48,"column":2},"end":{"line":109,"column":3}},"loc":{"start":{"line":48,"column":2},"end":{"line":109,"column":3}},"line":48}},"f":{"0":5}}
,"/Users/geoffreyfernald/driftv2/packages/drift-mcp/src/tools/drift_context.ts": {"path":"/Users/geoffreyfernald/driftv2/packages/drift-mcp/src/tools/drift_context.ts","all":false,"statementMap":{"8":{"start":{"line":9,"column":0},"end":{"line":9,"column":38}},"12":{"start":{"line":13,"column":0},"end":{"line":13,"column":37}},"13":{"start":{"line":14,"column":0},"end":{"line":14,"column":26}},"14":{"start":{"line":15,"column":0},"end":{"line":15,"column":15}},"15":{"start":{"line":16,"column":0},"end":{"line":16,"column":13}},"16":{"start":{"line":17,"column":0},"end":{"line":17,"column":21}},"17":{"start":{"line":18,"column":0},"end":{"line":18,"column":123}},"18":{"start":{"line":19,"column":0},"end":{"line":19,"column":6}},"19":{"start":{"line":20,"column":0},"end":{"line":20,"column":12}},"20":{"start":{"line":21,"column":0},"end":{"line":21,"column":21}},"21":{"start":{"line":22,"column":0},"end":{"line":22,"column":44}},"22":{"start":{"line":23,"column":0},"end":{"line":23,"column":105}},"23":{"start":{"line":24,"column":0},"end":{"line":24,"column":26}},"24":{"start":{"line":25,"column":0},"end":{"line":25,"column":6}},"25":{"start":{"line":26,"column":0},"end":{"line":26,"column":12}},"26":{"start":{"line":27,"column":0},"end":{"line":27,"column":21}},"27":{"start":{"line":28,"column":0},"end":{"line":28,"column":84}},"28":{"start":{"line":29,"column":0},"end":{"line":29,"column":6}},"29":{"start":{"line":30,"column":0},"end":{"line":30,"column":4}},"30":{"start":{"line":31,"column":0},"end":{"line":31,"column":23}},"31":{"start":{"line":32,"column":0},"end":{"line":32,"column":30}},"32":{"start":{"line":33,"column":0},"end":{"line":33,"column":2}},"38":{"start":{"line":39,"column":0},"end":{"line":39,"column":41}},"39":{"start":{"line":40,"column":0},"end":{"line":40,"column":29}},"40":{"start":{"line":41,"column":0},"end":{"line":41,"column":27}},"41":{"start":{"line":42,"column":0},"end":{"line":42,"column":26}},"42":{"start":{"line":43,"column":0},"end":{"line":43,"column":43}},"43":{"start":{"line":44,"column":0},"end":{"line":44,"column":81}},"44":{"start":{"line":45,"column":0},"end":{"line":45,"column":75}},"46":{"start":{"line":47,"column":0},"end":{"line":47,"column":124}},"47":{"start":{"line":48,"column":0},"end":{"line":48,"column":7}},"48":{"start":{"line":49,"column":0},"end":{"line":49,"
[...]
},"103":{"start":{"line":104,"column":0},"end":{"line":104,"column":25}},"104":{"start":{"line":105,"column":0},"end":{"line":105,"column":37}},"105":{"start":{"line":106,"column":0},"end":{"line":106,"column":28}},"106":{"start":{"line":107,"column":0},"end":{"line":107,"column":49}},"107":{"start":{"line":108,"column":0},"end":{"line":108,"column":21}},"108":{"start":{"line":109,"column":0},"end":{"line":109,"column":20}},"109":{"start":{"line":110,"column":0},"end":{"line":110,"column":95}},"110":{"start":{"line":111,"column":0},"end":{"line":111,"column":6}},"111":{"start":{"line":112,"column":0},"end":{"line":112,"column":3}},"113":{"start":{"line":114,"column":0},"end":{"line":114,"column":41}},"114":{"start":{"line":115,"column":0},"end":{"line":115,"column":41}},"115":{"start":{"line":116,"column":0},"end":{"line":116,"column":53}},"116":{"start":{"line":117,"column":0},"end":{"line":117,"column":32}},"117":{"start":{"line":118,"column":0},"end":{"line":118,"column":29}},"118":{"start":{"line":119,"column":0},"end":{"line":119,"column":34}},"120":{"start":{"line":121,"column":0},"end":{"line":121,"column":35}},"121":{"start":{"line":122,"column":0},"end":{"line":122,"column":40}},"122":{"start":{"line":123,"column":0},"end":{"line":123,"column":33}},"123":{"start":{"line":124,"column":0},"end":{"line":124,"column":29}},"125":{"start":{"line":126,"column":0},"end":{"line":126,"column":16}},"126":{"start":{"line":127,"column":0},"end":{"line":127,"column":18}},"127":{"start":{"line":128,"column":0},"end":{"line":128,"column":24}},"128":{"start":{"line":129,"column":0},"end":{"line":129,"column":23}},"129":{"start":{"line":130,"column":0},"end":{"line":130,"column":22}},"130":{"start":{"line":131,"column":0},"end":{"line":131,"column":58}},"131":{"start":{"line":132,"column":0},"end":{"line":132,"column":9}},"132":{"start":{"line":133,"column":0},"end":{"line":133,"column":28}},"133":{"start":{"line":134,"column":0},"end":{"line":134,"column":15}},"134":{"start":{"line":135,"column":0},"end":{"line":135,"column":5}},"136":{"start":{"line":137,"column":0},"end":{"line":137,"column":9}},"137":{"start":{"line":138,"column":0},"end":{"line":138,"column":50}},"138":{"start":{"line":139,"column":0},"end":{"line":139,"column":50}},"139":{"start":{"line":140,"column":0},"end":{"line":140,"column":48}},"140":{"start":{"line":141,"column":0},"end":{"line":141,"column":71}},"141":{"start":{"line":142,"column":0},"end":{"line":142,"column":46}},"142":{"start":{"line":143,"column":0},"end":{"line":143,"column":30}},"143":{"start":{"line":144,"column":0},"end":{"line":144,"column":48}},"144":{"start":{"line":145,"column":0},"end":{"line":145,"column":77}},"145":{"start":{"line":146,"column":0},"end":{"line":146,"column":82}},"146":{"start":{"line":147,"column":0},"end":{"line":147,"column":46}},"147":{"start":{"line":148,"column":0},"end":{"line":148,"column":28}},"148":{"start":{"line":149,"column":0},"end":{"line":149,"column":5}},"149":{"start":{"line":150,"column":0},"end":{"line":150,"column":3}},"151":{"start":{"line":152,"column":0},"end":{"line":152,"column":10}},"152":{"start":{"line":153,"column":0},"end":{"line":153,"column":30}},"153":{"start":{"line":154,"column":0},"end":{"line":154,"column":10}},"154":{"start":{"line":155,"column":0},"end":{"line":155,"column":47}},"155":{"start":{"line":156,"column":0},"end":{"line":156,"column":16}},"156":{"start":{"line":157,"column":0},"end":{"line":157,"column":15}},"157":{"start":{"line":158,"column":0},"end":{"line":158,"column":22}},"158":{"start":{"line":159,"column":0},"end":{"line":159,"column":21}},"159":{"start":{"line":160,"column":0},"end":{"line":160,"column":6}},"160":{"start":{"line":161,"column":0},"end":{"line":161,"column":4}},"161":{"start":{"line":162,"column":0},"end":{"line":162,"column":1}}},"s":{"16":1,"17":1,"18":1,"19":1,"20":1,"21":1,"22":1,"23":1,"24":1,"25":1,"26":1,"27":1,"28":1,"29":1,"30":1,"31":1,"32":1,"33":1,"34":1,"35":1,"63":1,"64":1,"65":1,"66":1,"67":1,"68":1,"69":1,"70":1,"71":1,"72":1,"73":1,"74":1,"75":1,"76":1,"77":1,"78":1,"79":1,"80":1,"81":1,"82":1,"83":1,"84":1,"85":1,"86":1,"87":1,"88":1,"89":1,"90":1,"91":1,"92":1,"93":1,"96":1,"102":10,"103":10,"104":10,"105":10,"106":10,"107":10,"108":2,"109":2,"110":2,"111":2,"113":8,"114":10,"115":10,"116":10,"117":10,"118":10,"120":10,"121":30,"122":30,"123":30,"125":30,"126":1,"127":1,"128":1,"129":1,"130":1,"131":1,"132":1,"133":1,"134":1,"136":29,"137":29,"138":29,"139":29,"140":29,"141":29,"142":30,"143":0,"144":0,"145":0,"146":0,"147":0,"148":0,"149":30,"151":8,"152":8,"153":8,"154":8,"155":8,"156":8,"157":8,"158":8,"159":8,"160":8,"161":8},"branchMap":{"0":{"type":"branch","line":66,"loc":{"start":{"line":66,"column":41},"end":{"line":66,"column":62}},"locations":[{"start":{"line":66,"column":41},"end":{"line":66,"column":62}}]},"1":{"type":"branch","line":67,"loc":{"start":{"line":67,"column":45},"end":{"line":67,"column":66}},"locations":[{"start":{"line":67,"column":45},"end":{"line":67,"column":66}}]},"2":{"type":"branch","line":68,"loc":{"start":{"line":68,"column":45},"end":{"line":68,"column":66}},"locations":[{"start":{"line":68,"column":45},"end":{"line":68,"column":66}}]},"3":{"type":"branch","line":71,"loc":{"start":{"line":71,"column":35},"end":{"line":71,"column":56}},"locations":[{"start":{"line":71,"column":35},"end":{"line":71,"column":56}}]},"4":{"type":"branch","line":72,"loc":{"start":{"line":72,"column":36},"end":{"line":72,"column":57}},"locations":[{"start":{"line":72,"column":36},"end":{"line":72,"column":57}}]},"5":{"type":"branch","line":73,"loc":{"start":{"line":73,"column":35},"end":{"line":73,"column":56}},"locations":[{"start":{"line":73,"column":35},"end":{"line":73,"column":56}}]},"6":{"type":"branch","line":74,"loc":{"start":{"line":74,"column":44},"end":{"line":74,"column":65}},"locations":[{"start":{"line":74,"column":44},"end":{"line":74,"column":65}}]},"7":{"type":"branch","line":77,"loc":{"start":{"line":77,"column":36},"end":{"line":77,"column":47}},"locations":[{"start":{"line":77,"column":36},"end":{"line":77,"column":47}}]},"8":{"type":"branch","line":78,"loc":{"start":{"line":78,"column":37},"end":{"line":78,"column":99}},"locations":[{"start":{"line":78,"column":37},"end":{"line":78,"column":99}}]},"9":{"type":"branch","line":79,"loc":{"start":{"line":79,"column":45},"end":{"line":79,"column":66}},"locations":[{"start":{"line":79,"column":45},"end":{"line":79,"column":66}}]},"10":{"type":"branch","line":80,"loc":{"start":{"line":80,"column":43},"end":{"line":80,"column":54}},"locations":[{"start":{"line":80,"column":43},"end":{"line":80,"column":54}}]},"11":{"type":"branch","line":83,"loc":{"start":{"line":83,"column":36},"end":{"line":83,"column":47}},"locations":[{"start":{"line":83,"column":36},"end":{"line":83,"column":47}}]},"12":{"type":"branch","line":84,"loc":{"start":{"line":84,"column":35},"end":{"line":84,"column":56}},"locations":[{"start":{"line":84,"column":35},"end":{"line":84,"column":56}}]},"13":{"type":"branch","line":85,"loc":{"start":{"line":85,"column":43},"end":{"line":85,"column":64}},"locations":[{"start":{"line":85,"column":43},"end":{"line":85,"column":64}}]},"14":{"type":"branch","line":86,"loc":{"start":{"line":86,"column":41},"end":{"line":86,"column":62}},"locations":[{"start":{"line":86,"column":41},"end":{"line":86,"column":62}}]},"15":{"type":"branch","line":89,"loc":{"start":{"line":89,"column":36},"end":{"line":89,"column":47}},"locations":[{"start":{"line":89,"column":36},"end":{"line":89,"column":47}}]},"16":{"type":"branch","line":90,"loc":{"start":{"line":90,"column":41},"end":{"line":90,"column":52}},"locations":[{"start":{"line":90,"column":41},"end":{"line":90,"column":52}}]},"17":{"type":"branch","line":91,"loc":{"start":{"line":91,"column":43},"end":{"line":91,"column":54}},"locations":[{"start":{"line":91,"column":43},"end":{"line":91,"column":54}}]},"18":{"type":"branch","line":92,"loc":{"start":{"line":92,"column":39},"end":{"line":92,"column":60}},"locations":[{"start":{"line":92,"column":39},"end":{"line":92,"column":60}}]},"19":{"type":"branch","line":103,"loc":{"start":{"line":103,"column":0},"end":{"line":162,"column":1}},"locations":[{"start":{"line":103,"column":0},"end":{"line":162,"column":1}}]},"20":{"type":"branch","line":108,"loc":{"start":{"line":108,"column":20},"end":{"line":112,"column":3}},"locations":[{"start":{"line":108,"column":20},"end":{"line":112,"column":3}}]},"21":{"type":"branch","line":112,"loc":{"start":{"line":112,"column":2},"end":{"line":114,"column":41}},"locations":[{"start":{"line":112,"column":2},"end":{"line":114,"column":41}}]},"22":{"type":"branch","line":121,"loc":{"start":{"line":121,"column":34},"end":{"line":150,"column":3}},"locations":[{"start":{"line":121,"column":34},"end":{"line":150,"column":3}}]},"23":{"type":"branch","line":126,"loc":{"start":{"line":126,"column":15},"end":{"line":135,"column":5}},"locations":[{"start":{"line":126,"column":15},"end":{"line":135,"column":5}}]},"24":{"type":"branch","line":135,"loc":{"start":{"line":135,"column":4},"end":{"line":143,"column":13}},"locations":[{"start":{"line":135,"column":4},"end":{"line":143,"column":13}}]},"25":{"type":"branch","line":143,"loc":{"start":{"line":143,"column":4},"end":{"line":149,"column":5}},"locations":[{"start":{"line":143,"column":4},"end":{"line":149,"column":5}}]},"26":{"type":"branch","line":150,"loc":{"start":{"line":150,"column":2},"end":{"line":162,"column":1}},"locations":[{"start":{"line":150,"column":2},"end":{"line":162,"column":1}}]}},"b":{"0":[2],"1":[2],"2":[2],"3":[1],"4":[2],"5":[2],"6":[2],"7":[1],"8":[1],"9":[1],"10":[1],"11":[2],"12":[2],"13":[2],"14":[2],"15":[1],"16":[1],"17":[1],"18":[1],"19":[10],"20":[2],"21":[8],"22":[30],"23":[1],"24":[29],"25":[0],"26":[8]},"fnMap":{"0":{"name":"params","decl":{"start":{"line":66,"column":41},"end":{"line":66,"column":62}},"loc":{"start":{"line":66,"column":41},"end":{"line":66,"column":62}},"line":66},"1":{"name":"params","decl":{"start":{"line":67,"column":45},"end":{"line":67,"column":66}},"loc":{"start":{"line":67,"column":45},"end":{"line":67,"column":66}},"line":67},"2":{"name":"params","decl":{"start":{"line":68,"column":45},"end":{"line":68,"column":66}},"loc":{"start":{"line":68,"column":45},"end":{"line":68,"column":66}},"line":68},"3":{"name":"params","decl":{"start":{"line":71,"column":35},"end":{"line":71,"column":56}},"loc":{"start":{"line":71,"column":35},"end":{"line":71,"column":56}},"line":71},"4":{"name":"params","decl":{"start":{"line":72,"column":36},"end":{"line":72,"column":57}},"loc":{"start":{"line":72,"column":36},"end":{"line":72,"column":57}},"line":72},"5":{"name":"params","decl":{"start":{"line":73,"column":35},"end":{"line":73,"column":56}},"loc":{"start":{"line":73,"column":35},"end":{"line":73,"column":56}},"line":73},"6":{"name":"params","decl":{"start":{"line":74,"column":44},"end":{"line":74,"column":65}},"loc":{"start":{"line":74,"column":44},"end":{"line":74,"column":65}},"line":74},"7":{"name":"params","decl":{"start":{"line":77,"column":36},"end":{"line":77,"column":47}},"loc":{"start":{"line":77,"column":36},"end":{"line":77,"column":47}},"line":77},"8":{"name":"params","decl":{"start":{"line":78,"column":37},"end":{"line":78,"column":99}},"loc":{"start":{"line":78,"column":37},"end":{"line":78,"column":99}},"line":78},"9":{"name":"params","decl":{"start":{"line":79,"column":45},"end":{"line":79,"column":66}},"loc":{"start":{"line":79,"column":45},"end":{"line":79,"column":66}},"line":79},"10":{"name":"params","decl":{"start":{"line":80,"column":43},"end":{"line":80,"column":54}},"loc":{"start":{"line":80,"column":43},"end":{"line":80,"column":54}},"line":80},"11":{"name":"params","decl":{"start":{"line":83,"column":36},"end":{"line":83,"column":47}},"loc":{"start":{"line":83,"column":36},"end":{"line":83,"column":47}},"line":83},"12":{"name":"params","decl":{"start":{"line":84,"column":35},"end":{"line":84,"column":56}},"loc":{"start":{"line":84,"column":35},"end":{"line":84,"column":56}},"line":84},"13":{"name":"params","decl":{"start":{"line":85,"column":43},"end":{"line":85,"column":64}},"loc":{"start":{"line":85,"column":43},"end":{"line":85,"column":64}},"line":85},"14":{"name":"params","decl":{"start":{"line":86,"column":41},"end":{"line":86,"column":62}},"loc":{"start":{"line":86,"column":41},"end":{"line":86,"column":62}},"line":86},"15":{"name":"params","decl":{"start":{"line":89,"column":36},"end":{"line":89,"column":47}},"loc":{"start":{"line":89,"column":36},"end":{"line":89,"column":47}},"line":89},"16":{"name":"params","decl":{"start":{"line":90,"column":41},"end":{"line":90,"column":52}},"loc":{"start":{"line":90,"column":41},"end":{"line":90,"column":52}},"line":90},"17":{"name":"params","decl":{"start":{"line":91,"column":43},"end":{"line":91,"column":54}},"loc":{"start":{"line":91,"column":43},"end":{"line":91,"column":54}},"line":91},"18":{"name":"params","decl":{"start":{"line":92,"column":39},"end":{"line":92,"column":60}},"loc":{"start":{"line":92,"column":39},"end":{"line":92,"column":60}},"line":92},"19":{"name":"handleDriftWorkflow","decl":{"start":{"line":103,"column":0},"end":{"line":162,"column":1}},"loc":{"start":{"line":103,"column":0},"end":{"line":162,"column":1}},"line":103}},"f":{"0":2,"1":2,"2":2,"3":1,"4":2,"5":2,"6":2,"7":1,"8":1,"9":1,"10":1,"11":2,"12":2,"13":2,"14":2,"15":1,"16":1,"17":1,"18":1,"19":10}}
,"/Users/geoffreyfernald/driftv2/packages/drift-mcp/src/tools/index.ts": {"path":"/Users/geoffreyfernald/driftv2/packages/drift-mcp/src/tools/index.ts","all":false,"statementMap":{"10":{"start":{"line":11,"column":0},"end":{"line":11,"column":75}},"11":{"start":{"line":12,"column":0},"end":{"line":12,"column":78}},"12":{"start":{"line":13,"column":0},"end":{"line":13,"column":69}},"13":{"start":{"line":14,"column":0},"end":{"line":14,"column":8}},"18":{"start":{"line":19,"column":0},"end":{"line":19,"column":81}},"19":{"start":{"line":20,"column":0},"end":{"line":20,"column":81}},"26":{"start":{"line":27,"column":0},"end":{"line":27,"column":77}},"27":{"start":{"line":28,"column":0},"end":{"line":28,"column":37}},"30":{"start":{"line":31,"column":0},"end":{"line":31,"column":14}},"31":{"start":{"line":32,"column":0},"end":{"line":32,"column":19}},"32":{"start":{"line":33,"column":0},"end":{"line":33,"column":138}},"33":{"start":{"line":34,"column":0},"end":{"line":34,"column":24}},"34":{"start":{"line":35,"column":0},"end":{"line":35,"column":17}},"35":{"start":{"line":36,"column":0},"end":{"line":36,"column":47}},"36":{"start":{"line":37,"column":0},"end":{"line":37,"column":93}},"37":{"start":{"line":38,"column":0},"end":{"line":38,"column":6}},"38":{"start":{"line":39,"column":0},"end":{"line":39,"column":4}},"41":{"start":{"line":42,"column":0},"end":{"line":42,"column":14}},"42":{"start":{"line":43,"column":0},"end":{"line":43,"column":20}},"43":{"start":{"line":44,"column":0},"end":{"line":44,"column":169}},"44":{"start":{"line":45,"column":0},"end":{"line":45,"column":25}},"45":{"start":{"line":46,"column":0},"end":{"line":46,"column":23}},"46":{"start":{"line":47,"column":0},"end":{"line":47,"column":98}},"47":{"start":{"line":48,"column":0},"end":{"line":48,"column":93}},"48":{"start":{"line":49,"column":0},"end":{"line":49,"column":6}},"49":{"start":{"line":50,"column":0},"end":{"line":50,"column":4}},"52":{"start":{"line":53,"column":0},"end":{"line":53,"column":14}},"53":{"start":{"line":54,"column":0},"end":{"line":54,"column":17}},"54":{"start":{"line":55,"column":0},"end":{"line":55,"column":140}},"55":{"start":{"line":56,"column":0},"end":{"line":56,"column":22}},"56":{"start":{"line":57,"column":0},"end":{"line":57,"column":23}},"57":{"start":{"line":58,"column":0},"end":{"line":58,"column":92}},"58":{"start":{"line":59,"column":0},"end":{"line":59,"column":93}},"59":{"start":{"line":60,"column":0},"end":{"line":60,"column":6}},"60":{"start":{"line":61,"column":0},"end":{"line":61,"column":4}},"63":{"start":{"line":64,"column":0},"end":{"line":64,"column":14}},"64":{"start":{"line":65,"column":0},"end":{"line":65,"column":17}},"65":{"start":{"line":66,"column":0},"end":{"line":66,"column":238}},"66":{"start":{"line":67,"column":0},"end":{"line":67,"column":22}},"67":{"start":{"line":68,"column":0},"end":{"line":68,"column":23}},"68":{"start":{"line":69,"column":0},"end":{"line":69,"column":43}},"69":{"start":{"line":70,"column":0},"end":{"line":70,"column":56}},"70":{"start":{"line":71,"column":0},"end":{"line":71,"column":16}},"71":{"start":{"line":72,"column":0},"end":{"line":72,"column":8}},"72":{"start":{"line":73,"column":0},"end":{"line":73,"column":93}},"73":{"start":{"line":74,"column":0},"end":{"line":74,"column":6}},"74":{"start":{"line":75,"column":0},"end":{"line":75,"column":4}},"77":{"start":{"line":78,"column":0},"end":{"line":78,"column":14}},"78":{"start":{"line":79,"column":0},"end":{"line":79,"column":21}},"79":{"start":{"line":80,"column":0},"end":{"line":80,"column":164}},"80":{"start":{"line":81,"column":0},"end":{"line":81,"column":26}},"81":{"start":{"line":82,"column":0},"end":{"line":82,"column":23}},"82":{"start":{"line":83,"column":0},"end":{"line":83,"column":41}},"83":{"start":{"line":84,"column":0},"end":{"line":84,"column":60}},"84":{"start":{"line":85,"column":0},"end":{"line":85,"column":16}},"85":{"start":{"line":86,"column":0},"end":{"line":86,"column":8}},"86":{"start":{"line":87,"column":0},"end":{"line":87,"column":93}},"87":{"start":{"line":88,"column":0},"end":{"line":88,"column":6}},"88":{"start":{"line":89,"column":0},"end":{"line":89,"column":4}},"91":{"start":{"line":92,"column":0},"end":{"line":92,"column":14}},"92":{"start":{"line":93,"column":0},"end":{"line":93,"column":21}},"93":{"start":{"line":94,"column":0},"end":{"line":94,"column":186}},"94":{"start":{"line":95,"column":0},"end":{"line":95,"column":26}},"95":{"start":{"line":96,"column":0},"end":{"line":96,"column":23}},"96":{"start":{"line":97,"column":0},"end":{"line":97,"column":47}},"97":{"start":{"line":98,"column":0},"end":{"line":98,"column":60}},"98":{"start":{"line":99,"column":0},"end":{"line":99,"column":16}},"99":{"start":{"line":100,"column":0},"end":{"line":100,"column":8}},"100":{"start":{"line":101,"column":0},"end":{"line":101,"column":93}},"101":{"start":{"line":102,"column":0},"end":{"line":102,"column":6}},"102":{"start":{"line":103,"column":0},"end":{"line":103,"column":4}},"104":{"start":{"line":105,"column":0},"end":{"line":105,"column":17}},"105":{"start":{"line":106,"column":0},"end":{"line":106,"column":1}},"107":{"start":{"line":108,"column":0},"end":{"line":108,"column":54}},"108":{"start":{"line":109,"column":0},"end":{"line":109,"column":56}},"109":{"start":{"line":110,"column":0},"end":{"line":110,"column":50}},"110":{"start":{"line":111,"column":0},"end":{"line":111,"column":68}},"111":{"start":{"line":112,"column":0},"end":{"line":112,"column":58}},"112":{"start":{"line":113,"column":0},"end":{"line":113,"column":58}}},"s":{"10":1,"11":1,"12":1,"13":1,"18":1,"19":1,"26":1,"27":4,"30":4,"31":4,"32":4,"33":4,"34":4,"35":0,"36":0,"37":0,"38":4,"41":4,"42":4,"43":4,"44":4,"45":4,"46":0,"47":0,"48":0,"49":4,"52":4,"53":4,"54":4,"55":4,"56":4,"57":0,"58":0,"59":0,"60":4,"63":4,"64":4,"65":4,"66":4,"67":4,"68":0,"69":0,"70":0,"71":0,"72":0,"73":0,"74":4,"77":4,"78":4,"79":4,"80":4,"81":4,"82":0,"83":0,"84":0,"85":0,"86":0,"87":0,"88":4,"91":4,"92":4,"93":4,"94":4,"95":4,"96":0,"97":0,"98":0,"99":0,"100":0,"101":0,"102":4,"104":4,"105":4,"107":1,"108":1,"109":1,"110":1,"111":1,"112":1},"branchMap":{"0":{"type":"branch","line":27,"loc":{"start":{"line":27,"column":7},"end":{"line":106,"column":1}},"locations":[{"start":{"line":27,"column":7},"end":{"line":106,"column":1}}]}},"b":{"0":[4]},"fnMap":{"0":{"name":"registerTools","decl":{"start":{"line":27,"column":7},"end":{"line":106,"column":1}},"loc":{"start":{"line":27,"column":7},"end":{"line":106,"column":1}},"line":27}},"f":{"0":4}}
}
